<?xml version="1.0" encoding="utf-8"?>
<CoverageSession xmlns:xsd="http://www.w3.org/2001/XMLSchema" xmlns:xsi="http://www.w3.org/2001/XMLSchema-instance" Version="4.6.0.0">
  <Summary numSequencePoints="746" visitedSequencePoints="57" numBranchPoints="177" visitedBranchPoints="10" sequenceCoverage="7.64" branchCoverage="5.65" maxCyclomaticComplexity="44" minCyclomaticComplexity="1" maxCrapScore="1980" minCrapScore="1" visitedClasses="5" numClasses="27" visitedMethods="8" numMethods="79" />
  <Modules>
    <Module hash="9E-4D-1D-FF-E1-3F-5A-D7-25-69-ED-77-48-54-E5-5E-44-B6-0D-4B">
      <Summary numSequencePoints="36" visitedSequencePoints="35" numBranchPoints="7" visitedBranchPoints="6" sequenceCoverage="97.22" branchCoverage="85.71" maxCyclomaticComplexity="2" minCyclomaticComplexity="1" maxCrapScore="2" minCrapScore="1" visitedClasses="3" numClasses="3" visitedMethods="4" numMethods="5" />
      <ModulePath>C:\Users\msogamoso\Downloads\cmder\GoodPracticesChallenge-dev\TestingGoodPractices\bin\Debug\TestingGoodPractices.dll</ModulePath>
      <ModuleTime>2018-08-17T19:57:40.0312395Z</ModuleTime>
      <ModuleName>TestingGoodPractices</ModuleName>
      <Files>
        <File uid="1" fullPath="C:\Users\msogamoso\Downloads\cmder\GoodPracticesChallenge-dev\TestingGoodPractices\GeneralMock.cs" />
        <File uid="3" fullPath="C:\Users\msogamoso\Downloads\cmder\GoodPracticesChallenge-dev\TestingGoodPractices\SubjectDAOTest.cs" />
      </Files>
      <Classes>
        <Class>
          <Summary numSequencePoints="10" visitedSequencePoints="10" numBranchPoints="1" visitedBranchPoints="1" sequenceCoverage="100" branchCoverage="100" maxCyclomaticComplexity="1" minCyclomaticComplexity="1" maxCrapScore="2" minCrapScore="1" visitedClasses="1" numClasses="1" visitedMethods="1" numMethods="1" />
          <FullName>TestingGoodPractices.GeneralMock</FullName>
          <Methods>
            <Method visited="true" cyclomaticComplexity="1" nPathComplexity="0" sequenceCoverage="100" branchCoverage="100" crapScore="1" isConstructor="false" isStatic="true" isGetter="false" isSetter="false">
              <Summary numSequencePoints="10" visitedSequencePoints="10" numBranchPoints="1" visitedBranchPoints="1" sequenceCoverage="100" branchCoverage="100" maxCyclomaticComplexity="1" minCyclomaticComplexity="1" maxCrapScore="1" minCrapScore="1" visitedClasses="0" numClasses="0" visitedMethods="1" numMethods="1" />
              <MetadataToken>100663297</MetadataToken>
              <Name>Moq.Mock`1&lt;System.Data.Entity.DbSet`1&lt;T&gt;&gt; TestingGoodPractices.GeneralMock::GetQueryableMockDbSet(System.Collections.Generic.List`1&lt;T&gt;)</Name>
              <FileRef uid="1" />
              <SequencePoints>
                <SequencePoint vc="1" uspid="1" ordinal="0" offset="6" sl="14" sc="3" el="14" ec="4" bec="0" bev="0" fileid="1">
                  <TrackedMethodRefs>
                    <TrackedMethodRef uid="1" vc="1" />
                  </TrackedMethodRefs>
                </SequencePoint>
                <SequencePoint vc="1" uspid="2" ordinal="1" offset="7" sl="15" sc="4" el="15" ec="45" bec="0" bev="0" fileid="1">
                  <TrackedMethodRefs>
                    <TrackedMethodRef uid="1" vc="1" />
                  </TrackedMethodRefs>
                </SequencePoint>
                <SequencePoint vc="1" uspid="3" ordinal="2" offset="19" sl="17" sc="4" el="17" ec="37" bec="0" bev="0" fileid="1">
                  <TrackedMethodRefs>
                    <TrackedMethodRef uid="1" vc="1" />
                  </TrackedMethodRefs>
                </SequencePoint>
                <SequencePoint vc="1" uspid="4" ordinal="3" offset="30" sl="18" sc="4" el="18" ec="81" bec="0" bev="0" fileid="1">
                  <TrackedMethodRefs>
                    <TrackedMethodRef uid="1" vc="1" />
                  </TrackedMethodRefs>
                </SequencePoint>
                <SequencePoint vc="1" uspid="5" ordinal="4" offset="120" sl="19" sc="4" el="19" ec="85" bec="0" bev="0" fileid="1">
                  <TrackedMethodRefs>
                    <TrackedMethodRef uid="1" vc="1" />
                  </TrackedMethodRefs>
                </SequencePoint>
                <SequencePoint vc="1" uspid="6" ordinal="5" offset="210" sl="20" sc="4" el="20" ec="87" bec="0" bev="0" fileid="1">
                  <TrackedMethodRefs>
                    <TrackedMethodRef uid="1" vc="1" />
                  </TrackedMethodRefs>
                </SequencePoint>
                <SequencePoint vc="1" uspid="7" ordinal="6" offset="300" sl="21" sc="4" el="21" ec="101" bec="0" bev="0" fileid="1">
                  <TrackedMethodRefs>
                    <TrackedMethodRef uid="1" vc="1" />
                  </TrackedMethodRefs>
                </SequencePoint>
                <SequencePoint vc="1" uspid="8" ordinal="7" offset="401" sl="22" sc="4" el="22" ec="80" bec="0" bev="0" fileid="1">
                  <TrackedMethodRefs>
                    <TrackedMethodRef uid="1" vc="1" />
                  </TrackedMethodRefs>
                </SequencePoint>
                <SequencePoint vc="1" uspid="9" ordinal="8" offset="527" sl="23" sc="4" el="23" ec="17" bec="0" bev="0" fileid="1">
                  <TrackedMethodRefs>
                    <TrackedMethodRef uid="1" vc="1" />
                  </TrackedMethodRefs>
                </SequencePoint>
                <SequencePoint vc="1" uspid="10" ordinal="9" offset="536" sl="24" sc="3" el="24" ec="4" bec="0" bev="0" fileid="1">
                  <TrackedMethodRefs>
                    <TrackedMethodRef uid="1" vc="1" />
                  </TrackedMethodRefs>
                </SequencePoint>
              </SequencePoints>
              <BranchPoints />
              <MethodPoint vc="1" uspid="11" ordinal="0" offset="0">
                <TrackedMethodRefs>
                  <TrackedMethodRef uid="1" vc="1" />
                </TrackedMethodRefs>
              </MethodPoint>
            </Method>
            <Method visited="false" cyclomaticComplexity="1" nPathComplexity="0" sequenceCoverage="0" branchCoverage="0" crapScore="2" isConstructor="true" isStatic="false" isGetter="false" isSetter="false">
              <Summary numSequencePoints="0" visitedSequencePoints="0" numBranchPoints="0" visitedBranchPoints="0" sequenceCoverage="0" branchCoverage="0" maxCyclomaticComplexity="1" minCyclomaticComplexity="1" maxCrapScore="2" minCrapScore="2" visitedClasses="0" numClasses="0" visitedMethods="0" numMethods="0" />
              <MetadataToken>100663298</MetadataToken>
              <Name>System.Void TestingGoodPractices.GeneralMock::.ctor()</Name>
              <SequencePoints />
              <BranchPoints />
              <MethodPoint vc="0" uspid="12" ordinal="0" offset="0" />
            </Method>
          </Methods>
        </Class>
        <Class>
          <Summary numSequencePoints="2" visitedSequencePoints="1" numBranchPoints="2" visitedBranchPoints="1" sequenceCoverage="50" branchCoverage="50" maxCyclomaticComplexity="1" minCyclomaticComplexity="1" maxCrapScore="2" minCrapScore="1" visitedClasses="1" numClasses="1" visitedMethods="1" numMethods="2" />
          <FullName>TestingGoodPractices.GeneralMock/&lt;&gt;c__DisplayClass0_0`1</FullName>
          <Methods>
            <Method visited="false" cyclomaticComplexity="1" nPathComplexity="0" sequenceCoverage="0" branchCoverage="0" crapScore="2" isConstructor="true" isStatic="false" isGetter="false" isSetter="false">
              <Summary numSequencePoints="0" visitedSequencePoints="0" numBranchPoints="0" visitedBranchPoints="0" sequenceCoverage="0" branchCoverage="0" maxCyclomaticComplexity="1" minCyclomaticComplexity="1" maxCrapScore="2" minCrapScore="2" visitedClasses="0" numClasses="0" visitedMethods="0" numMethods="0" />
              <MetadataToken>100663302</MetadataToken>
              <Name>System.Void TestingGoodPractices.GeneralMock/&lt;&gt;c__DisplayClass0_0`1::.ctor()</Name>
              <SequencePoints />
              <BranchPoints />
              <MethodPoint vc="0" uspid="13" ordinal="0" offset="0" />
            </Method>
            <Method visited="true" cyclomaticComplexity="1" nPathComplexity="0" sequenceCoverage="100" branchCoverage="100" crapScore="1" isConstructor="false" isStatic="false" isGetter="false" isSetter="false">
              <Summary numSequencePoints="1" visitedSequencePoints="1" numBranchPoints="1" visitedBranchPoints="1" sequenceCoverage="100" branchCoverage="100" maxCyclomaticComplexity="1" minCyclomaticComplexity="1" maxCrapScore="1" minCrapScore="1" visitedClasses="0" numClasses="0" visitedMethods="1" numMethods="1" />
              <MetadataToken>100663303</MetadataToken>
              <Name>System.Collections.Generic.IEnumerator`1&lt;T&gt; TestingGoodPractices.GeneralMock/&lt;&gt;c__DisplayClass0_0`1::&lt;GetQueryableMockDbSet&gt;b__4()</Name>
              <FileRef uid="1" />
              <SequencePoints>
                <SequencePoint vc="1" uspid="14" ordinal="0" offset="0" sl="21" sc="74" el="21" ec="99" bec="0" bev="0" fileid="1">
                  <TrackedMethodRefs>
                    <TrackedMethodRef uid="1" vc="1" />
                  </TrackedMethodRefs>
                </SequencePoint>
              </SequencePoints>
              <BranchPoints />
              <MethodPoint xsi:type="SequencePoint" vc="1" uspid="14" ordinal="0" offset="0" sl="21" sc="74" el="21" ec="99" bec="0" bev="0" fileid="1">
                <TrackedMethodRefs>
                  <TrackedMethodRef uid="1" vc="1" />
                </TrackedMethodRefs>
              </MethodPoint>
            </Method>
            <Method visited="false" cyclomaticComplexity="1" nPathComplexity="0" sequenceCoverage="0" branchCoverage="0" crapScore="2" isConstructor="false" isStatic="false" isGetter="false" isSetter="false">
              <Summary numSequencePoints="1" visitedSequencePoints="0" numBranchPoints="1" visitedBranchPoints="0" sequenceCoverage="0" branchCoverage="0" maxCyclomaticComplexity="1" minCyclomaticComplexity="1" maxCrapScore="2" minCrapScore="2" visitedClasses="0" numClasses="0" visitedMethods="0" numMethods="1" />
              <MetadataToken>100663304</MetadataToken>
              <Name>System.Data.Entity.Infrastructure.DbQuery`1&lt;T&gt; TestingGoodPractices.GeneralMock/&lt;&gt;c__DisplayClass0_0`1::&lt;GetQueryableMockDbSet&gt;b__6()</Name>
              <FileRef uid="1" />
              <SequencePoints>
                <SequencePoint vc="0" uspid="15" ordinal="0" offset="0" sl="22" sc="66" el="22" ec="78" bec="0" bev="0" fileid="1" />
              </SequencePoints>
              <BranchPoints />
              <MethodPoint xsi:type="SequencePoint" vc="0" uspid="15" ordinal="0" offset="0" sl="22" sc="66" el="22" ec="78" bec="0" bev="0" fileid="1" />
            </Method>
          </Methods>
        </Class>
        <Class>
          <Summary numSequencePoints="0" visitedSequencePoints="0" numBranchPoints="0" visitedBranchPoints="0" sequenceCoverage="0" branchCoverage="0" maxCyclomaticComplexity="1" minCyclomaticComplexity="1" maxCrapScore="2" minCrapScore="2" visitedClasses="0" numClasses="0" visitedMethods="0" numMethods="0" />
          <FullName>TestingGoodPractices.GeneralMock/&lt;&gt;c__0`1</FullName>
          <Methods>
            <Method visited="false" cyclomaticComplexity="1" nPathComplexity="0" sequenceCoverage="0" branchCoverage="0" crapScore="2" isConstructor="true" isStatic="true" isGetter="false" isSetter="false">
              <Summary numSequencePoints="0" visitedSequencePoints="0" numBranchPoints="0" visitedBranchPoints="0" sequenceCoverage="0" branchCoverage="0" maxCyclomaticComplexity="1" minCyclomaticComplexity="1" maxCrapScore="2" minCrapScore="2" visitedClasses="0" numClasses="0" visitedMethods="0" numMethods="0" />
              <MetadataToken>100663305</MetadataToken>
              <Name>System.Void TestingGoodPractices.GeneralMock/&lt;&gt;c__0`1::.cctor()</Name>
              <SequencePoints />
              <BranchPoints />
              <MethodPoint vc="0" uspid="16" ordinal="0" offset="0" />
            </Method>
            <Method visited="false" cyclomaticComplexity="1" nPathComplexity="0" sequenceCoverage="0" branchCoverage="0" crapScore="2" isConstructor="true" isStatic="false" isGetter="false" isSetter="false">
              <Summary numSequencePoints="0" visitedSequencePoints="0" numBranchPoints="0" visitedBranchPoints="0" sequenceCoverage="0" branchCoverage="0" maxCyclomaticComplexity="1" minCyclomaticComplexity="1" maxCrapScore="2" minCrapScore="2" visitedClasses="0" numClasses="0" visitedMethods="0" numMethods="0" />
              <MetadataToken>100663306</MetadataToken>
              <Name>System.Void TestingGoodPractices.GeneralMock/&lt;&gt;c__0`1::.ctor()</Name>
              <SequencePoints />
              <BranchPoints />
              <MethodPoint vc="0" uspid="17" ordinal="0" offset="0" />
            </Method>
          </Methods>
        </Class>
        <Class>
          <Summary numSequencePoints="24" visitedSequencePoints="24" numBranchPoints="4" visitedBranchPoints="4" sequenceCoverage="100" branchCoverage="100" maxCyclomaticComplexity="2" minCyclomaticComplexity="1" maxCrapScore="2" minCrapScore="1" visitedClasses="1" numClasses="1" visitedMethods="2" numMethods="2" />
          <FullName>TestingGoodPractices.SubjectDAOTest</FullName>
          <Methods>
            <Method visited="true" cyclomaticComplexity="2" nPathComplexity="2" sequenceCoverage="100" branchCoverage="100" crapScore="2" isConstructor="false" isStatic="false" isGetter="false" isSetter="false">
              <Summary numSequencePoints="20" visitedSequencePoints="20" numBranchPoints="3" visitedBranchPoints="3" sequenceCoverage="100" branchCoverage="100" maxCyclomaticComplexity="2" minCyclomaticComplexity="2" maxCrapScore="2" minCrapScore="2" visitedClasses="0" numClasses="0" visitedMethods="1" numMethods="1" />
              <MetadataToken>100663299</MetadataToken>
              <Name>System.Void TestingGoodPractices.SubjectDAOTest::ListOfSubjects_Is_Shown()</Name>
              <FileRef uid="3" />
              <SequencePoints>
                <SequencePoint vc="1" uspid="18" ordinal="0" offset="0" sl="18" sc="3" el="18" ec="4" bec="0" bev="0" fileid="3">
                  <TrackedMethodRefs>
                    <TrackedMethodRef uid="1" vc="1" />
                  </TrackedMethodRefs>
                </SequencePoint>
                <SequencePoint vc="1" uspid="19" ordinal="1" offset="1" sl="21" sc="4" el="21" ec="70" bec="0" bev="0" fileid="3">
                  <TrackedMethodRefs>
                    <TrackedMethodRef uid="1" vc="1" />
                  </TrackedMethodRefs>
                </SequencePoint>
                <SequencePoint vc="1" uspid="20" ordinal="2" offset="13" sl="22" sc="4" el="22" ec="47" bec="0" bev="0" fileid="3">
                  <TrackedMethodRefs>
                    <TrackedMethodRef uid="1" vc="1" />
                  </TrackedMethodRefs>
                </SequencePoint>
                <SequencePoint vc="1" uspid="21" ordinal="3" offset="19" sl="23" sc="4" el="23" ec="51" bec="0" bev="0" fileid="3">
                  <TrackedMethodRefs>
                    <TrackedMethodRef uid="1" vc="1" />
                  </TrackedMethodRefs>
                </SequencePoint>
                <SequencePoint vc="1" uspid="22" ordinal="4" offset="25" sl="24" sc="4" el="24" ec="63" bec="0" bev="0" fileid="3">
                  <TrackedMethodRefs>
                    <TrackedMethodRef uid="1" vc="1" />
                  </TrackedMethodRefs>
                </SequencePoint>
                <SequencePoint vc="1" uspid="23" ordinal="5" offset="103" sl="25" sc="4" el="25" ec="71" bec="0" bev="0" fileid="3">
                  <TrackedMethodRefs>
                    <TrackedMethodRef uid="1" vc="1" />
                  </TrackedMethodRefs>
                </SequencePoint>
                <SequencePoint vc="1" uspid="24" ordinal="6" offset="121" sl="26" sc="4" el="26" ec="36" bec="0" bev="0" fileid="3">
                  <TrackedMethodRefs>
                    <TrackedMethodRef uid="1" vc="1" />
                  </TrackedMethodRefs>
                </SequencePoint>
                <SequencePoint vc="1" uspid="25" ordinal="7" offset="129" sl="28" sc="4" el="28" ec="28" bec="0" bev="0" fileid="3">
                  <TrackedMethodRefs>
                    <TrackedMethodRef uid="1" vc="1" />
                  </TrackedMethodRefs>
                </SequencePoint>
                <SequencePoint vc="1" uspid="26" ordinal="8" offset="137" sl="30" sc="4" el="30" ec="29" bec="0" bev="0" fileid="3">
                  <TrackedMethodRefs>
                    <TrackedMethodRef uid="1" vc="1" />
                  </TrackedMethodRefs>
                </SequencePoint>
                <SequencePoint vc="1" uspid="27" ordinal="9" offset="145" sl="31" sc="4" el="31" ec="49" bec="0" bev="0" fileid="3">
                  <TrackedMethodRefs>
                    <TrackedMethodRef uid="1" vc="1" />
                  </TrackedMethodRefs>
                </SequencePoint>
                <SequencePoint vc="1" uspid="28" ordinal="10" offset="165" sl="32" sc="9" el="32" ec="21" bec="0" bev="0" fileid="3">
                  <TrackedMethodRefs>
                    <TrackedMethodRef uid="1" vc="1" />
                  </TrackedMethodRefs>
                </SequencePoint>
                <SequencePoint vc="7" uspid="29" ordinal="11" offset="173" sl="33" sc="4" el="33" ec="5" bec="0" bev="0" fileid="3">
                  <TrackedMethodRefs>
                    <TrackedMethodRef uid="1" vc="7" />
                  </TrackedMethodRefs>
                </SequencePoint>
                <SequencePoint vc="7" uspid="30" ordinal="12" offset="174" sl="34" sc="5" el="34" ec="67" bec="0" bev="0" fileid="3">
                  <TrackedMethodRefs>
                    <TrackedMethodRef uid="1" vc="7" />
                  </TrackedMethodRefs>
                </SequencePoint>
                <SequencePoint vc="7" uspid="31" ordinal="13" offset="208" sl="35" sc="5" el="35" ec="75" bec="0" bev="0" fileid="3">
                  <TrackedMethodRefs>
                    <TrackedMethodRef uid="1" vc="7" />
                  </TrackedMethodRefs>
                </SequencePoint>
                <SequencePoint vc="7" uspid="32" ordinal="14" offset="242" sl="36" sc="5" el="36" ec="57" bec="0" bev="0" fileid="3">
                  <TrackedMethodRefs>
                    <TrackedMethodRef uid="1" vc="7" />
                  </TrackedMethodRefs>
                </SequencePoint>
                <SequencePoint vc="7" uspid="33" ordinal="15" offset="276" sl="37" sc="5" el="37" ec="61" bec="0" bev="0" fileid="3">
                  <TrackedMethodRefs>
                    <TrackedMethodRef uid="1" vc="7" />
                  </TrackedMethodRefs>
                </SequencePoint>
                <SequencePoint vc="7" uspid="34" ordinal="16" offset="310" sl="38" sc="4" el="38" ec="5" bec="0" bev="0" fileid="3">
                  <TrackedMethodRefs>
                    <TrackedMethodRef uid="1" vc="7" />
                  </TrackedMethodRefs>
                </SequencePoint>
                <SequencePoint vc="7" uspid="35" ordinal="17" offset="311" sl="32" sc="44" el="32" ec="50" bec="0" bev="0" fileid="3">
                  <TrackedMethodRefs>
                    <TrackedMethodRef uid="1" vc="7" />
                  </TrackedMethodRefs>
                </SequencePoint>
                <SequencePoint vc="8" uspid="36" ordinal="18" offset="317" sl="32" sc="23" el="32" ec="42" bec="2" bev="2" fileid="3">
                  <TrackedMethodRefs>
                    <TrackedMethodRef uid="1" vc="8" />
                  </TrackedMethodRefs>
                </SequencePoint>
                <SequencePoint vc="1" uspid="37" ordinal="19" offset="337" sl="40" sc="3" el="40" ec="4" bec="0" bev="0" fileid="3">
                  <TrackedMethodRefs>
                    <TrackedMethodRef uid="1" vc="1" />
                  </TrackedMethodRefs>
                </SequencePoint>
              </SequencePoints>
              <BranchPoints>
                <BranchPoint vc="1" uspid="38" ordinal="0" offset="332" sl="32" path="0" offsetend="337" fileid="3">
                  <TrackedMethodRefs>
                    <TrackedMethodRef uid="1" vc="1" />
                  </TrackedMethodRefs>
                </BranchPoint>
                <BranchPoint vc="7" uspid="39" ordinal="1" offset="332" sl="32" path="1" offsetend="173" fileid="3">
                  <TrackedMethodRefs>
                    <TrackedMethodRef uid="1" vc="7" />
                  </TrackedMethodRefs>
                </BranchPoint>
              </BranchPoints>
              <MethodPoint xsi:type="SequencePoint" vc="1" uspid="18" ordinal="0" offset="0" sl="18" sc="3" el="18" ec="4" bec="0" bev="0" fileid="3">
                <TrackedMethodRefs>
                  <TrackedMethodRef uid="1" vc="1" />
                </TrackedMethodRefs>
              </MethodPoint>
            </Method>
            <Method visited="true" cyclomaticComplexity="1" nPathComplexity="0" sequenceCoverage="100" branchCoverage="100" crapScore="1" isConstructor="false" isStatic="false" isGetter="false" isSetter="false">
              <Summary numSequencePoints="4" visitedSequencePoints="4" numBranchPoints="1" visitedBranchPoints="1" sequenceCoverage="100" branchCoverage="100" maxCyclomaticComplexity="1" minCyclomaticComplexity="1" maxCrapScore="1" minCrapScore="1" visitedClasses="0" numClasses="0" visitedMethods="1" numMethods="1" />
              <MetadataToken>100663300</MetadataToken>
              <Name>System.Collections.Generic.List`1&lt;GoodPracticesChallenge.Subject&gt; TestingGoodPractices.SubjectDAOTest::SampleSubjects()</Name>
              <FileRef uid="3" />
              <SequencePoints>
                <SequencePoint vc="2" uspid="40" ordinal="0" offset="0" sl="43" sc="3" el="43" ec="4" bec="0" bev="0" fileid="3">
                  <TrackedMethodRefs>
                    <TrackedMethodRef uid="1" vc="2" />
                  </TrackedMethodRefs>
                </SequencePoint>
                <SequencePoint vc="2" uspid="41" ordinal="1" offset="1" sl="44" sc="4" el="53" ec="6" bec="0" bev="0" fileid="3">
                  <TrackedMethodRefs>
                    <TrackedMethodRef uid="1" vc="2" />
                  </TrackedMethodRefs>
                </SequencePoint>
                <SequencePoint vc="2" uspid="42" ordinal="2" offset="259" sl="54" sc="4" el="54" ec="18" bec="0" bev="0" fileid="3">
                  <TrackedMethodRefs>
                    <TrackedMethodRef uid="1" vc="2" />
                  </TrackedMethodRefs>
                </SequencePoint>
                <SequencePoint vc="2" uspid="43" ordinal="3" offset="263" sl="55" sc="3" el="55" ec="4" bec="0" bev="0" fileid="3">
                  <TrackedMethodRefs>
                    <TrackedMethodRef uid="1" vc="2" />
                  </TrackedMethodRefs>
                </SequencePoint>
              </SequencePoints>
              <BranchPoints />
              <MethodPoint xsi:type="SequencePoint" vc="2" uspid="40" ordinal="0" offset="0" sl="43" sc="3" el="43" ec="4" bec="0" bev="0" fileid="3">
                <TrackedMethodRefs>
                  <TrackedMethodRef uid="1" vc="2" />
                </TrackedMethodRefs>
              </MethodPoint>
            </Method>
            <Method visited="false" cyclomaticComplexity="1" nPathComplexity="0" sequenceCoverage="0" branchCoverage="0" crapScore="2" isConstructor="true" isStatic="false" isGetter="false" isSetter="false">
              <Summary numSequencePoints="0" visitedSequencePoints="0" numBranchPoints="0" visitedBranchPoints="0" sequenceCoverage="0" branchCoverage="0" maxCyclomaticComplexity="1" minCyclomaticComplexity="1" maxCrapScore="2" minCrapScore="2" visitedClasses="0" numClasses="0" visitedMethods="0" numMethods="0" />
              <MetadataToken>100663301</MetadataToken>
              <Name>System.Void TestingGoodPractices.SubjectDAOTest::.ctor()</Name>
              <SequencePoints />
              <BranchPoints />
              <MethodPoint vc="0" uspid="44" ordinal="0" offset="0" />
            </Method>
          </Methods>
        </Class>
        <Class>
          <Summary numSequencePoints="0" visitedSequencePoints="0" numBranchPoints="0" visitedBranchPoints="0" sequenceCoverage="0" branchCoverage="0" maxCyclomaticComplexity="1" minCyclomaticComplexity="1" maxCrapScore="2" minCrapScore="2" visitedClasses="0" numClasses="0" visitedMethods="0" numMethods="0" />
          <FullName>TestingGoodPractices.SubjectDAOTest/&lt;&gt;c</FullName>
          <Methods>
            <Method visited="false" cyclomaticComplexity="1" nPathComplexity="0" sequenceCoverage="0" branchCoverage="0" crapScore="2" isConstructor="true" isStatic="true" isGetter="false" isSetter="false">
              <Summary numSequencePoints="0" visitedSequencePoints="0" numBranchPoints="0" visitedBranchPoints="0" sequenceCoverage="0" branchCoverage="0" maxCyclomaticComplexity="1" minCyclomaticComplexity="1" maxCrapScore="2" minCrapScore="2" visitedClasses="0" numClasses="0" visitedMethods="0" numMethods="0" />
              <MetadataToken>100663307</MetadataToken>
              <Name>System.Void TestingGoodPractices.SubjectDAOTest/&lt;&gt;c::.cctor()</Name>
              <SequencePoints />
              <BranchPoints />
              <MethodPoint vc="0" uspid="45" ordinal="0" offset="0" />
            </Method>
            <Method visited="false" cyclomaticComplexity="1" nPathComplexity="0" sequenceCoverage="0" branchCoverage="0" crapScore="2" isConstructor="true" isStatic="false" isGetter="false" isSetter="false">
              <Summary numSequencePoints="0" visitedSequencePoints="0" numBranchPoints="0" visitedBranchPoints="0" sequenceCoverage="0" branchCoverage="0" maxCyclomaticComplexity="1" minCyclomaticComplexity="1" maxCrapScore="2" minCrapScore="2" visitedClasses="0" numClasses="0" visitedMethods="0" numMethods="0" />
              <MetadataToken>100663308</MetadataToken>
              <Name>System.Void TestingGoodPractices.SubjectDAOTest/&lt;&gt;c::.ctor()</Name>
              <SequencePoints />
              <BranchPoints />
              <MethodPoint vc="0" uspid="46" ordinal="0" offset="0" />
            </Method>
          </Methods>
        </Class>
      </Classes>
      <TrackedMethods>
        <TrackedMethod uid="1" token="100663299" name="System.Void TestingGoodPractices.SubjectDAOTest::ListOfSubjects_Is_Shown()" strategy="MSTestTest" />
      </TrackedMethods>
    </Module>
    <Module hash="7A-D6-E5-B4-D9-BE-B6-F0-28-3C-37-D1-93-E2-57-2E-44-BA-3C-EC">
      <Summary numSequencePoints="710" visitedSequencePoints="22" numBranchPoints="170" visitedBranchPoints="4" sequenceCoverage="3.10" branchCoverage="2.35" maxCyclomaticComplexity="44" minCyclomaticComplexity="1" maxCrapScore="1980" minCrapScore="1" visitedClasses="2" numClasses="24" visitedMethods="4" numMethods="74" />
      <ModulePath>C:\Users\msogamoso\Downloads\cmder\GoodPracticesChallenge-dev\TestingGoodPractices\bin\Debug\GoodPracticesChallenge.exe</ModulePath>
      <ModuleTime>2018-08-17T19:57:34.6837893Z</ModuleTime>
      <ModuleName>GoodPracticesChallenge</ModuleName>
      <Files>
        <File uid="7" fullPath="C:\Users\msogamoso\Downloads\cmder\GoodPracticesChallenge-dev\GoodPracticesChallenge\Business\GradeBusiness.cs" />
        <File uid="11" fullPath="C:\Users\msogamoso\Downloads\cmder\GoodPracticesChallenge-dev\GoodPracticesChallenge\Business\StudentBusiness.cs" />
        <File uid="12" fullPath="C:\Users\msogamoso\Downloads\cmder\GoodPracticesChallenge-dev\GoodPracticesChallenge\Business\TeacherBusiness.cs" />
        <File uid="13" fullPath="C:\Users\msogamoso\Downloads\cmder\GoodPracticesChallenge-dev\GoodPracticesChallenge\Utilities\Messaging.cs" />
        <File uid="14" fullPath="C:\Users\msogamoso\Downloads\cmder\GoodPracticesChallenge-dev\GoodPracticesChallenge\Model\Course.cs" />
        <File uid="15" fullPath="C:\Users\msogamoso\Downloads\cmder\GoodPracticesChallenge-dev\GoodPracticesChallenge\DAO\CourseDAO.cs" />
        <File uid="16" fullPath="C:\Users\msogamoso\Downloads\cmder\GoodPracticesChallenge-dev\GoodPracticesChallenge\Utilities\DataBaseContext.cs" />
        <File uid="17" fullPath="C:\Users\msogamoso\Downloads\cmder\GoodPracticesChallenge-dev\GoodPracticesChallenge\Model\ForeingLanguage.cs" />
        <File uid="18" fullPath="C:\Users\msogamoso\Downloads\cmder\GoodPracticesChallenge-dev\GoodPracticesChallenge\DAO\ForeignLanguageDAO.cs" />
        <File uid="19" fullPath="C:\Users\msogamoso\Downloads\cmder\GoodPracticesChallenge-dev\GoodPracticesChallenge\Model\Grade.cs" />
        <File uid="20" fullPath="C:\Users\msogamoso\Downloads\cmder\GoodPracticesChallenge-dev\GoodPracticesChallenge\Source\Program.cs" />
        <File uid="21" fullPath="C:\Users\msogamoso\Downloads\cmder\GoodPracticesChallenge-dev\GoodPracticesChallenge\Model\Student.cs" />
        <File uid="22" fullPath="C:\Users\msogamoso\Downloads\cmder\GoodPracticesChallenge-dev\GoodPracticesChallenge\DAO\StudentDAO.cs" />
        <File uid="24" fullPath="C:\Users\msogamoso\Downloads\cmder\GoodPracticesChallenge-dev\GoodPracticesChallenge\Model\Subject.cs" />
        <File uid="25" fullPath="C:\Users\msogamoso\Downloads\cmder\GoodPracticesChallenge-dev\GoodPracticesChallenge\Model\Person.cs" />
        <File uid="26" fullPath="C:\Users\msogamoso\Downloads\cmder\GoodPracticesChallenge-dev\GoodPracticesChallenge\DAO\SubjectDAO.cs" />
        <File uid="27" fullPath="C:\Users\msogamoso\Downloads\cmder\GoodPracticesChallenge-dev\GoodPracticesChallenge\Model\Teacher.cs" />
        <File uid="28" fullPath="C:\Users\msogamoso\Downloads\cmder\GoodPracticesChallenge-dev\GoodPracticesChallenge\DAO\TeacherDAO.cs" />
        <File uid="29" fullPath="C:\Users\msogamoso\Downloads\cmder\GoodPracticesChallenge-dev\GoodPracticesChallenge\Utilities\RegistDependencies.cs" />
        <File uid="30" fullPath="C:\Users\msogamoso\Downloads\cmder\GoodPracticesChallenge-dev\GoodPracticesChallenge\Migrations\201808051810298_CreateDB.cs" />
        <File uid="31" fullPath="C:\Users\msogamoso\Downloads\cmder\GoodPracticesChallenge-dev\GoodPracticesChallenge\Migrations\201808051810298_CreateDB.Designer.cs" />
        <File uid="32" fullPath="C:\Users\msogamoso\Downloads\cmder\GoodPracticesChallenge-dev\GoodPracticesChallenge\Migrations\Configuration.cs" />
      </Files>
      <Classes>
        <Class>
          <Summary numSequencePoints="62" visitedSequencePoints="0" numBranchPoints="18" visitedBranchPoints="0" sequenceCoverage="0" branchCoverage="0" maxCyclomaticComplexity="5" minCyclomaticComplexity="1" maxCrapScore="30" minCrapScore="2" visitedClasses="0" numClasses="1" visitedMethods="0" numMethods="4" />
          <FullName>GoodPracticesChallenge.GradeBusiness</FullName>
          <Methods>
            <Method visited="false" cyclomaticComplexity="1" nPathComplexity="0" sequenceCoverage="0" branchCoverage="0" crapScore="2" isConstructor="true" isStatic="false" isGetter="false" isSetter="false">
              <Summary numSequencePoints="5" visitedSequencePoints="0" numBranchPoints="1" visitedBranchPoints="0" sequenceCoverage="0" branchCoverage="0" maxCyclomaticComplexity="1" minCyclomaticComplexity="1" maxCrapScore="2" minCrapScore="2" visitedClasses="0" numClasses="0" visitedMethods="0" numMethods="1" />
              <MetadataToken>100663297</MetadataToken>
              <Name>System.Void GoodPracticesChallenge.GradeBusiness::.ctor(GoodPracticesChallenge.IMessaging,GoodPracticesChallenge.IDataBaseContext)</Name>
              <FileRef uid="7" />
              <SequencePoints>
                <SequencePoint vc="0" uspid="47" ordinal="0" offset="0" sl="15" sc="9" el="15" ec="85" bec="0" bev="0" fileid="7" />
                <SequencePoint vc="0" uspid="48" ordinal="1" offset="7" sl="16" sc="9" el="16" ec="10" bec="0" bev="0" fileid="7" />
                <SequencePoint vc="0" uspid="49" ordinal="2" offset="8" sl="17" sc="13" el="17" ec="36" bec="0" bev="0" fileid="7" />
                <SequencePoint vc="0" uspid="50" ordinal="3" offset="15" sl="18" sc="13" el="18" ec="48" bec="0" bev="0" fileid="7" />
                <SequencePoint vc="0" uspid="51" ordinal="4" offset="22" sl="19" sc="9" el="19" ec="10" bec="0" bev="0" fileid="7" />
              </SequencePoints>
              <BranchPoints />
              <MethodPoint xsi:type="SequencePoint" vc="0" uspid="47" ordinal="0" offset="0" sl="15" sc="9" el="15" ec="85" bec="0" bev="0" fileid="7" />
            </Method>
            <Method visited="false" cyclomaticComplexity="5" nPathComplexity="8" sequenceCoverage="0" branchCoverage="0" crapScore="30" isConstructor="false" isStatic="false" isGetter="false" isSetter="false">
              <Summary numSequencePoints="25" visitedSequencePoints="0" numBranchPoints="7" visitedBranchPoints="0" sequenceCoverage="0" branchCoverage="0" maxCyclomaticComplexity="5" minCyclomaticComplexity="5" maxCrapScore="30" minCrapScore="30" visitedClasses="0" numClasses="0" visitedMethods="0" numMethods="1" />
              <MetadataToken>100663298</MetadataToken>
              <Name>System.Void GoodPracticesChallenge.GradeBusiness::Create(System.Int32,System.Int32,GoodPracticesChallenge.Period,System.Double)</Name>
              <FileRef uid="7" />
              <SequencePoints>
                <SequencePoint vc="0" uspid="52" ordinal="0" offset="20" sl="22" sc="9" el="22" ec="10" bec="0" bev="0" fileid="7" />
                <SequencePoint vc="0" uspid="53" ordinal="1" offset="21" sl="24" sc="17" el="24" ec="131" bec="0" bev="0" fileid="7" />
                <SequencePoint vc="0" uspid="54" ordinal="2" offset="198" sl="25" sc="17" el="25" ec="77" bec="0" bev="0" fileid="7" />
                <SequencePoint vc="0" uspid="55" ordinal="3" offset="235" sl="26" sc="17" el="26" ec="56" bec="2" bev="0" fileid="7" />
                <SequencePoint vc="0" uspid="56" ordinal="4" offset="257" sl="27" sc="17" el="27" ec="18" bec="0" bev="0" fileid="7" />
                <SequencePoint vc="0" uspid="57" ordinal="5" offset="258" sl="29" sc="21" el="29" ec="69" bec="0" bev="0" fileid="7" />
                <SequencePoint vc="0" uspid="58" ordinal="6" offset="279" sl="30" sc="21" el="30" ec="129" bec="0" bev="0" fileid="7" />
                <SequencePoint vc="0" uspid="59" ordinal="7" offset="309" sl="31" sc="21" el="31" ec="46" bec="2" bev="0" fileid="7" />
                <SequencePoint vc="0" uspid="60" ordinal="8" offset="320" sl="32" sc="21" el="32" ec="22" bec="0" bev="0" fileid="7" />
                <SequencePoint vc="0" uspid="61" ordinal="9" offset="321" sl="33" sc="25" el="33" ec="52" bec="0" bev="0" fileid="7" />
                <SequencePoint vc="0" uspid="62" ordinal="10" offset="331" sl="34" sc="25" el="34" ec="67" bec="0" bev="0" fileid="7" />
                <SequencePoint vc="0" uspid="63" ordinal="11" offset="348" sl="35" sc="25" el="35" ec="56" bec="0" bev="0" fileid="7" />
                <SequencePoint vc="0" uspid="64" ordinal="12" offset="360" sl="36" sc="21" el="36" ec="22" bec="0" bev="0" fileid="7" />
                <SequencePoint vc="0" uspid="65" ordinal="13" offset="363" sl="38" sc="21" el="38" ec="22" bec="0" bev="0" fileid="7" />
                <SequencePoint vc="0" uspid="66" ordinal="14" offset="364" sl="39" sc="25" el="39" ec="51" bec="0" bev="0" fileid="7" />
                <SequencePoint vc="0" uspid="67" ordinal="15" offset="378" sl="40" sc="25" el="40" ec="56" bec="0" bev="0" fileid="7" />
                <SequencePoint vc="0" uspid="68" ordinal="16" offset="390" sl="41" sc="25" el="41" ec="66" bec="0" bev="0" fileid="7" />
                <SequencePoint vc="0" uspid="69" ordinal="17" offset="407" sl="42" sc="21" el="42" ec="22" bec="0" bev="0" fileid="7" />
                <SequencePoint vc="0" uspid="70" ordinal="18" offset="408" sl="43" sc="21" el="43" ec="48" bec="2" bev="0" fileid="7" />
                <SequencePoint vc="0" uspid="71" ordinal="19" offset="426" sl="43" sc="49" el="43" ec="93" bec="0" bev="0" fileid="7" />
                <SequencePoint vc="0" uspid="72" ordinal="20" offset="440" sl="45" sc="17" el="45" ec="18" bec="0" bev="0" fileid="7" />
                <SequencePoint vc="0" uspid="73" ordinal="21" offset="443" sl="47" sc="17" el="47" ec="18" bec="0" bev="0" fileid="7" />
                <SequencePoint vc="0" uspid="74" ordinal="22" offset="444" sl="48" sc="21" el="48" ec="84" bec="0" bev="0" fileid="7" />
                <SequencePoint vc="0" uspid="75" ordinal="23" offset="461" sl="49" sc="17" el="49" ec="18" bec="0" bev="0" fileid="7" />
                <SequencePoint vc="0" uspid="76" ordinal="24" offset="462" sl="55" sc="9" el="55" ec="10" bec="0" bev="0" fileid="7" />
              </SequencePoints>
              <BranchPoints>
                <BranchPoint vc="0" uspid="79" ordinal="2" offset="252" sl="26" path="0" offsetend="257" fileid="7" />
                <BranchPoint vc="0" uspid="80" ordinal="3" offset="252" sl="26" path="1" offsetend="443" fileid="7" />
                <BranchPoint vc="0" uspid="81" ordinal="4" offset="318" sl="31" path="0" offsetend="320" fileid="7" />
                <BranchPoint vc="0" uspid="82" ordinal="5" offset="318" sl="31" path="1" offsetend="363" fileid="7" />
                <BranchPoint vc="0" uspid="83" ordinal="6" offset="424" sl="43" path="0" offsetend="426" fileid="7" />
                <BranchPoint vc="0" uspid="84" ordinal="7" offset="424" sl="43" path="1" offsetend="440" fileid="7" />
              </BranchPoints>
              <MethodPoint vc="0" uspid="85" ordinal="0" offset="0" />
            </Method>
            <Method visited="false" cyclomaticComplexity="3" nPathComplexity="2" sequenceCoverage="0" branchCoverage="0" crapScore="12" isConstructor="false" isStatic="false" isGetter="false" isSetter="false">
              <Summary numSequencePoints="16" visitedSequencePoints="0" numBranchPoints="3" visitedBranchPoints="0" sequenceCoverage="0" branchCoverage="0" maxCyclomaticComplexity="3" minCyclomaticComplexity="3" maxCrapScore="12" minCrapScore="12" visitedClasses="0" numClasses="0" visitedMethods="0" numMethods="1" />
              <MetadataToken>100663299</MetadataToken>
              <Name>System.Void GoodPracticesChallenge.GradeBusiness::ModifyFinalGrade(System.Int32,System.Int32)</Name>
              <FileRef uid="7" />
              <SequencePoints>
                <SequencePoint vc="0" uspid="86" ordinal="0" offset="13" sl="58" sc="9" el="58" ec="10" bec="0" bev="0" fileid="7" />
                <SequencePoint vc="0" uspid="87" ordinal="1" offset="14" sl="61" sc="17" el="61" ec="131" bec="0" bev="0" fileid="7" />
                <SequencePoint vc="0" uspid="88" ordinal="2" offset="197" sl="62" sc="17" el="62" ec="77" bec="0" bev="0" fileid="7" />
                <SequencePoint vc="0" uspid="89" ordinal="3" offset="234" sl="63" sc="17" el="63" ec="87" bec="0" bev="0" fileid="7" />
                <SequencePoint vc="0" uspid="90" ordinal="4" offset="263" sl="64" sc="17" el="64" ec="97" bec="0" bev="0" fileid="7" />
                <SequencePoint vc="0" uspid="91" ordinal="5" offset="306" sl="65" sc="17" el="65" ec="40" bec="2" bev="0" fileid="7" />
                <SequencePoint vc="0" uspid="92" ordinal="6" offset="316" sl="66" sc="17" el="66" ec="18" bec="0" bev="0" fileid="7" />
                <SequencePoint vc="0" uspid="93" ordinal="7" offset="317" sl="67" sc="21" el="67" ec="69" bec="0" bev="0" fileid="7" />
                <SequencePoint vc="0" uspid="94" ordinal="8" offset="326" sl="68" sc="21" el="68" ec="51" bec="0" bev="0" fileid="7" />
                <SequencePoint vc="0" uspid="95" ordinal="9" offset="335" sl="69" sc="21" el="69" ec="52" bec="0" bev="0" fileid="7" />
                <SequencePoint vc="0" uspid="96" ordinal="10" offset="347" sl="70" sc="17" el="70" ec="18" bec="0" bev="0" fileid="7" />
                <SequencePoint vc="0" uspid="97" ordinal="11" offset="350" sl="72" sc="17" el="72" ec="18" bec="0" bev="0" fileid="7" />
                <SequencePoint vc="0" uspid="98" ordinal="12" offset="351" sl="73" sc="21" el="73" ec="69" bec="0" bev="0" fileid="7" />
                <SequencePoint vc="0" uspid="99" ordinal="13" offset="360" sl="74" sc="21" el="74" ec="81" bec="0" bev="0" fileid="7" />
                <SequencePoint vc="0" uspid="100" ordinal="14" offset="377" sl="75" sc="17" el="75" ec="18" bec="0" bev="0" fileid="7" />
                <SequencePoint vc="0" uspid="101" ordinal="15" offset="378" sl="79" sc="9" el="79" ec="10" bec="0" bev="0" fileid="7" />
              </SequencePoints>
              <BranchPoints>
                <BranchPoint vc="0" uspid="104" ordinal="2" offset="314" sl="65" path="0" offsetend="316" fileid="7" />
                <BranchPoint vc="0" uspid="105" ordinal="3" offset="314" sl="65" path="1" offsetend="350" fileid="7" />
              </BranchPoints>
              <MethodPoint vc="0" uspid="106" ordinal="0" offset="0" />
            </Method>
            <Method visited="false" cyclomaticComplexity="5" nPathComplexity="8" sequenceCoverage="0" branchCoverage="0" crapScore="30" isConstructor="false" isStatic="false" isGetter="false" isSetter="false">
              <Summary numSequencePoints="16" visitedSequencePoints="0" numBranchPoints="7" visitedBranchPoints="0" sequenceCoverage="0" branchCoverage="0" maxCyclomaticComplexity="5" minCyclomaticComplexity="5" maxCrapScore="30" minCrapScore="30" visitedClasses="0" numClasses="0" visitedMethods="0" numMethods="1" />
              <MetadataToken>100663300</MetadataToken>
              <Name>System.Double GoodPracticesChallenge.GradeBusiness::CalculateFinalValue(System.Collections.Generic.List`1&lt;GoodPracticesChallenge.Grade&gt;)</Name>
              <FileRef uid="7" />
              <SequencePoints>
                <SequencePoint vc="0" uspid="107" ordinal="0" offset="0" sl="82" sc="9" el="82" ec="10" bec="0" bev="0" fileid="7" />
                <SequencePoint vc="0" uspid="108" ordinal="1" offset="1" sl="83" sc="13" el="83" ec="35" bec="0" bev="0" fileid="7" />
                <SequencePoint vc="0" uspid="109" ordinal="2" offset="11" sl="84" sc="13" el="84" ec="20" bec="0" bev="0" fileid="7" />
                <SequencePoint vc="0" uspid="110" ordinal="3" offset="12" sl="84" sc="35" el="84" ec="41" bec="0" bev="0" fileid="7" />
                <SequencePoint vc="0" uspid="111" ordinal="4" offset="21" sl="84" sc="22" el="84" ec="31" bec="0" bev="0" fileid="7" />
                <SequencePoint vc="0" uspid="112" ordinal="5" offset="29" sl="85" sc="13" el="85" ec="14" bec="0" bev="0" fileid="7" />
                <SequencePoint vc="0" uspid="113" ordinal="6" offset="30" sl="86" sc="17" el="86" ec="50" bec="2" bev="0" fileid="7" />
                <SequencePoint vc="0" uspid="114" ordinal="7" offset="43" sl="86" sc="51" el="86" ec="97" bec="0" bev="0" fileid="7" />
                <SequencePoint vc="0" uspid="115" ordinal="8" offset="62" sl="87" sc="17" el="87" ec="51" bec="2" bev="0" fileid="7" />
                <SequencePoint vc="0" uspid="116" ordinal="9" offset="77" sl="87" sc="52" el="87" ec="98" bec="0" bev="0" fileid="7" />
                <SequencePoint vc="0" uspid="117" ordinal="10" offset="96" sl="88" sc="17" el="88" ec="50" bec="2" bev="0" fileid="7" />
                <SequencePoint vc="0" uspid="118" ordinal="11" offset="111" sl="88" sc="51" el="88" ec="97" bec="0" bev="0" fileid="7" />
                <SequencePoint vc="0" uspid="119" ordinal="12" offset="130" sl="89" sc="13" el="89" ec="14" bec="0" bev="0" fileid="7" />
                <SequencePoint vc="0" uspid="120" ordinal="13" offset="131" sl="84" sc="32" el="84" ec="34" bec="0" bev="0" fileid="7" />
                <SequencePoint vc="0" uspid="121" ordinal="14" offset="157" sl="90" sc="13" el="90" ec="31" bec="0" bev="0" fileid="7" />
                <SequencePoint vc="0" uspid="122" ordinal="15" offset="162" sl="91" sc="9" el="91" ec="10" bec="0" bev="0" fileid="7" />
              </SequencePoints>
              <BranchPoints>
                <BranchPoint vc="0" uspid="123" ordinal="0" offset="41" sl="86" path="0" offsetend="43" fileid="7" />
                <BranchPoint vc="0" uspid="124" ordinal="1" offset="41" sl="86" path="1" offsetend="62" fileid="7" />
                <BranchPoint vc="0" uspid="125" ordinal="2" offset="75" sl="87" path="0" offsetend="77" fileid="7" />
                <BranchPoint vc="0" uspid="126" ordinal="3" offset="75" sl="87" path="1" offsetend="96" fileid="7" />
                <BranchPoint vc="0" uspid="127" ordinal="4" offset="109" sl="88" path="0" offsetend="111" fileid="7" />
                <BranchPoint vc="0" uspid="128" ordinal="5" offset="109" sl="88" path="1" offsetend="130" fileid="7" />
              </BranchPoints>
              <MethodPoint xsi:type="SequencePoint" vc="0" uspid="107" ordinal="0" offset="0" sl="82" sc="9" el="82" ec="10" bec="0" bev="0" fileid="7" />
            </Method>
          </Methods>
        </Class>
        <Class>
          <Summary numSequencePoints="1" visitedSequencePoints="0" numBranchPoints="1" visitedBranchPoints="0" sequenceCoverage="0" branchCoverage="0" maxCyclomaticComplexity="2" minCyclomaticComplexity="1" maxCrapScore="6" minCrapScore="2" visitedClasses="0" numClasses="1" visitedMethods="0" numMethods="1" />
          <FullName>GoodPracticesChallenge.GradeBusiness/&lt;&gt;c__DisplayClass3_0</FullName>
          <Methods>
            <Method visited="false" cyclomaticComplexity="1" nPathComplexity="0" sequenceCoverage="0" branchCoverage="0" crapScore="2" isConstructor="true" isStatic="false" isGetter="false" isSetter="false">
              <Summary numSequencePoints="0" visitedSequencePoints="0" numBranchPoints="0" visitedBranchPoints="0" sequenceCoverage="0" branchCoverage="0" maxCyclomaticComplexity="1" minCyclomaticComplexity="1" maxCrapScore="2" minCrapScore="2" visitedClasses="0" numClasses="0" visitedMethods="0" numMethods="0" />
              <MetadataToken>100663470</MetadataToken>
              <Name>System.Void GoodPracticesChallenge.GradeBusiness/&lt;&gt;c__DisplayClass3_0::.ctor()</Name>
              <SequencePoints />
              <BranchPoints />
              <MethodPoint vc="0" uspid="131" ordinal="0" offset="0" />
            </Method>
            <Method visited="false" cyclomaticComplexity="2" nPathComplexity="0" sequenceCoverage="0" branchCoverage="0" crapScore="6" isConstructor="false" isStatic="false" isGetter="false" isSetter="false">
              <Summary numSequencePoints="1" visitedSequencePoints="0" numBranchPoints="1" visitedBranchPoints="0" sequenceCoverage="0" branchCoverage="0" maxCyclomaticComplexity="2" minCyclomaticComplexity="2" maxCrapScore="6" minCrapScore="6" visitedClasses="0" numClasses="0" visitedMethods="0" numMethods="1" />
              <MetadataToken>100663471</MetadataToken>
              <Name>System.Boolean GoodPracticesChallenge.GradeBusiness/&lt;&gt;c__DisplayClass3_0::&lt;Create&gt;b__2(GoodPracticesChallenge.Grade)</Name>
              <FileRef uid="7" />
              <SequencePoints>
                <SequencePoint vc="0" uspid="132" ordinal="0" offset="0" sl="30" sc="68" el="30" ec="110" bec="0" bev="0" fileid="7" />
              </SequencePoints>
              <BranchPoints />
              <MethodPoint xsi:type="SequencePoint" vc="0" uspid="132" ordinal="0" offset="0" sl="30" sc="68" el="30" ec="110" bec="0" bev="0" fileid="7" />
            </Method>
          </Methods>
        </Class>
        <Class>
          <Summary numSequencePoints="1" visitedSequencePoints="0" numBranchPoints="1" visitedBranchPoints="0" sequenceCoverage="0" branchCoverage="0" maxCyclomaticComplexity="1" minCyclomaticComplexity="1" maxCrapScore="2" minCrapScore="2" visitedClasses="0" numClasses="1" visitedMethods="0" numMethods="1" />
          <FullName>GoodPracticesChallenge.GradeBusiness/&lt;&gt;c</FullName>
          <Methods>
            <Method visited="false" cyclomaticComplexity="1" nPathComplexity="0" sequenceCoverage="0" branchCoverage="0" crapScore="2" isConstructor="true" isStatic="true" isGetter="false" isSetter="false">
              <Summary numSequencePoints="0" visitedSequencePoints="0" numBranchPoints="0" visitedBranchPoints="0" sequenceCoverage="0" branchCoverage="0" maxCyclomaticComplexity="1" minCyclomaticComplexity="1" maxCrapScore="2" minCrapScore="2" visitedClasses="0" numClasses="0" visitedMethods="0" numMethods="0" />
              <MetadataToken>100663472</MetadataToken>
              <Name>System.Void GoodPracticesChallenge.GradeBusiness/&lt;&gt;c::.cctor()</Name>
              <SequencePoints />
              <BranchPoints />
              <MethodPoint vc="0" uspid="135" ordinal="0" offset="0" />
            </Method>
            <Method visited="false" cyclomaticComplexity="1" nPathComplexity="0" sequenceCoverage="0" branchCoverage="0" crapScore="2" isConstructor="true" isStatic="false" isGetter="false" isSetter="false">
              <Summary numSequencePoints="0" visitedSequencePoints="0" numBranchPoints="0" visitedBranchPoints="0" sequenceCoverage="0" branchCoverage="0" maxCyclomaticComplexity="1" minCyclomaticComplexity="1" maxCrapScore="2" minCrapScore="2" visitedClasses="0" numClasses="0" visitedMethods="0" numMethods="0" />
              <MetadataToken>100663473</MetadataToken>
              <Name>System.Void GoodPracticesChallenge.GradeBusiness/&lt;&gt;c::.ctor()</Name>
              <SequencePoints />
              <BranchPoints />
              <MethodPoint vc="0" uspid="136" ordinal="0" offset="0" />
            </Method>
            <Method visited="false" cyclomaticComplexity="1" nPathComplexity="0" sequenceCoverage="0" branchCoverage="0" crapScore="2" isConstructor="false" isStatic="false" isGetter="false" isSetter="false">
              <Summary numSequencePoints="1" visitedSequencePoints="0" numBranchPoints="1" visitedBranchPoints="0" sequenceCoverage="0" branchCoverage="0" maxCyclomaticComplexity="1" minCyclomaticComplexity="1" maxCrapScore="2" minCrapScore="2" visitedClasses="0" numClasses="0" visitedMethods="0" numMethods="1" />
              <MetadataToken>100663474</MetadataToken>
              <Name>System.Boolean GoodPracticesChallenge.GradeBusiness/&lt;&gt;c::&lt;ModifyFinalGrade&gt;b__4_3(GoodPracticesChallenge.Grade)</Name>
              <FileRef uid="7" />
              <SequencePoints>
                <SequencePoint vc="0" uspid="137" ordinal="0" offset="0" sl="64" sc="54" el="64" ec="78" bec="0" bev="0" fileid="7" />
              </SequencePoints>
              <BranchPoints />
              <MethodPoint xsi:type="SequencePoint" vc="0" uspid="137" ordinal="0" offset="0" sl="64" sc="54" el="64" ec="78" bec="0" bev="0" fileid="7" />
            </Method>
          </Methods>
        </Class>
        <Class>
          <Summary numSequencePoints="1" visitedSequencePoints="0" numBranchPoints="1" visitedBranchPoints="0" sequenceCoverage="0" branchCoverage="0" maxCyclomaticComplexity="1" minCyclomaticComplexity="1" maxCrapScore="2" minCrapScore="2" visitedClasses="0" numClasses="1" visitedMethods="0" numMethods="1" />
          <FullName>GoodPracticesChallenge.GradeBusiness/&lt;&gt;c__DisplayClass4_0</FullName>
          <Methods>
            <Method visited="false" cyclomaticComplexity="1" nPathComplexity="0" sequenceCoverage="0" branchCoverage="0" crapScore="2" isConstructor="true" isStatic="false" isGetter="false" isSetter="false">
              <Summary numSequencePoints="0" visitedSequencePoints="0" numBranchPoints="0" visitedBranchPoints="0" sequenceCoverage="0" branchCoverage="0" maxCyclomaticComplexity="1" minCyclomaticComplexity="1" maxCrapScore="2" minCrapScore="2" visitedClasses="0" numClasses="0" visitedMethods="0" numMethods="0" />
              <MetadataToken>100663475</MetadataToken>
              <Name>System.Void GoodPracticesChallenge.GradeBusiness/&lt;&gt;c__DisplayClass4_0::.ctor()</Name>
              <SequencePoints />
              <BranchPoints />
              <MethodPoint vc="0" uspid="138" ordinal="0" offset="0" />
            </Method>
            <Method visited="false" cyclomaticComplexity="1" nPathComplexity="0" sequenceCoverage="0" branchCoverage="0" crapScore="2" isConstructor="false" isStatic="false" isGetter="false" isSetter="false">
              <Summary numSequencePoints="1" visitedSequencePoints="0" numBranchPoints="1" visitedBranchPoints="0" sequenceCoverage="0" branchCoverage="0" maxCyclomaticComplexity="1" minCyclomaticComplexity="1" maxCrapScore="2" minCrapScore="2" visitedClasses="0" numClasses="0" visitedMethods="0" numMethods="1" />
              <MetadataToken>100663476</MetadataToken>
              <Name>System.Boolean GoodPracticesChallenge.GradeBusiness/&lt;&gt;c__DisplayClass4_0::&lt;ModifyFinalGrade&gt;b__2(GoodPracticesChallenge.Grade)</Name>
              <FileRef uid="7" />
              <SequencePoints>
                <SequencePoint vc="0" uspid="139" ordinal="0" offset="0" sl="63" sc="56" el="63" ec="76" bec="0" bev="0" fileid="7" />
              </SequencePoints>
              <BranchPoints />
              <MethodPoint xsi:type="SequencePoint" vc="0" uspid="139" ordinal="0" offset="0" sl="63" sc="56" el="63" ec="76" bec="0" bev="0" fileid="7" />
            </Method>
          </Methods>
        </Class>
        <Class>
          <Summary numSequencePoints="12" visitedSequencePoints="0" numBranchPoints="4" visitedBranchPoints="0" sequenceCoverage="0" branchCoverage="0" maxCyclomaticComplexity="2" minCyclomaticComplexity="1" maxCrapScore="6" minCrapScore="2" visitedClasses="0" numClasses="1" visitedMethods="0" numMethods="2" />
          <FullName>GoodPracticesChallenge.StudentBusiness</FullName>
          <Methods>
            <Method visited="false" cyclomaticComplexity="1" nPathComplexity="0" sequenceCoverage="0" branchCoverage="0" crapScore="2" isConstructor="true" isStatic="false" isGetter="false" isSetter="false">
              <Summary numSequencePoints="5" visitedSequencePoints="0" numBranchPoints="1" visitedBranchPoints="0" sequenceCoverage="0" branchCoverage="0" maxCyclomaticComplexity="1" minCyclomaticComplexity="1" maxCrapScore="2" minCrapScore="2" visitedClasses="0" numClasses="0" visitedMethods="0" numMethods="1" />
              <MetadataToken>100663333</MetadataToken>
              <Name>System.Void GoodPracticesChallenge.StudentBusiness::.ctor(GoodPracticesChallenge.IForeignLanguageDAO,GoodPracticesChallenge.IStudentDAO)</Name>
              <FileRef uid="11" />
              <SequencePoints>
                <SequencePoint vc="0" uspid="140" ordinal="0" offset="0" sl="15" sc="3" el="15" ec="89" bec="0" bev="0" fileid="11" />
                <SequencePoint vc="0" uspid="141" ordinal="1" offset="7" sl="16" sc="3" el="16" ec="4" bec="0" bev="0" fileid="11" />
                <SequencePoint vc="0" uspid="142" ordinal="2" offset="8" sl="17" sc="4" el="17" ec="45" bec="0" bev="0" fileid="11" />
                <SequencePoint vc="0" uspid="143" ordinal="3" offset="15" sl="18" sc="4" el="18" ec="29" bec="0" bev="0" fileid="11" />
                <SequencePoint vc="0" uspid="144" ordinal="4" offset="22" sl="19" sc="3" el="19" ec="4" bec="0" bev="0" fileid="11" />
              </SequencePoints>
              <BranchPoints />
              <MethodPoint xsi:type="SequencePoint" vc="0" uspid="140" ordinal="0" offset="0" sl="15" sc="3" el="15" ec="89" bec="0" bev="0" fileid="11" />
            </Method>
            <Method visited="false" cyclomaticComplexity="2" nPathComplexity="2" sequenceCoverage="0" branchCoverage="0" crapScore="6" isConstructor="false" isStatic="false" isGetter="false" isSetter="false">
              <Summary numSequencePoints="7" visitedSequencePoints="0" numBranchPoints="3" visitedBranchPoints="0" sequenceCoverage="0" branchCoverage="0" maxCyclomaticComplexity="2" minCyclomaticComplexity="2" maxCrapScore="6" minCrapScore="6" visitedClasses="0" numClasses="0" visitedMethods="0" numMethods="1" />
              <MetadataToken>100663334</MetadataToken>
              <Name>System.Void GoodPracticesChallenge.StudentBusiness::AssingForeingLanguage(System.Int32,System.Int32)</Name>
              <FileRef uid="11" />
              <SequencePoints>
                <SequencePoint vc="0" uspid="145" ordinal="0" offset="0" sl="22" sc="3" el="22" ec="4" bec="0" bev="0" fileid="11" />
                <SequencePoint vc="0" uspid="146" ordinal="1" offset="1" sl="23" sc="4" el="23" ec="69" bec="0" bev="0" fileid="11" />
                <SequencePoint vc="0" uspid="147" ordinal="2" offset="14" sl="24" sc="4" el="24" ec="32" bec="2" bev="0" fileid="11" />
                <SequencePoint vc="0" uspid="148" ordinal="3" offset="22" sl="25" sc="4" el="25" ec="5" bec="0" bev="0" fileid="11" />
                <SequencePoint vc="0" uspid="149" ordinal="4" offset="23" sl="26" sc="5" el="26" ec="51" bec="0" bev="0" fileid="11" />
                <SequencePoint vc="0" uspid="150" ordinal="5" offset="37" sl="27" sc="4" el="27" ec="5" bec="0" bev="0" fileid="11" />
                <SequencePoint vc="0" uspid="151" ordinal="6" offset="38" sl="30" sc="3" el="30" ec="4" bec="0" bev="0" fileid="11" />
              </SequencePoints>
              <BranchPoints>
                <BranchPoint vc="0" uspid="152" ordinal="0" offset="20" sl="24" path="0" offsetend="22" fileid="11" />
                <BranchPoint vc="0" uspid="153" ordinal="1" offset="20" sl="24" path="1" offsetend="38" fileid="11" />
              </BranchPoints>
              <MethodPoint xsi:type="SequencePoint" vc="0" uspid="145" ordinal="0" offset="0" sl="22" sc="3" el="22" ec="4" bec="0" bev="0" fileid="11" />
            </Method>
          </Methods>
        </Class>
        <Class>
          <Summary numSequencePoints="13" visitedSequencePoints="0" numBranchPoints="4" visitedBranchPoints="0" sequenceCoverage="0" branchCoverage="0" maxCyclomaticComplexity="3" minCyclomaticComplexity="1" maxCrapScore="12" minCrapScore="2" visitedClasses="0" numClasses="1" visitedMethods="0" numMethods="2" />
          <FullName>GoodPracticesChallenge.TeacherBusiness</FullName>
          <Methods>
            <Method visited="false" cyclomaticComplexity="1" nPathComplexity="0" sequenceCoverage="0" branchCoverage="0" crapScore="2" isConstructor="true" isStatic="false" isGetter="false" isSetter="false">
              <Summary numSequencePoints="5" visitedSequencePoints="0" numBranchPoints="1" visitedBranchPoints="0" sequenceCoverage="0" branchCoverage="0" maxCyclomaticComplexity="1" minCyclomaticComplexity="1" maxCrapScore="2" minCrapScore="2" visitedClasses="0" numClasses="0" visitedMethods="0" numMethods="1" />
              <MetadataToken>100663335</MetadataToken>
              <Name>System.Void GoodPracticesChallenge.TeacherBusiness::.ctor(GoodPracticesChallenge.ITeacherDAO,GoodPracticesChallenge.ICourseDAO)</Name>
              <FileRef uid="12" />
              <SequencePoints>
                <SequencePoint vc="0" uspid="154" ordinal="0" offset="0" sl="14" sc="3" el="14" ec="71" bec="0" bev="0" fileid="12" />
                <SequencePoint vc="0" uspid="155" ordinal="1" offset="7" sl="15" sc="3" el="15" ec="4" bec="0" bev="0" fileid="12" />
                <SequencePoint vc="0" uspid="156" ordinal="2" offset="8" sl="16" sc="4" el="16" ec="29" bec="0" bev="0" fileid="12" />
                <SequencePoint vc="0" uspid="157" ordinal="3" offset="15" sl="17" sc="4" el="17" ec="27" bec="0" bev="0" fileid="12" />
                <SequencePoint vc="0" uspid="158" ordinal="4" offset="22" sl="18" sc="3" el="18" ec="4" bec="0" bev="0" fileid="12" />
              </SequencePoints>
              <BranchPoints />
              <MethodPoint xsi:type="SequencePoint" vc="0" uspid="154" ordinal="0" offset="0" sl="14" sc="3" el="14" ec="71" bec="0" bev="0" fileid="12" />
            </Method>
            <Method visited="false" cyclomaticComplexity="3" nPathComplexity="2" sequenceCoverage="0" branchCoverage="0" crapScore="12" isConstructor="false" isStatic="false" isGetter="false" isSetter="false">
              <Summary numSequencePoints="8" visitedSequencePoints="0" numBranchPoints="3" visitedBranchPoints="0" sequenceCoverage="0" branchCoverage="0" maxCyclomaticComplexity="3" minCyclomaticComplexity="3" maxCrapScore="12" minCrapScore="12" visitedClasses="0" numClasses="0" visitedMethods="0" numMethods="1" />
              <MetadataToken>100663336</MetadataToken>
              <Name>System.Void GoodPracticesChallenge.TeacherBusiness::AssingCourse(System.Int32,System.Int32)</Name>
              <FileRef uid="12" />
              <SequencePoints>
                <SequencePoint vc="0" uspid="159" ordinal="0" offset="0" sl="21" sc="3" el="21" ec="4" bec="0" bev="0" fileid="12" />
                <SequencePoint vc="0" uspid="160" ordinal="1" offset="1" sl="23" sc="13" el="23" ec="66" bec="0" bev="0" fileid="12" />
                <SequencePoint vc="0" uspid="161" ordinal="2" offset="14" sl="24" sc="13" el="24" ec="70" bec="0" bev="0" fileid="12" />
                <SequencePoint vc="0" uspid="162" ordinal="3" offset="27" sl="25" sc="4" el="25" ec="42" bec="2" bev="0" fileid="12" />
                <SequencePoint vc="0" uspid="163" ordinal="4" offset="41" sl="26" sc="4" el="26" ec="5" bec="0" bev="0" fileid="12" />
                <SequencePoint vc="0" uspid="164" ordinal="5" offset="42" sl="27" sc="5" el="27" ec="74" bec="0" bev="0" fileid="12" />
                <SequencePoint vc="0" uspid="165" ordinal="6" offset="66" sl="28" sc="4" el="28" ec="5" bec="0" bev="0" fileid="12" />
                <SequencePoint vc="0" uspid="166" ordinal="7" offset="67" sl="31" sc="3" el="31" ec="4" bec="0" bev="0" fileid="12" />
              </SequencePoints>
              <BranchPoints>
                <BranchPoint vc="0" uspid="169" ordinal="2" offset="39" sl="25" path="0" offsetend="41" fileid="12" />
                <BranchPoint vc="0" uspid="170" ordinal="3" offset="39" sl="25" path="1" offsetend="67" fileid="12" />
              </BranchPoints>
              <MethodPoint xsi:type="SequencePoint" vc="0" uspid="159" ordinal="0" offset="0" sl="21" sc="3" el="21" ec="4" bec="0" bev="0" fileid="12" />
            </Method>
          </Methods>
        </Class>
        <Class>
          <Summary numSequencePoints="3" visitedSequencePoints="0" numBranchPoints="1" visitedBranchPoints="0" sequenceCoverage="0" branchCoverage="0" maxCyclomaticComplexity="1" minCyclomaticComplexity="1" maxCrapScore="2" minCrapScore="2" visitedClasses="0" numClasses="1" visitedMethods="0" numMethods="1" />
          <FullName>GoodPracticesChallenge.Messaging</FullName>
          <Methods>
            <Method visited="false" cyclomaticComplexity="1" nPathComplexity="0" sequenceCoverage="0" branchCoverage="0" crapScore="2" isConstructor="false" isStatic="false" isGetter="false" isSetter="false">
              <Summary numSequencePoints="3" visitedSequencePoints="0" numBranchPoints="1" visitedBranchPoints="0" sequenceCoverage="0" branchCoverage="0" maxCyclomaticComplexity="1" minCyclomaticComplexity="1" maxCrapScore="2" minCrapScore="2" visitedClasses="0" numClasses="0" visitedMethods="0" numMethods="1" />
              <MetadataToken>100663337</MetadataToken>
              <Name>System.Void GoodPracticesChallenge.Messaging::DisplayMessage(System.String)</Name>
              <FileRef uid="13" />
              <SequencePoints>
                <SequencePoint vc="0" uspid="171" ordinal="0" offset="0" sl="12" sc="3" el="12" ec="4" bec="0" bev="0" fileid="13" />
                <SequencePoint vc="0" uspid="172" ordinal="1" offset="1" sl="13" sc="4" el="13" ec="31" bec="0" bev="0" fileid="13" />
                <SequencePoint vc="0" uspid="173" ordinal="2" offset="8" sl="14" sc="3" el="14" ec="4" bec="0" bev="0" fileid="13" />
              </SequencePoints>
              <BranchPoints />
              <MethodPoint xsi:type="SequencePoint" vc="0" uspid="171" ordinal="0" offset="0" sl="12" sc="3" el="12" ec="4" bec="0" bev="0" fileid="13" />
            </Method>
            <Method visited="false" cyclomaticComplexity="1" nPathComplexity="0" sequenceCoverage="0" branchCoverage="0" crapScore="2" isConstructor="true" isStatic="false" isGetter="false" isSetter="false">
              <Summary numSequencePoints="0" visitedSequencePoints="0" numBranchPoints="0" visitedBranchPoints="0" sequenceCoverage="0" branchCoverage="0" maxCyclomaticComplexity="1" minCyclomaticComplexity="1" maxCrapScore="2" minCrapScore="2" visitedClasses="0" numClasses="0" visitedMethods="0" numMethods="0" />
              <MetadataToken>100663338</MetadataToken>
              <Name>System.Void GoodPracticesChallenge.Messaging::.ctor()</Name>
              <SequencePoints />
              <BranchPoints />
              <MethodPoint vc="0" uspid="174" ordinal="0" offset="0" />
            </Method>
          </Methods>
        </Class>
        <Class>
          <Summary numSequencePoints="11" visitedSequencePoints="0" numBranchPoints="3" visitedBranchPoints="0" sequenceCoverage="0" branchCoverage="0" maxCyclomaticComplexity="1" minCyclomaticComplexity="1" maxCrapScore="2" minCrapScore="2" visitedClasses="0" numClasses="1" visitedMethods="0" numMethods="3" />
          <FullName>GoodPracticesChallenge.Course</FullName>
          <Methods>
            <Method skippedDueTo="AutoImplementedProperty" visited="false" cyclomaticComplexity="1" nPathComplexity="0" sequenceCoverage="0" branchCoverage="0" crapScore="0" isConstructor="false" isStatic="false" isGetter="true" isSetter="false">
              <MetadataToken>100663341</MetadataToken>
              <Name>System.Int32 GoodPracticesChallenge.Course::get_Id()</Name>
              <FileRef uid="14" />
              <SequencePoints />
              <BranchPoints />
            </Method>
            <Method skippedDueTo="AutoImplementedProperty" visited="false" cyclomaticComplexity="1" nPathComplexity="0" sequenceCoverage="0" branchCoverage="0" crapScore="0" isConstructor="false" isStatic="false" isGetter="false" isSetter="true">
              <MetadataToken>100663342</MetadataToken>
              <Name>System.Void GoodPracticesChallenge.Course::set_Id(System.Int32)</Name>
              <FileRef uid="14" />
              <SequencePoints />
              <BranchPoints />
            </Method>
            <Method skippedDueTo="AutoImplementedProperty" visited="false" cyclomaticComplexity="1" nPathComplexity="0" sequenceCoverage="0" branchCoverage="0" crapScore="0" isConstructor="false" isStatic="false" isGetter="true" isSetter="false">
              <MetadataToken>100663343</MetadataToken>
              <Name>System.String GoodPracticesChallenge.Course::get_Name()</Name>
              <FileRef uid="14" />
              <SequencePoints />
              <BranchPoints />
            </Method>
            <Method skippedDueTo="AutoImplementedProperty" visited="false" cyclomaticComplexity="1" nPathComplexity="0" sequenceCoverage="0" branchCoverage="0" crapScore="0" isConstructor="false" isStatic="false" isGetter="false" isSetter="true">
              <MetadataToken>100663344</MetadataToken>
              <Name>System.Void GoodPracticesChallenge.Course::set_Name(System.String)</Name>
              <FileRef uid="14" />
              <SequencePoints />
              <BranchPoints />
            </Method>
            <Method skippedDueTo="AutoImplementedProperty" visited="false" cyclomaticComplexity="1" nPathComplexity="0" sequenceCoverage="0" branchCoverage="0" crapScore="0" isConstructor="false" isStatic="false" isGetter="true" isSetter="false">
              <MetadataToken>100663345</MetadataToken>
              <Name>System.Collections.Generic.List`1&lt;GoodPracticesChallenge.Student&gt; GoodPracticesChallenge.Course::get_Students()</Name>
              <FileRef uid="14" />
              <SequencePoints />
              <BranchPoints />
            </Method>
            <Method skippedDueTo="AutoImplementedProperty" visited="false" cyclomaticComplexity="1" nPathComplexity="0" sequenceCoverage="0" branchCoverage="0" crapScore="0" isConstructor="false" isStatic="false" isGetter="false" isSetter="true">
              <MetadataToken>100663346</MetadataToken>
              <Name>System.Void GoodPracticesChallenge.Course::set_Students(System.Collections.Generic.List`1&lt;GoodPracticesChallenge.Student&gt;)</Name>
              <FileRef uid="14" />
              <SequencePoints />
              <BranchPoints />
            </Method>
            <Method skippedDueTo="AutoImplementedProperty" visited="false" cyclomaticComplexity="1" nPathComplexity="0" sequenceCoverage="0" branchCoverage="0" crapScore="0" isConstructor="false" isStatic="false" isGetter="true" isSetter="false">
              <MetadataToken>100663347</MetadataToken>
              <Name>GoodPracticesChallenge.Student GoodPracticesChallenge.Course::get_Headman()</Name>
              <FileRef uid="14" />
              <SequencePoints />
              <BranchPoints />
            </Method>
            <Method skippedDueTo="AutoImplementedProperty" visited="false" cyclomaticComplexity="1" nPathComplexity="0" sequenceCoverage="0" branchCoverage="0" crapScore="0" isConstructor="false" isStatic="false" isGetter="false" isSetter="true">
              <MetadataToken>100663348</MetadataToken>
              <Name>System.Void GoodPracticesChallenge.Course::set_Headman(GoodPracticesChallenge.Student)</Name>
              <FileRef uid="14" />
              <SequencePoints />
              <BranchPoints />
            </Method>
            <Method skippedDueTo="AutoImplementedProperty" visited="false" cyclomaticComplexity="1" nPathComplexity="0" sequenceCoverage="0" branchCoverage="0" crapScore="0" isConstructor="false" isStatic="false" isGetter="true" isSetter="false">
              <MetadataToken>100663349</MetadataToken>
              <Name>System.Collections.Generic.List`1&lt;GoodPracticesChallenge.Subject&gt; GoodPracticesChallenge.Course::get_Subjects()</Name>
              <FileRef uid="14" />
              <SequencePoints />
              <BranchPoints />
            </Method>
            <Method skippedDueTo="AutoImplementedProperty" visited="false" cyclomaticComplexity="1" nPathComplexity="0" sequenceCoverage="0" branchCoverage="0" crapScore="0" isConstructor="false" isStatic="false" isGetter="false" isSetter="true">
              <MetadataToken>100663350</MetadataToken>
              <Name>System.Void GoodPracticesChallenge.Course::set_Subjects(System.Collections.Generic.List`1&lt;GoodPracticesChallenge.Subject&gt;)</Name>
              <FileRef uid="14" />
              <SequencePoints />
              <BranchPoints />
            </Method>
            <Method visited="false" cyclomaticComplexity="1" nPathComplexity="0" sequenceCoverage="0" branchCoverage="0" crapScore="2" isConstructor="true" isStatic="false" isGetter="false" isSetter="false">
              <Summary numSequencePoints="3" visitedSequencePoints="0" numBranchPoints="1" visitedBranchPoints="0" sequenceCoverage="0" branchCoverage="0" maxCyclomaticComplexity="1" minCyclomaticComplexity="1" maxCrapScore="2" minCrapScore="2" visitedClasses="0" numClasses="0" visitedMethods="0" numMethods="1" />
              <MetadataToken>100663339</MetadataToken>
              <Name>System.Void GoodPracticesChallenge.Course::.ctor()</Name>
              <FileRef uid="14" />
              <SequencePoints>
                <SequencePoint vc="0" uspid="175" ordinal="0" offset="0" sl="7" sc="9" el="7" ec="24" bec="0" bev="0" fileid="14" />
                <SequencePoint vc="0" uspid="176" ordinal="1" offset="7" sl="8" sc="9" el="8" ec="10" bec="0" bev="0" fileid="14" />
                <SequencePoint vc="0" uspid="177" ordinal="2" offset="8" sl="9" sc="9" el="9" ec="10" bec="0" bev="0" fileid="14" />
              </SequencePoints>
              <BranchPoints />
              <MethodPoint xsi:type="SequencePoint" vc="0" uspid="175" ordinal="0" offset="0" sl="7" sc="9" el="7" ec="24" bec="0" bev="0" fileid="14" />
            </Method>
            <Method visited="false" cyclomaticComplexity="1" nPathComplexity="0" sequenceCoverage="0" branchCoverage="0" crapScore="2" isConstructor="true" isStatic="false" isGetter="false" isSetter="false">
              <Summary numSequencePoints="5" visitedSequencePoints="0" numBranchPoints="1" visitedBranchPoints="0" sequenceCoverage="0" branchCoverage="0" maxCyclomaticComplexity="1" minCyclomaticComplexity="1" maxCrapScore="2" minCrapScore="2" visitedClasses="0" numClasses="0" visitedMethods="0" numMethods="1" />
              <MetadataToken>100663340</MetadataToken>
              <Name>System.Void GoodPracticesChallenge.Course::.ctor(System.String,GoodPracticesChallenge.Student)</Name>
              <FileRef uid="14" />
              <SequencePoints>
                <SequencePoint vc="0" uspid="178" ordinal="0" offset="0" sl="11" sc="9" el="11" ec="52" bec="0" bev="0" fileid="14" />
                <SequencePoint vc="0" uspid="179" ordinal="1" offset="7" sl="12" sc="9" el="12" ec="10" bec="0" bev="0" fileid="14" />
                <SequencePoint vc="0" uspid="180" ordinal="2" offset="8" sl="13" sc="13" el="13" ec="30" bec="0" bev="0" fileid="14" />
                <SequencePoint vc="0" uspid="181" ordinal="3" offset="16" sl="14" sc="13" el="14" ec="36" bec="0" bev="0" fileid="14" />
                <SequencePoint vc="0" uspid="182" ordinal="4" offset="24" sl="15" sc="9" el="15" ec="10" bec="0" bev="0" fileid="14" />
              </SequencePoints>
              <BranchPoints />
              <MethodPoint xsi:type="SequencePoint" vc="0" uspid="178" ordinal="0" offset="0" sl="11" sc="9" el="11" ec="52" bec="0" bev="0" fileid="14" />
            </Method>
            <Method visited="false" cyclomaticComplexity="1" nPathComplexity="0" sequenceCoverage="0" branchCoverage="0" crapScore="2" isConstructor="false" isStatic="false" isGetter="false" isSetter="false">
              <Summary numSequencePoints="3" visitedSequencePoints="0" numBranchPoints="1" visitedBranchPoints="0" sequenceCoverage="0" branchCoverage="0" maxCyclomaticComplexity="1" minCyclomaticComplexity="1" maxCrapScore="2" minCrapScore="2" visitedClasses="0" numClasses="0" visitedMethods="0" numMethods="1" />
              <MetadataToken>100663351</MetadataToken>
              <Name>System.String GoodPracticesChallenge.Course::ToString()</Name>
              <FileRef uid="14" />
              <SequencePoints>
                <SequencePoint vc="0" uspid="183" ordinal="0" offset="0" sl="24" sc="9" el="24" ec="10" bec="0" bev="0" fileid="14" />
                <SequencePoint vc="0" uspid="184" ordinal="1" offset="1" sl="25" sc="13" el="25" ec="70" bec="0" bev="0" fileid="14" />
                <SequencePoint vc="0" uspid="185" ordinal="2" offset="65" sl="26" sc="9" el="26" ec="10" bec="0" bev="0" fileid="14" />
              </SequencePoints>
              <BranchPoints />
              <MethodPoint xsi:type="SequencePoint" vc="0" uspid="183" ordinal="0" offset="0" sl="24" sc="9" el="24" ec="10" bec="0" bev="0" fileid="14" />
            </Method>
          </Methods>
        </Class>
        <Class>
          <Summary numSequencePoints="83" visitedSequencePoints="0" numBranchPoints="19" visitedBranchPoints="0" sequenceCoverage="0" branchCoverage="0" maxCyclomaticComplexity="4" minCyclomaticComplexity="1" maxCrapScore="20" minCrapScore="2" visitedClasses="0" numClasses="1" visitedMethods="0" numMethods="7" />
          <FullName>GoodPracticesChallenge.CourseDAO</FullName>
          <Methods>
            <Method visited="false" cyclomaticComplexity="1" nPathComplexity="0" sequenceCoverage="0" branchCoverage="0" crapScore="2" isConstructor="true" isStatic="false" isGetter="false" isSetter="false">
              <Summary numSequencePoints="5" visitedSequencePoints="0" numBranchPoints="1" visitedBranchPoints="0" sequenceCoverage="0" branchCoverage="0" maxCyclomaticComplexity="1" minCyclomaticComplexity="1" maxCrapScore="2" minCrapScore="2" visitedClasses="0" numClasses="0" visitedMethods="0" numMethods="1" />
              <MetadataToken>100663352</MetadataToken>
              <Name>System.Void GoodPracticesChallenge.CourseDAO::.ctor(GoodPracticesChallenge.IDataBaseContext,GoodPracticesChallenge.IMessaging)</Name>
              <FileRef uid="15" />
              <SequencePoints>
                <SequencePoint vc="0" uspid="186" ordinal="0" offset="0" sl="15" sc="3" el="15" ec="75" bec="0" bev="0" fileid="15" />
                <SequencePoint vc="0" uspid="187" ordinal="1" offset="7" sl="16" sc="3" el="16" ec="4" bec="0" bev="0" fileid="15" />
                <SequencePoint vc="0" uspid="188" ordinal="2" offset="8" sl="17" sc="4" el="17" ec="39" bec="0" bev="0" fileid="15" />
                <SequencePoint vc="0" uspid="189" ordinal="3" offset="15" sl="18" sc="4" el="18" ec="27" bec="0" bev="0" fileid="15" />
                <SequencePoint vc="0" uspid="190" ordinal="4" offset="22" sl="19" sc="3" el="19" ec="4" bec="0" bev="0" fileid="15" />
              </SequencePoints>
              <BranchPoints />
              <MethodPoint xsi:type="SequencePoint" vc="0" uspid="186" ordinal="0" offset="0" sl="15" sc="3" el="15" ec="75" bec="0" bev="0" fileid="15" />
            </Method>
            <Method visited="false" cyclomaticComplexity="2" nPathComplexity="2" sequenceCoverage="0" branchCoverage="0" crapScore="6" isConstructor="false" isStatic="false" isGetter="false" isSetter="false">
              <Summary numSequencePoints="15" visitedSequencePoints="0" numBranchPoints="3" visitedBranchPoints="0" sequenceCoverage="0" branchCoverage="0" maxCyclomaticComplexity="2" minCyclomaticComplexity="2" maxCrapScore="6" minCrapScore="6" visitedClasses="0" numClasses="0" visitedMethods="0" numMethods="1" />
              <MetadataToken>100663353</MetadataToken>
              <Name>System.Void GoodPracticesChallenge.CourseDAO::Create(System.String,System.Int32)</Name>
              <FileRef uid="15" />
              <SequencePoints>
                <SequencePoint vc="0" uspid="191" ordinal="0" offset="0" sl="22" sc="9" el="22" ec="10" bec="0" bev="0" fileid="15" />
                <SequencePoint vc="0" uspid="192" ordinal="1" offset="1" sl="26" sc="17" el="26" ec="49" bec="0" bev="0" fileid="15" />
                <SequencePoint vc="0" uspid="193" ordinal="2" offset="7" sl="27" sc="17" el="27" ec="69" bec="0" bev="0" fileid="15" />
                <SequencePoint vc="0" uspid="194" ordinal="3" offset="39" sl="29" sc="17" el="29" ec="37" bec="2" bev="0" fileid="15" />
                <SequencePoint vc="0" uspid="195" ordinal="4" offset="47" sl="30" sc="17" el="30" ec="18" bec="0" bev="0" fileid="15" />
                <SequencePoint vc="0" uspid="196" ordinal="5" offset="48" sl="31" sc="6" el="31" ec="56" bec="0" bev="0" fileid="15" />
                <SequencePoint vc="0" uspid="197" ordinal="6" offset="65" sl="32" sc="17" el="32" ec="18" bec="0" bev="0" fileid="15" />
                <SequencePoint vc="0" uspid="198" ordinal="7" offset="68" sl="34" sc="17" el="34" ec="18" bec="0" bev="0" fileid="15" />
                <SequencePoint vc="0" uspid="199" ordinal="8" offset="69" sl="35" sc="21" el="35" ec="63" bec="0" bev="0" fileid="15" />
                <SequencePoint vc="0" uspid="200" ordinal="9" offset="77" sl="36" sc="21" el="36" ec="59" bec="0" bev="0" fileid="15" />
                <SequencePoint vc="0" uspid="201" ordinal="10" offset="89" sl="37" sc="21" el="37" ec="50" bec="0" bev="0" fileid="15" />
[...]
              <Name>System.Void GoodPracticesChallenge.TeacherDAO/&lt;&gt;c::.ctor()</Name>
              <SequencePoints />
              <BranchPoints />
              <MethodPoint vc="0" uspid="924" ordinal="0" offset="0" />
            </Method>
          </Methods>
        </Class>
        <Class>
          <Summary numSequencePoints="0" visitedSequencePoints="0" numBranchPoints="0" visitedBranchPoints="0" sequenceCoverage="0" branchCoverage="0" maxCyclomaticComplexity="1" minCyclomaticComplexity="1" maxCrapScore="2" minCrapScore="2" visitedClasses="0" numClasses="0" visitedMethods="0" numMethods="0" />
          <FullName>GoodPracticesChallenge.TeacherDAO/&lt;&gt;c__DisplayClass7_0</FullName>
          <Methods>
            <Method visited="false" cyclomaticComplexity="1" nPathComplexity="0" sequenceCoverage="0" branchCoverage="0" crapScore="2" isConstructor="true" isStatic="false" isGetter="false" isSetter="false">
              <Summary numSequencePoints="0" visitedSequencePoints="0" numBranchPoints="0" visitedBranchPoints="0" sequenceCoverage="0" branchCoverage="0" maxCyclomaticComplexity="1" minCyclomaticComplexity="1" maxCrapScore="2" minCrapScore="2" visitedClasses="0" numClasses="0" visitedMethods="0" numMethods="0" />
              <MetadataToken>100663495</MetadataToken>
              <Name>System.Void GoodPracticesChallenge.TeacherDAO/&lt;&gt;c__DisplayClass7_0::.ctor()</Name>
              <SequencePoints />
              <BranchPoints />
              <MethodPoint vc="0" uspid="925" ordinal="0" offset="0" />
            </Method>
          </Methods>
        </Class>
        <Class>
          <Summary numSequencePoints="0" visitedSequencePoints="0" numBranchPoints="0" visitedBranchPoints="0" sequenceCoverage="0" branchCoverage="0" maxCyclomaticComplexity="1" minCyclomaticComplexity="1" maxCrapScore="2" minCrapScore="2" visitedClasses="0" numClasses="0" visitedMethods="0" numMethods="0" />
          <FullName>GoodPracticesChallenge.TeacherDAO/&lt;&gt;c__DisplayClass8_0</FullName>
          <Methods>
            <Method visited="false" cyclomaticComplexity="1" nPathComplexity="0" sequenceCoverage="0" branchCoverage="0" crapScore="2" isConstructor="true" isStatic="false" isGetter="false" isSetter="false">
              <Summary numSequencePoints="0" visitedSequencePoints="0" numBranchPoints="0" visitedBranchPoints="0" sequenceCoverage="0" branchCoverage="0" maxCyclomaticComplexity="1" minCyclomaticComplexity="1" maxCrapScore="2" minCrapScore="2" visitedClasses="0" numClasses="0" visitedMethods="0" numMethods="0" />
              <MetadataToken>100663496</MetadataToken>
              <Name>System.Void GoodPracticesChallenge.TeacherDAO/&lt;&gt;c__DisplayClass8_0::.ctor()</Name>
              <SequencePoints />
              <BranchPoints />
              <MethodPoint vc="0" uspid="926" ordinal="0" offset="0" />
            </Method>
          </Methods>
        </Class>
        <Class>
          <Summary numSequencePoints="14" visitedSequencePoints="0" numBranchPoints="1" visitedBranchPoints="0" sequenceCoverage="0" branchCoverage="0" maxCyclomaticComplexity="1" minCyclomaticComplexity="1" maxCrapScore="2" minCrapScore="2" visitedClasses="0" numClasses="1" visitedMethods="0" numMethods="1" />
          <FullName>GoodPracticesChallenge.RegistDependencies</FullName>
          <Methods>
            <Method visited="false" cyclomaticComplexity="1" nPathComplexity="0" sequenceCoverage="0" branchCoverage="0" crapScore="2" isConstructor="false" isStatic="true" isGetter="false" isSetter="false">
              <Summary numSequencePoints="14" visitedSequencePoints="0" numBranchPoints="1" visitedBranchPoints="0" sequenceCoverage="0" branchCoverage="0" maxCyclomaticComplexity="1" minCyclomaticComplexity="1" maxCrapScore="2" minCrapScore="2" visitedClasses="0" numClasses="0" visitedMethods="0" numMethods="1" />
              <MetadataToken>100663460</MetadataToken>
              <Name>System.Void GoodPracticesChallenge.RegistDependencies::Regist()</Name>
              <FileRef uid="29" />
              <SequencePoints>
                <SequencePoint vc="0" uspid="927" ordinal="0" offset="0" sl="15" sc="9" el="15" ec="10" bec="0" bev="0" fileid="29" />
                <SequencePoint vc="0" uspid="928" ordinal="1" offset="1" sl="16" sc="13" el="16" ec="50" bec="0" bev="0" fileid="29" />
                <SequencePoint vc="0" uspid="929" ordinal="2" offset="7" sl="17" sc="13" el="17" ec="72" bec="0" bev="0" fileid="29" />
                <SequencePoint vc="0" uspid="930" ordinal="3" offset="19" sl="18" sc="13" el="18" ec="76" bec="0" bev="0" fileid="29" />
                <SequencePoint vc="0" uspid="931" ordinal="4" offset="31" sl="19" sc="13" el="19" ec="64" bec="0" bev="0" fileid="29" />
                <SequencePoint vc="0" uspid="932" ordinal="5" offset="43" sl="20" sc="13" el="20" ec="76" bec="0" bev="0" fileid="29" />
                <SequencePoint vc="0" uspid="933" ordinal="6" offset="55" sl="21" sc="13" el="21" ec="64" bec="0" bev="0" fileid="29" />
                <SequencePoint vc="0" uspid="934" ordinal="7" offset="67" sl="22" sc="13" el="22" ec="82" bec="0" bev="0" fileid="29" />
                <SequencePoint vc="0" uspid="935" ordinal="8" offset="79" sl="23" sc="13" el="23" ec="66" bec="0" bev="0" fileid="29" />
                <SequencePoint vc="0" uspid="936" ordinal="9" offset="91" sl="24" sc="13" el="24" ec="66" bec="0" bev="0" fileid="29" />
                <SequencePoint vc="0" uspid="937" ordinal="10" offset="103" sl="25" sc="13" el="25" ec="66" bec="0" bev="0" fileid="29" />
                <SequencePoint vc="0" uspid="938" ordinal="11" offset="115" sl="26" sc="13" el="26" ec="76" bec="0" bev="0" fileid="29" />
                <SequencePoint vc="0" uspid="939" ordinal="12" offset="127" sl="28" sc="13" el="28" ec="41" bec="0" bev="0" fileid="29" />
                <SequencePoint vc="0" uspid="940" ordinal="13" offset="139" sl="29" sc="9" el="29" ec="10" bec="0" bev="0" fileid="29" />
              </SequencePoints>
              <BranchPoints />
              <MethodPoint xsi:type="SequencePoint" vc="0" uspid="927" ordinal="0" offset="0" sl="15" sc="9" el="15" ec="10" bec="0" bev="0" fileid="29" />
            </Method>
          </Methods>
        </Class>
        <Class>
          <Summary numSequencePoints="18" visitedSequencePoints="0" numBranchPoints="6" visitedBranchPoints="0" sequenceCoverage="0" branchCoverage="0" maxCyclomaticComplexity="1" minCyclomaticComplexity="1" maxCrapScore="2" minCrapScore="2" visitedClasses="0" numClasses="1" visitedMethods="0" numMethods="6" />
          <FullName>GoodPracticesChallenge.Migrations.CreateDB</FullName>
          <Methods>
            <Method visited="false" cyclomaticComplexity="1" nPathComplexity="0" sequenceCoverage="0" branchCoverage="0" crapScore="2" isConstructor="false" isStatic="false" isGetter="true" isSetter="false">
              <Summary numSequencePoints="3" visitedSequencePoints="0" numBranchPoints="1" visitedBranchPoints="0" sequenceCoverage="0" branchCoverage="0" maxCyclomaticComplexity="1" minCyclomaticComplexity="1" maxCrapScore="2" minCrapScore="2" visitedClasses="0" numClasses="0" visitedMethods="0" numMethods="1" />
              <MetadataToken>100663463</MetadataToken>
              <Name>System.String GoodPracticesChallenge.Migrations.CreateDB::System.Data.Entity.Migrations.Infrastructure.IMigrationMetadata.get_Id()</Name>
              <FileRef uid="31" />
              <SequencePoints>
                <SequencePoint vc="0" uspid="941" ordinal="0" offset="0" sl="16" sc="17" el="16" ec="18" bec="0" bev="0" fileid="31" />
                <SequencePoint vc="0" uspid="942" ordinal="1" offset="1" sl="16" sc="19" el="16" ec="53" bec="0" bev="0" fileid="31" />
                <SequencePoint vc="0" uspid="943" ordinal="2" offset="9" sl="16" sc="54" el="16" ec="55" bec="0" bev="0" fileid="31" />
              </SequencePoints>
              <BranchPoints />
              <MethodPoint xsi:type="SequencePoint" vc="0" uspid="941" ordinal="0" offset="0" sl="16" sc="17" el="16" ec="18" bec="0" bev="0" fileid="31" />
            </Method>
            <Method visited="false" cyclomaticComplexity="1" nPathComplexity="0" sequenceCoverage="0" branchCoverage="0" crapScore="2" isConstructor="false" isStatic="false" isGetter="true" isSetter="false">
              <Summary numSequencePoints="3" visitedSequencePoints="0" numBranchPoints="1" visitedBranchPoints="0" sequenceCoverage="0" branchCoverage="0" maxCyclomaticComplexity="1" minCyclomaticComplexity="1" maxCrapScore="2" minCrapScore="2" visitedClasses="0" numClasses="0" visitedMethods="0" numMethods="1" />
              <MetadataToken>100663464</MetadataToken>
              <Name>System.String GoodPracticesChallenge.Migrations.CreateDB::System.Data.Entity.Migrations.Infrastructure.IMigrationMetadata.get_Source()</Name>
              <FileRef uid="31" />
              <SequencePoints>
                <SequencePoint vc="0" uspid="944" ordinal="0" offset="0" sl="21" sc="17" el="21" ec="18" bec="0" bev="0" fileid="31" />
                <SequencePoint vc="0" uspid="945" ordinal="1" offset="1" sl="21" sc="19" el="21" ec="31" bec="0" bev="0" fileid="31" />
                <SequencePoint vc="0" uspid="946" ordinal="2" offset="5" sl="21" sc="32" el="21" ec="33" bec="0" bev="0" fileid="31" />
              </SequencePoints>
              <BranchPoints />
              <MethodPoint xsi:type="SequencePoint" vc="0" uspid="944" ordinal="0" offset="0" sl="21" sc="17" el="21" ec="18" bec="0" bev="0" fileid="31" />
            </Method>
            <Method visited="false" cyclomaticComplexity="1" nPathComplexity="0" sequenceCoverage="0" branchCoverage="0" crapScore="2" isConstructor="false" isStatic="false" isGetter="true" isSetter="false">
              <Summary numSequencePoints="3" visitedSequencePoints="0" numBranchPoints="1" visitedBranchPoints="0" sequenceCoverage="0" branchCoverage="0" maxCyclomaticComplexity="1" minCyclomaticComplexity="1" maxCrapScore="2" minCrapScore="2" visitedClasses="0" numClasses="0" visitedMethods="0" numMethods="1" />
              <MetadataToken>100663465</MetadataToken>
              <Name>System.String GoodPracticesChallenge.Migrations.CreateDB::System.Data.Entity.Migrations.Infrastructure.IMigrationMetadata.get_Target()</Name>
              <FileRef uid="31" />
              <SequencePoints>
                <SequencePoint vc="0" uspid="947" ordinal="0" offset="0" sl="26" sc="17" el="26" ec="18" bec="0" bev="0" fileid="31" />
                <SequencePoint vc="0" uspid="948" ordinal="1" offset="1" sl="26" sc="19" el="26" ec="56" bec="0" bev="0" fileid="31" />
                <SequencePoint vc="0" uspid="949" ordinal="2" offset="20" sl="26" sc="57" el="26" ec="58" bec="0" bev="0" fileid="31" />
              </SequencePoints>
              <BranchPoints />
              <MethodPoint xsi:type="SequencePoint" vc="0" uspid="947" ordinal="0" offset="0" sl="26" sc="17" el="26" ec="18" bec="0" bev="0" fileid="31" />
            </Method>
            <Method visited="false" cyclomaticComplexity="1" nPathComplexity="0" sequenceCoverage="0" branchCoverage="0" crapScore="2" isConstructor="false" isStatic="false" isGetter="false" isSetter="false">
              <Summary numSequencePoints="4" visitedSequencePoints="0" numBranchPoints="1" visitedBranchPoints="0" sequenceCoverage="0" branchCoverage="0" maxCyclomaticComplexity="1" minCyclomaticComplexity="1" maxCrapScore="2" minCrapScore="2" visitedClasses="0" numClasses="0" visitedMethods="0" numMethods="1" />
              <MetadataToken>100663461</MetadataToken>
              <Name>System.Void GoodPracticesChallenge.Migrations.CreateDB::Up()</Name>
              <FileRef uid="30" />
              <SequencePoints>
                <SequencePoint vc="0" uspid="950" ordinal="0" offset="0" sl="9" sc="9" el="9" ec="10" bec="0" bev="0" fileid="30" />
                <SequencePoint vc="0" uspid="951" ordinal="1" offset="1" sl="10" sc="13" el="10" ec="61" bec="0" bev="0" fileid="30" />
                <SequencePoint vc="0" uspid="952" ordinal="2" offset="28" sl="11" sc="13" el="11" ec="53" bec="0" bev="0" fileid="30" />
                <SequencePoint vc="0" uspid="953" ordinal="3" offset="49" sl="12" sc="9" el="12" ec="10" bec="0" bev="0" fileid="30" />
              </SequencePoints>
              <BranchPoints />
              <MethodPoint xsi:type="SequencePoint" vc="0" uspid="950" ordinal="0" offset="0" sl="9" sc="9" el="9" ec="10" bec="0" bev="0" fileid="30" />
            </Method>
            <Method visited="false" cyclomaticComplexity="1" nPathComplexity="0" sequenceCoverage="0" branchCoverage="0" crapScore="2" isConstructor="false" isStatic="false" isGetter="false" isSetter="false">
              <Summary numSequencePoints="4" visitedSequencePoints="0" numBranchPoints="1" visitedBranchPoints="0" sequenceCoverage="0" branchCoverage="0" maxCyclomaticComplexity="1" minCyclomaticComplexity="1" maxCrapScore="2" minCrapScore="2" visitedClasses="0" numClasses="0" visitedMethods="0" numMethods="1" />
              <MetadataToken>100663462</MetadataToken>
              <Name>System.Void GoodPracticesChallenge.Migrations.CreateDB::Down()</Name>
              <FileRef uid="30" />
              <SequencePoints>
                <SequencePoint vc="0" uspid="954" ordinal="0" offset="0" sl="15" sc="9" el="15" ec="10" bec="0" bev="0" fileid="30" />
                <SequencePoint vc="0" uspid="955" ordinal="1" offset="1" sl="16" sc="13" el="16" ec="61" bec="0" bev="0" fileid="30" />
                <SequencePoint vc="0" uspid="956" ordinal="2" offset="28" sl="17" sc="13" el="17" ec="53" bec="0" bev="0" fileid="30" />
                <SequencePoint vc="0" uspid="957" ordinal="3" offset="49" sl="18" sc="9" el="18" ec="10" bec="0" bev="0" fileid="30" />
              </SequencePoints>
              <BranchPoints />
              <MethodPoint xsi:type="SequencePoint" vc="0" uspid="954" ordinal="0" offset="0" sl="15" sc="9" el="15" ec="10" bec="0" bev="0" fileid="30" />
            </Method>
            <Method visited="false" cyclomaticComplexity="1" nPathComplexity="0" sequenceCoverage="0" branchCoverage="0" crapScore="2" isConstructor="true" isStatic="false" isGetter="false" isSetter="false">
              <Summary numSequencePoints="1" visitedSequencePoints="0" numBranchPoints="1" visitedBranchPoints="0" sequenceCoverage="0" branchCoverage="0" maxCyclomaticComplexity="1" minCyclomaticComplexity="1" maxCrapScore="2" minCrapScore="2" visitedClasses="0" numClasses="0" visitedMethods="0" numMethods="1" />
              <MetadataToken>100663466</MetadataToken>
              <Name>System.Void GoodPracticesChallenge.Migrations.CreateDB::.ctor()</Name>
              <FileRef uid="31" />
              <SequencePoints>
                <SequencePoint vc="0" uspid="958" ordinal="0" offset="0" sl="12" sc="9" el="12" ec="92" bec="0" bev="0" fileid="31" />
              </SequencePoints>
              <BranchPoints />
              <MethodPoint xsi:type="SequencePoint" vc="0" uspid="958" ordinal="0" offset="0" sl="12" sc="9" el="12" ec="92" bec="0" bev="0" fileid="31" />
            </Method>
          </Methods>
        </Class>
        <Class>
          <Summary numSequencePoints="6" visitedSequencePoints="0" numBranchPoints="2" visitedBranchPoints="0" sequenceCoverage="0" branchCoverage="0" maxCyclomaticComplexity="1" minCyclomaticComplexity="1" maxCrapScore="2" minCrapScore="2" visitedClasses="0" numClasses="1" visitedMethods="0" numMethods="2" />
          <FullName>GoodPracticesChallenge.Migrations.Configuration</FullName>
          <Methods>
            <Method visited="false" cyclomaticComplexity="1" nPathComplexity="0" sequenceCoverage="0" branchCoverage="0" crapScore="2" isConstructor="true" isStatic="false" isGetter="false" isSetter="false">
              <Summary numSequencePoints="4" visitedSequencePoints="0" numBranchPoints="1" visitedBranchPoints="0" sequenceCoverage="0" branchCoverage="0" maxCyclomaticComplexity="1" minCyclomaticComplexity="1" maxCrapScore="2" minCrapScore="2" visitedClasses="0" numClasses="0" visitedMethods="0" numMethods="1" />
              <MetadataToken>100663467</MetadataToken>
              <Name>System.Void GoodPracticesChallenge.Migrations.Configuration::.ctor()</Name>
              <FileRef uid="32" />
              <SequencePoints>
                <SequencePoint vc="0" uspid="959" ordinal="0" offset="0" sl="10" sc="9" el="10" ec="31" bec="0" bev="0" fileid="32" />
                <SequencePoint vc="0" uspid="960" ordinal="1" offset="7" sl="11" sc="9" el="11" ec="10" bec="0" bev="0" fileid="32" />
                <SequencePoint vc="0" uspid="961" ordinal="2" offset="8" sl="12" sc="13" el="12" ec="48" bec="0" bev="0" fileid="32" />
                <SequencePoint vc="0" uspid="962" ordinal="3" offset="16" sl="13" sc="9" el="13" ec="10" bec="0" bev="0" fileid="32" />
              </SequencePoints>
              <BranchPoints />
              <MethodPoint xsi:type="SequencePoint" vc="0" uspid="959" ordinal="0" offset="0" sl="10" sc="9" el="10" ec="31" bec="0" bev="0" fileid="32" />
            </Method>
            <Method visited="false" cyclomaticComplexity="1" nPathComplexity="0" sequenceCoverage="0" branchCoverage="0" crapScore="2" isConstructor="false" isStatic="false" isGetter="false" isSetter="false">
              <Summary numSequencePoints="2" visitedSequencePoints="0" numBranchPoints="1" visitedBranchPoints="0" sequenceCoverage="0" branchCoverage="0" maxCyclomaticComplexity="1" minCyclomaticComplexity="1" maxCrapScore="2" minCrapScore="2" visitedClasses="0" numClasses="0" visitedMethods="0" numMethods="1" />
              <MetadataToken>100663468</MetadataToken>
              <Name>System.Void GoodPracticesChallenge.Migrations.Configuration::Seed(GoodPracticesChallenge.DataBaseContext)</Name>
              <FileRef uid="32" />
              <SequencePoints>
                <SequencePoint vc="0" uspid="963" ordinal="0" offset="0" sl="16" sc="9" el="16" ec="10" bec="0" bev="0" fileid="32" />
                <SequencePoint vc="0" uspid="964" ordinal="1" offset="1" sl="21" sc="9" el="21" ec="10" bec="0" bev="0" fileid="32" />
              </SequencePoints>
              <BranchPoints />
              <MethodPoint xsi:type="SequencePoint" vc="0" uspid="963" ordinal="0" offset="0" sl="16" sc="9" el="16" ec="10" bec="0" bev="0" fileid="32" />
            </Method>
          </Methods>
        </Class>
        <Class>
          <Summary numSequencePoints="0" visitedSequencePoints="0" numBranchPoints="0" visitedBranchPoints="0" sequenceCoverage="0" branchCoverage="0" maxCyclomaticComplexity="3" minCyclomaticComplexity="3" maxCrapScore="12" minCrapScore="12" visitedClasses="0" numClasses="0" visitedMethods="0" numMethods="0" />
          <FullName>&lt;PrivateImplementationDetails&gt;</FullName>
          <Methods>
            <Method visited="false" cyclomaticComplexity="3" nPathComplexity="0" sequenceCoverage="0" branchCoverage="0" crapScore="12" isConstructor="false" isStatic="true" isGetter="false" isSetter="false">
              <Summary numSequencePoints="0" visitedSequencePoints="0" numBranchPoints="0" visitedBranchPoints="0" sequenceCoverage="0" branchCoverage="0" maxCyclomaticComplexity="3" minCyclomaticComplexity="3" maxCrapScore="12" minCrapScore="12" visitedClasses="0" numClasses="0" visitedMethods="0" numMethods="0" />
              <MetadataToken>100663469</MetadataToken>
              <Name>System.UInt32 &lt;PrivateImplementationDetails&gt;::ComputeStringHash(System.String)</Name>
              <SequencePoints />
              <BranchPoints />
              <MethodPoint vc="0" uspid="965" ordinal="0" offset="0" />
            </Method>
          </Methods>
        </Class>
      </Classes>
      <TrackedMethods />
    </Module>
  </Modules>
</CoverageSession>