<?xml version="1.0" encoding="utf-8"?>
<CoverageSession xmlns:xsd="http://www.w3.org/2001/XMLSchema" xmlns:xsi="http://www.w3.org/2001/XMLSchema-instance" Version="4.6.0.0">
  <Summary numSequencePoints="817" visitedSequencePoints="54" numBranchPoints="186" visitedBranchPoints="10" sequenceCoverage="6.61" branchCoverage="5.38" maxCyclomaticComplexity="46" minCyclomaticComplexity="1" maxCrapScore="2162" minCrapScore="1" visitedClasses="6" numClasses="27" visitedMethods="9" numMethods="84" />
  <Modules>
    <Module hash="D2-6D-2E-52-B4-6A-06-42-76-09-F1-A6-14-15-C0-C5-19-A8-33-15">
      <Summary numSequencePoints="97" visitedSequencePoints="35" numBranchPoints="14" visitedBranchPoints="5" sequenceCoverage="36.08" branchCoverage="35.71" maxCyclomaticComplexity="2" minCyclomaticComplexity="1" maxCrapScore="6" minCrapScore="1" visitedClasses="3" numClasses="3" visitedMethods="5" numMethods="10" />
      <ModulePath>C:\Users\mssg_\Source\Repos\GoodPracticesChallenge\TestingGoodPractices\bin\Debug\TestingGoodPractices.dll</ModulePath>
      <ModuleTime>2018-08-20T17:01:38.0652516Z</ModuleTime>
      <ModuleName>TestingGoodPractices</ModuleName>
      <Files>
        <File uid="1" fullPath="C:\Users\mssg_\Source\Repos\GoodPracticesChallenge\TestingGoodPractices\GeneralMock.cs" />
        <File uid="3" fullPath="C:\Users\mssg_\Source\Repos\GoodPracticesChallenge\TestingGoodPractices\SubjectDAOTest.cs" />
      </Files>
      <Classes>
        <Class>
          <Summary numSequencePoints="10" visitedSequencePoints="10" numBranchPoints="1" visitedBranchPoints="1" sequenceCoverage="100" branchCoverage="100" maxCyclomaticComplexity="1" minCyclomaticComplexity="1" maxCrapScore="2" minCrapScore="1" visitedClasses="1" numClasses="1" visitedMethods="1" numMethods="1" />
          <FullName>TestingGoodPractices.GeneralMock</FullName>
          <Methods>
            <Method visited="true" cyclomaticComplexity="1" nPathComplexity="0" sequenceCoverage="100" branchCoverage="100" crapScore="1" isConstructor="false" isStatic="true" isGetter="false" isSetter="false">
              <Summary numSequencePoints="10" visitedSequencePoints="10" numBranchPoints="1" visitedBranchPoints="1" sequenceCoverage="100" branchCoverage="100" maxCyclomaticComplexity="1" minCyclomaticComplexity="1" maxCrapScore="1" minCrapScore="1" visitedClasses="0" numClasses="0" visitedMethods="1" numMethods="1" />
              <MetadataToken>100663297</MetadataToken>
              <Name>Moq.Mock`1&lt;System.Data.Entity.DbSet`1&lt;T&gt;&gt; TestingGoodPractices.GeneralMock::GetQueryableMockDbSet(System.Collections.Generic.List`1&lt;T&gt;)</Name>
              <FileRef uid="1" />
              <SequencePoints>
                <SequencePoint vc="1" uspid="1" ordinal="0" offset="6" sl="14" sc="3" el="14" ec="4" bec="0" bev="0" fileid="1">
                  <TrackedMethodRefs>
                    <TrackedMethodRef uid="4" vc="1" />
                  </TrackedMethodRefs>
                </SequencePoint>
                <SequencePoint vc="1" uspid="2" ordinal="1" offset="7" sl="15" sc="4" el="15" ec="45" bec="0" bev="0" fileid="1">
                  <TrackedMethodRefs>
                    <TrackedMethodRef uid="4" vc="1" />
                  </TrackedMethodRefs>
                </SequencePoint>
                <SequencePoint vc="1" uspid="3" ordinal="2" offset="19" sl="17" sc="4" el="17" ec="37" bec="0" bev="0" fileid="1">
                  <TrackedMethodRefs>
                    <TrackedMethodRef uid="4" vc="1" />
                  </TrackedMethodRefs>
                </SequencePoint>
                <SequencePoint vc="1" uspid="4" ordinal="3" offset="30" sl="18" sc="4" el="18" ec="81" bec="0" bev="0" fileid="1">
                  <TrackedMethodRefs>
                    <TrackedMethodRef uid="4" vc="1" />
                  </TrackedMethodRefs>
                </SequencePoint>
                <SequencePoint vc="1" uspid="5" ordinal="4" offset="120" sl="19" sc="4" el="19" ec="85" bec="0" bev="0" fileid="1">
                  <TrackedMethodRefs>
                    <TrackedMethodRef uid="4" vc="1" />
                  </TrackedMethodRefs>
                </SequencePoint>
                <SequencePoint vc="1" uspid="6" ordinal="5" offset="210" sl="20" sc="4" el="20" ec="87" bec="0" bev="0" fileid="1">
                  <TrackedMethodRefs>
                    <TrackedMethodRef uid="4" vc="1" />
                  </TrackedMethodRefs>
                </SequencePoint>
                <SequencePoint vc="1" uspid="7" ordinal="6" offset="300" sl="21" sc="4" el="21" ec="101" bec="0" bev="0" fileid="1">
                  <TrackedMethodRefs>
                    <TrackedMethodRef uid="4" vc="1" />
                  </TrackedMethodRefs>
                </SequencePoint>
                <SequencePoint vc="1" uspid="8" ordinal="7" offset="401" sl="22" sc="4" el="22" ec="80" bec="0" bev="0" fileid="1">
                  <TrackedMethodRefs>
                    <TrackedMethodRef uid="4" vc="1" />
                  </TrackedMethodRefs>
                </SequencePoint>
                <SequencePoint vc="1" uspid="9" ordinal="8" offset="527" sl="23" sc="4" el="23" ec="17" bec="0" bev="0" fileid="1">
                  <TrackedMethodRefs>
                    <TrackedMethodRef uid="4" vc="1" />
                  </TrackedMethodRefs>
                </SequencePoint>
                <SequencePoint vc="1" uspid="10" ordinal="9" offset="536" sl="24" sc="3" el="24" ec="4" bec="0" bev="0" fileid="1">
                  <TrackedMethodRefs>
                    <TrackedMethodRef uid="4" vc="1" />
                  </TrackedMethodRefs>
                </SequencePoint>
              </SequencePoints>
              <BranchPoints />
              <MethodPoint vc="1" uspid="11" ordinal="0" offset="0">
                <TrackedMethodRefs>
                  <TrackedMethodRef uid="4" vc="1" />
                </TrackedMethodRefs>
              </MethodPoint>
            </Method>
            <Method visited="false" cyclomaticComplexity="1" nPathComplexity="0" sequenceCoverage="0" branchCoverage="0" crapScore="2" isConstructor="true" isStatic="false" isGetter="false" isSetter="false">
              <Summary numSequencePoints="0" visitedSequencePoints="0" numBranchPoints="0" visitedBranchPoints="0" sequenceCoverage="0" branchCoverage="0" maxCyclomaticComplexity="1" minCyclomaticComplexity="1" maxCrapScore="2" minCrapScore="2" visitedClasses="0" numClasses="0" visitedMethods="0" numMethods="0" />
              <MetadataToken>100663298</MetadataToken>
              <Name>System.Void TestingGoodPractices.GeneralMock::.ctor()</Name>
              <SequencePoints />
              <BranchPoints />
              <MethodPoint vc="0" uspid="12" ordinal="0" offset="0" />
            </Method>
          </Methods>
        </Class>
        <Class>
          <Summary numSequencePoints="2" visitedSequencePoints="1" numBranchPoints="2" visitedBranchPoints="1" sequenceCoverage="50" branchCoverage="50" maxCyclomaticComplexity="1" minCyclomaticComplexity="1" maxCrapScore="2" minCrapScore="1" visitedClasses="1" numClasses="1" visitedMethods="1" numMethods="2" />
          <FullName>TestingGoodPractices.GeneralMock/&lt;&gt;c__DisplayClass0_0`1</FullName>
          <Methods>
            <Method visited="false" cyclomaticComplexity="1" nPathComplexity="0" sequenceCoverage="0" branchCoverage="0" crapScore="2" isConstructor="true" isStatic="false" isGetter="false" isSetter="false">
              <Summary numSequencePoints="0" visitedSequencePoints="0" numBranchPoints="0" visitedBranchPoints="0" sequenceCoverage="0" branchCoverage="0" maxCyclomaticComplexity="1" minCyclomaticComplexity="1" maxCrapScore="2" minCrapScore="2" visitedClasses="0" numClasses="0" visitedMethods="0" numMethods="0" />
              <MetadataToken>100663307</MetadataToken>
              <Name>System.Void TestingGoodPractices.GeneralMock/&lt;&gt;c__DisplayClass0_0`1::.ctor()</Name>
              <SequencePoints />
              <BranchPoints />
              <MethodPoint vc="0" uspid="13" ordinal="0" offset="0" />
            </Method>
            <Method visited="false" cyclomaticComplexity="1" nPathComplexity="0" sequenceCoverage="0" branchCoverage="0" crapScore="2" isConstructor="false" isStatic="false" isGetter="false" isSetter="false">
              <Summary numSequencePoints="1" visitedSequencePoints="0" numBranchPoints="1" visitedBranchPoints="0" sequenceCoverage="0" branchCoverage="0" maxCyclomaticComplexity="1" minCyclomaticComplexity="1" maxCrapScore="2" minCrapScore="2" visitedClasses="0" numClasses="0" visitedMethods="0" numMethods="1" />
              <MetadataToken>100663308</MetadataToken>
              <Name>System.Collections.Generic.IEnumerator`1&lt;T&gt; TestingGoodPractices.GeneralMock/&lt;&gt;c__DisplayClass0_0`1::&lt;GetQueryableMockDbSet&gt;b__4()</Name>
              <FileRef uid="1" />
              <SequencePoints>
                <SequencePoint vc="0" uspid="14" ordinal="0" offset="0" sl="21" sc="74" el="21" ec="99" bec="0" bev="0" fileid="1" />
              </SequencePoints>
              <BranchPoints />
              <MethodPoint xsi:type="SequencePoint" vc="0" uspid="14" ordinal="0" offset="0" sl="21" sc="74" el="21" ec="99" bec="0" bev="0" fileid="1" />
            </Method>
            <Method visited="true" cyclomaticComplexity="1" nPathComplexity="0" sequenceCoverage="100" branchCoverage="100" crapScore="1" isConstructor="false" isStatic="false" isGetter="false" isSetter="false">
              <Summary numSequencePoints="1" visitedSequencePoints="1" numBranchPoints="1" visitedBranchPoints="1" sequenceCoverage="100" branchCoverage="100" maxCyclomaticComplexity="1" minCyclomaticComplexity="1" maxCrapScore="1" minCrapScore="1" visitedClasses="0" numClasses="0" visitedMethods="1" numMethods="1" />
              <MetadataToken>100663309</MetadataToken>
              <Name>System.Data.Entity.Infrastructure.DbQuery`1&lt;T&gt; TestingGoodPractices.GeneralMock/&lt;&gt;c__DisplayClass0_0`1::&lt;GetQueryableMockDbSet&gt;b__6()</Name>
              <FileRef uid="1" />
              <SequencePoints>
                <SequencePoint vc="1" uspid="15" ordinal="0" offset="0" sl="22" sc="66" el="22" ec="78" bec="0" bev="0" fileid="1">
                  <TrackedMethodRefs>
                    <TrackedMethodRef uid="4" vc="1" />
                  </TrackedMethodRefs>
                </SequencePoint>
              </SequencePoints>
              <BranchPoints />
              <MethodPoint xsi:type="SequencePoint" vc="1" uspid="15" ordinal="0" offset="0" sl="22" sc="66" el="22" ec="78" bec="0" bev="0" fileid="1">
                <TrackedMethodRefs>
                  <TrackedMethodRef uid="4" vc="1" />
                </TrackedMethodRefs>
              </MethodPoint>
            </Method>
          </Methods>
        </Class>
        <Class>
          <Summary numSequencePoints="0" visitedSequencePoints="0" numBranchPoints="0" visitedBranchPoints="0" sequenceCoverage="0" branchCoverage="0" maxCyclomaticComplexity="1" minCyclomaticComplexity="1" maxCrapScore="2" minCrapScore="2" visitedClasses="0" numClasses="0" visitedMethods="0" numMethods="0" />
          <FullName>TestingGoodPractices.GeneralMock/&lt;&gt;c__0`1</FullName>
          <Methods>
            <Method visited="false" cyclomaticComplexity="1" nPathComplexity="0" sequenceCoverage="0" branchCoverage="0" crapScore="2" isConstructor="true" isStatic="true" isGetter="false" isSetter="false">
              <Summary numSequencePoints="0" visitedSequencePoints="0" numBranchPoints="0" visitedBranchPoints="0" sequenceCoverage="0" branchCoverage="0" maxCyclomaticComplexity="1" minCyclomaticComplexity="1" maxCrapScore="2" minCrapScore="2" visitedClasses="0" numClasses="0" visitedMethods="0" numMethods="0" />
              <MetadataToken>100663310</MetadataToken>
              <Name>System.Void TestingGoodPractices.GeneralMock/&lt;&gt;c__0`1::.cctor()</Name>
              <SequencePoints />
              <BranchPoints />
              <MethodPoint vc="0" uspid="16" ordinal="0" offset="0" />
            </Method>
            <Method visited="false" cyclomaticComplexity="1" nPathComplexity="0" sequenceCoverage="0" branchCoverage="0" crapScore="2" isConstructor="true" isStatic="false" isGetter="false" isSetter="false">
              <Summary numSequencePoints="0" visitedSequencePoints="0" numBranchPoints="0" visitedBranchPoints="0" sequenceCoverage="0" branchCoverage="0" maxCyclomaticComplexity="1" minCyclomaticComplexity="1" maxCrapScore="2" minCrapScore="2" visitedClasses="0" numClasses="0" visitedMethods="0" numMethods="0" />
              <MetadataToken>100663311</MetadataToken>
              <Name>System.Void TestingGoodPractices.GeneralMock/&lt;&gt;c__0`1::.ctor()</Name>
              <SequencePoints />
              <BranchPoints />
              <MethodPoint vc="0" uspid="17" ordinal="0" offset="0" />
            </Method>
          </Methods>
        </Class>
        <Class>
          <Summary numSequencePoints="85" visitedSequencePoints="24" numBranchPoints="11" visitedBranchPoints="3" sequenceCoverage="28.24" branchCoverage="27.27" maxCyclomaticComplexity="2" minCyclomaticComplexity="1" maxCrapScore="6" minCrapScore="1" visitedClasses="1" numClasses="1" visitedMethods="3" numMethods="7" />
          <FullName>TestingGoodPractices.SubjectDAOTest</FullName>
          <Methods>
            <Method visited="false" cyclomaticComplexity="2" nPathComplexity="2" sequenceCoverage="0" branchCoverage="0" crapScore="6" isConstructor="false" isStatic="false" isGetter="false" isSetter="false">
              <Summary numSequencePoints="20" visitedSequencePoints="0" numBranchPoints="3" visitedBranchPoints="0" sequenceCoverage="0" branchCoverage="0" maxCyclomaticComplexity="2" minCyclomaticComplexity="2" maxCrapScore="6" minCrapScore="6" visitedClasses="0" numClasses="0" visitedMethods="0" numMethods="1" />
              <MetadataToken>100663299</MetadataToken>
              <Name>System.Void TestingGoodPractices.SubjectDAOTest::ListOfSubjects_Is_Shown()</Name>
              <FileRef uid="3" />
              <SequencePoints>
                <SequencePoint vc="0" uspid="18" ordinal="0" offset="0" sl="18" sc="3" el="18" ec="4" bec="0" bev="0" fileid="3" />
                <SequencePoint vc="0" uspid="19" ordinal="1" offset="1" sl="21" sc="4" el="21" ec="70" bec="0" bev="0" fileid="3" />
                <SequencePoint vc="0" uspid="20" ordinal="2" offset="13" sl="22" sc="4" el="22" ec="47" bec="0" bev="0" fileid="3" />
                <SequencePoint vc="0" uspid="21" ordinal="3" offset="19" sl="23" sc="4" el="23" ec="51" bec="0" bev="0" fileid="3" />
                <SequencePoint vc="0" uspid="22" ordinal="4" offset="25" sl="24" sc="4" el="24" ec="63" bec="0" bev="0" fileid="3" />
                <SequencePoint vc="0" uspid="23" ordinal="5" offset="103" sl="25" sc="4" el="25" ec="71" bec="0" bev="0" fileid="3" />
                <SequencePoint vc="0" uspid="24" ordinal="6" offset="121" sl="26" sc="4" el="26" ec="36" bec="0" bev="0" fileid="3" />
                <SequencePoint vc="0" uspid="25" ordinal="7" offset="129" sl="28" sc="4" el="28" ec="28" bec="0" bev="0" fileid="3" />
                <SequencePoint vc="0" uspid="26" ordinal="8" offset="137" sl="30" sc="4" el="30" ec="29" bec="0" bev="0" fileid="3" />
                <SequencePoint vc="0" uspid="27" ordinal="9" offset="145" sl="31" sc="4" el="31" ec="50" bec="0" bev="0" fileid="3" />
                <SequencePoint vc="0" uspid="28" ordinal="10" offset="165" sl="32" sc="9" el="32" ec="21" bec="0" bev="0" fileid="3" />
                <SequencePoint vc="0" uspid="29" ordinal="11" offset="173" sl="33" sc="4" el="33" ec="5" bec="0" bev="0" fileid="3" />
                <SequencePoint vc="0" uspid="30" ordinal="12" offset="174" sl="34" sc="5" el="34" ec="67" bec="0" bev="0" fileid="3" />
                <SequencePoint vc="0" uspid="31" ordinal="13" offset="208" sl="35" sc="5" el="35" ec="75" bec="0" bev="0" fileid="3" />
                <SequencePoint vc="0" uspid="32" ordinal="14" offset="242" sl="36" sc="5" el="36" ec="57" bec="0" bev="0" fileid="3" />
                <SequencePoint vc="0" uspid="33" ordinal="15" offset="276" sl="37" sc="5" el="37" ec="61" bec="0" bev="0" fileid="3" />
                <SequencePoint vc="0" uspid="34" ordinal="16" offset="310" sl="38" sc="4" el="38" ec="5" bec="0" bev="0" fileid="3" />
                <SequencePoint vc="0" uspid="35" ordinal="17" offset="311" sl="32" sc="44" el="32" ec="50" bec="0" bev="0" fileid="3" />
                <SequencePoint vc="0" uspid="36" ordinal="18" offset="317" sl="32" sc="23" el="32" ec="42" bec="2" bev="0" fileid="3" />
                <SequencePoint vc="0" uspid="37" ordinal="19" offset="337" sl="40" sc="3" el="40" ec="4" bec="0" bev="0" fileid="3" />
              </SequencePoints>
              <BranchPoints>
                <BranchPoint vc="0" uspid="38" ordinal="0" offset="332" sl="32" path="0" offsetend="337" fileid="3" />
                <BranchPoint vc="0" uspid="39" ordinal="1" offset="332" sl="32" path="1" offsetend="173" fileid="3" />
              </BranchPoints>
              <MethodPoint xsi:type="SequencePoint" vc="0" uspid="18" ordinal="0" offset="0" sl="18" sc="3" el="18" ec="4" bec="0" bev="0" fileid="3" />
            </Method>
            <Method visited="false" cyclomaticComplexity="1" nPathComplexity="0" sequenceCoverage="0" branchCoverage="0" crapScore="2" isConstructor="false" isStatic="false" isGetter="false" isSetter="false">
              <Summary numSequencePoints="13" visitedSequencePoints="0" numBranchPoints="1" visitedBranchPoints="0" sequenceCoverage="0" branchCoverage="0" maxCyclomaticComplexity="1" minCyclomaticComplexity="1" maxCrapScore="2" minCrapScore="2" visitedClasses="0" numClasses="0" visitedMethods="0" numMethods="1" />
              <MetadataToken>100663300</MetadataToken>
              <Name>System.Void TestingGoodPractices.SubjectDAOTest::Create_Is_Successful()</Name>
              <FileRef uid="3" />
              <SequencePoints>
                <SequencePoint vc="0" uspid="40" ordinal="0" offset="0" sl="44" sc="3" el="44" ec="4" bec="0" bev="0" fileid="3" />
                <SequencePoint vc="0" uspid="41" ordinal="1" offset="1" sl="46" sc="4" el="46" ec="42" bec="0" bev="0" fileid="3" />
                <SequencePoint vc="0" uspid="42" ordinal="2" offset="14" sl="47" sc="4" el="47" ec="70" bec="0" bev="0" fileid="3" />
                <SequencePoint vc="0" uspid="43" ordinal="3" offset="26" sl="48" sc="4" el="48" ec="47" bec="0" bev="0" fileid="3" />
                <SequencePoint vc="0" uspid="44" ordinal="4" offset="32" sl="49" sc="4" el="49" ec="51" bec="0" bev="0" fileid="3" />
                <SequencePoint vc="0" uspid="45" ordinal="5" offset="38" sl="50" sc="4" el="50" ec="63" bec="0" bev="0" fileid="3" />
                <SequencePoint vc="0" uspid="46" ordinal="6" offset="116" sl="51" sc="4" el="51" ec="71" bec="0" bev="0" fileid="3" />
                <SequencePoint vc="0" uspid="47" ordinal="7" offset="135" sl="54" sc="4" el="54" ec="49" bec="0" bev="0" fileid="3" />
                <SequencePoint vc="0" uspid="48" ordinal="8" offset="155" sl="55" sc="4" el="55" ec="28" bec="0" bev="0" fileid="3" />
                <SequencePoint vc="0" uspid="49" ordinal="9" offset="164" sl="57" sc="4" el="57" ec="66" bec="0" bev="0" fileid="3" />
                <SequencePoint vc="0" uspid="50" ordinal="10" offset="276" sl="58" sc="4" el="58" ec="59" bec="0" bev="0" fileid="3" />
                <SequencePoint vc="0" uspid="51" ordinal="11" offset="353" sl="59" sc="13" el="59" ec="90" bec="0" bev="0" fileid="3" />
                <SequencePoint vc="0" uspid="52" ordinal="12" offset="454" sl="60" sc="9" el="60" ec="10" bec="0" bev="0" fileid="3" />
              </SequencePoints>
              <BranchPoints />
              <MethodPoint xsi:type="SequencePoint" vc="0" uspid="40" ordinal="0" offset="0" sl="44" sc="3" el="44" ec="4" bec="0" bev="0" fileid="3" />
            </Method>
            <Method visited="false" cyclomaticComplexity="2" nPathComplexity="2" sequenceCoverage="0" branchCoverage="0" crapScore="6" isConstructor="false" isStatic="false" isGetter="false" isSetter="false">
              <Summary numSequencePoints="19" visitedSequencePoints="0" numBranchPoints="3" visitedBranchPoints="0" sequenceCoverage="0" branchCoverage="0" maxCyclomaticComplexity="2" minCyclomaticComplexity="2" maxCrapScore="6" minCrapScore="6" visitedClasses="0" numClasses="0" visitedMethods="0" numMethods="1" />
              <MetadataToken>100663301</MetadataToken>
              <Name>System.Void TestingGoodPractices.SubjectDAOTest::SubjectsByTeacher_Is_Correct()</Name>
              <FileRef uid="3" />
              <SequencePoints>
                <SequencePoint vc="0" uspid="53" ordinal="0" offset="0" sl="63" sc="3" el="63" ec="4" bec="0" bev="0" fileid="3" />
                <SequencePoint vc="0" uspid="54" ordinal="1" offset="1" sl="65" sc="4" el="65" ec="69" bec="0" bev="0" fileid="3" />
                <SequencePoint vc="0" uspid="55" ordinal="2" offset="13" sl="66" sc="4" el="66" ec="47" bec="0" bev="0" fileid="3" />
                <SequencePoint vc="0" uspid="56" ordinal="3" offset="19" sl="67" sc="4" el="67" ec="51" bec="0" bev="0" fileid="3" />
                <SequencePoint vc="0" uspid="57" ordinal="4" offset="25" sl="68" sc="13" el="68" ec="71" bec="0" bev="0" fileid="3" />
                <SequencePoint vc="0" uspid="58" ordinal="5" offset="103" sl="69" sc="13" el="69" ec="87" bec="0" bev="0" fileid="3" />
                <SequencePoint vc="0" uspid="59" ordinal="6" offset="121" sl="70" sc="13" el="77" ec="15" bec="0" bev="0" fileid="3" />
                <SequencePoint vc="0" uspid="60" ordinal="7" offset="223" sl="79" sc="13" el="79" ec="61" bec="0" bev="0" fileid="3" />
                <SequencePoint vc="0" uspid="61" ordinal="8" offset="232" sl="81" sc="13" el="81" ec="38" bec="0" bev="0" fileid="3" />
                <SequencePoint vc="0" uspid="62" ordinal="9" offset="240" sl="82" sc="13" el="82" ec="59" bec="0" bev="0" fileid="3" />
                <SequencePoint vc="0" uspid="63" ordinal="10" offset="260" sl="83" sc="18" el="83" ec="30" bec="0" bev="0" fileid="3" />
                <SequencePoint vc="0" uspid="64" ordinal="11" offset="265" sl="84" sc="13" el="84" ec="14" bec="0" bev="0" fileid="3" />
                <SequencePoint vc="0" uspid="65" ordinal="12" offset="266" sl="85" sc="17" el="85" ec="87" bec="0" bev="0" fileid="3" />
                <SequencePoint vc="0" uspid="66" ordinal="13" offset="300" sl="86" sc="17" el="86" ec="69" bec="0" bev="0" fileid="3" />
                <SequencePoint vc="0" uspid="67" ordinal="14" offset="334" sl="87" sc="17" el="87" ec="73" bec="0" bev="0" fileid="3" />
                <SequencePoint vc="0" uspid="68" ordinal="15" offset="368" sl="88" sc="13" el="88" ec="14" bec="0" bev="0" fileid="3" />
                <SequencePoint vc="0" uspid="69" ordinal="16" offset="369" sl="83" sc="53" el="83" ec="59" bec="0" bev="0" fileid="3" />
                <SequencePoint vc="0" uspid="70" ordinal="17" offset="375" sl="83" sc="32" el="83" ec="51" bec="2" bev="0" fileid="3" />
                <SequencePoint vc="0" uspid="71" ordinal="18" offset="392" sl="89" sc="9" el="89" ec="10" bec="0" bev="0" fileid="3" />
              </SequencePoints>
              <BranchPoints>
                <BranchPoint vc="0" uspid="72" ordinal="0" offset="390" sl="83" path="0" offsetend="392" fileid="3" />
                <BranchPoint vc="0" uspid="73" ordinal="1" offset="390" sl="83" path="1" offsetend="265" fileid="3" />
              </BranchPoints>
              <MethodPoint xsi:type="SequencePoint" vc="0" uspid="53" ordinal="0" offset="0" sl="63" sc="3" el="63" ec="4" bec="0" bev="0" fileid="3" />
            </Method>
            <Method visited="true" cyclomaticComplexity="1" nPathComplexity="0" sequenceCoverage="100" branchCoverage="100" crapScore="1" isConstructor="false" isStatic="false" isGetter="false" isSetter="false">
              <Summary numSequencePoints="11" visitedSequencePoints="11" numBranchPoints="1" visitedBranchPoints="1" sequenceCoverage="100" branchCoverage="100" maxCyclomaticComplexity="1" minCyclomaticComplexity="1" maxCrapScore="1" minCrapScore="1" visitedClasses="0" numClasses="0" visitedMethods="1" numMethods="1" />
              <MetadataToken>100663302</MetadataToken>
              <Name>System.Void TestingGoodPractices.SubjectDAOTest::SubjectsByTeacher_CurseId_NotFound()</Name>
              <FileRef uid="3" />
              <SequencePoints>
                <SequencePoint vc="1" uspid="74" ordinal="0" offset="0" sl="92" sc="9" el="92" ec="10" bec="0" bev="0" fileid="3">
                  <TrackedMethodRefs>
                    <TrackedMethodRef uid="4" vc="1" />
                  </TrackedMethodRefs>
                </SequencePoint>
                <SequencePoint vc="1" uspid="75" ordinal="1" offset="1" sl="94" sc="13" el="94" ec="78" bec="0" bev="0" fileid="3">
                  <TrackedMethodRefs>
                    <TrackedMethodRef uid="4" vc="1" />
                  </TrackedMethodRefs>
                </SequencePoint>
                <SequencePoint vc="1" uspid="76" ordinal="2" offset="13" sl="95" sc="13" el="95" ec="56" bec="0" bev="0" fileid="3">
                  <TrackedMethodRefs>
                    <TrackedMethodRef uid="4" vc="1" />
                  </TrackedMethodRefs>
                </SequencePoint>
                <SequencePoint vc="1" uspid="77" ordinal="3" offset="19" sl="96" sc="13" el="96" ec="60" bec="0" bev="0" fileid="3">
                  <TrackedMethodRefs>
                    <TrackedMethodRef uid="4" vc="1" />
                  </TrackedMethodRefs>
                </SequencePoint>
                <SequencePoint vc="1" uspid="78" ordinal="4" offset="25" sl="97" sc="13" el="97" ec="71" bec="0" bev="0" fileid="3">
                  <TrackedMethodRefs>
                    <TrackedMethodRef uid="4" vc="1" />
                  </TrackedMethodRefs>
                </SequencePoint>
                <SequencePoint vc="1" uspid="79" ordinal="5" offset="103" sl="98" sc="13" el="98" ec="76" bec="0" bev="0" fileid="3">
                  <TrackedMethodRefs>
                    <TrackedMethodRef uid="4" vc="1" />
                  </TrackedMethodRefs>
                </SequencePoint>
                <SequencePoint vc="1" uspid="80" ordinal="6" offset="199" sl="99" sc="13" el="99" ec="87" bec="0" bev="0" fileid="3">
                  <TrackedMethodRefs>
                    <TrackedMethodRef uid="4" vc="1" />
                  </TrackedMethodRefs>
                </SequencePoint>
                <SequencePoint vc="1" uspid="81" ordinal="7" offset="217" sl="101" sc="13" el="101" ec="61" bec="0" bev="0" fileid="3">
                  <TrackedMethodRefs>
                    <TrackedMethodRef uid="4" vc="1" />
                  </TrackedMethodRefs>
                </SequencePoint>
                <SequencePoint vc="1" uspid="82" ordinal="8" offset="226" sl="103" sc="13" el="103" ec="47" bec="0" bev="0" fileid="3">
                  <TrackedMethodRefs>
                    <TrackedMethodRef uid="4" vc="1" />
                  </TrackedMethodRefs>
                </SequencePoint>
                <SequencePoint vc="1" uspid="83" ordinal="9" offset="240" sl="104" sc="13" el="104" ec="91" bec="0" bev="0" fileid="3">
                  <TrackedMethodRefs>
                    <TrackedMethodRef uid="4" vc="1" />
                  </TrackedMethodRefs>
                </SequencePoint>
                <SequencePoint vc="1" uspid="84" ordinal="10" offset="341" sl="106" sc="9" el="106" ec="10" bec="0" bev="0" fileid="3">
                  <TrackedMethodRefs>
                    <TrackedMethodRef uid="4" vc="1" />
                  </TrackedMethodRefs>
                </SequencePoint>
              </SequencePoints>
              <BranchPoints />
              <MethodPoint xsi:type="SequencePoint" vc="1" uspid="74" ordinal="0" offset="0" sl="92" sc="9" el="92" ec="10" bec="0" bev="0" fileid="3">
                <TrackedMethodRefs>
                  <TrackedMethodRef uid="4" vc="1" />
                </TrackedMethodRefs>
              </MethodPoint>
            </Method>
            <Method visited="true" cyclomaticComplexity="1" nPathComplexity="0" sequenceCoverage="100" branchCoverage="100" crapScore="1" isConstructor="false" isStatic="false" isGetter="false" isSetter="false">
              <Summary numSequencePoints="4" visitedSequencePoints="4" numBranchPoints="1" visitedBranchPoints="1" sequenceCoverage="100" branchCoverage="100" maxCyclomaticComplexity="1" minCyclomaticComplexity="1" maxCrapScore="1" minCrapScore="1" visitedClasses="0" numClasses="0" visitedMethods="1" numMethods="1" />
              <MetadataToken>100663303</MetadataToken>
              <Name>System.Collections.Generic.List`1&lt;GoodPracticesChallenge.Subject&gt; TestingGoodPractices.SubjectDAOTest::SampleSubjects()</Name>
              <FileRef uid="3" />
              <SequencePoints>
                <SequencePoint vc="5" uspid="85" ordinal="0" offset="0" sl="109" sc="3" el="109" ec="4" bec="0" bev="0" fileid="3">
                  <TrackedMethodRefs>
                    <TrackedMethodRef uid="4" vc="5" />
                  </TrackedMethodRefs>
                </SequencePoint>
                <SequencePoint vc="5" uspid="86" ordinal="1" offset="1" sl="110" sc="4" el="119" ec="6" bec="0" bev="0" fileid="3">
                  <TrackedMethodRefs>
                    <TrackedMethodRef uid="4" vc="5" />
                  </TrackedMethodRefs>
                </SequencePoint>
                <SequencePoint vc="5" uspid="87" ordinal="2" offset="315" sl="120" sc="4" el="120" ec="18" bec="0" bev="0" fileid="3">
                  <TrackedMethodRefs>
                    <TrackedMethodRef uid="4" vc="5" />
                  </TrackedMethodRefs>
                </SequencePoint>
                <SequencePoint vc="5" uspid="88" ordinal="3" offset="319" sl="121" sc="3" el="121" ec="4" bec="0" bev="0" fileid="3">
                  <TrackedMethodRefs>
                    <TrackedMethodRef uid="4" vc="5" />
                  </TrackedMethodRefs>
                </SequencePoint>
              </SequencePoints>
              <BranchPoints />
              <MethodPoint xsi:type="SequencePoint" vc="5" uspid="85" ordinal="0" offset="0" sl="109" sc="3" el="109" ec="4" bec="0" bev="0" fileid="3">
                <TrackedMethodRefs>
                  <TrackedMethodRef uid="4" vc="5" />
                </TrackedMethodRefs>
              </MethodPoint>
            </Method>
            <Method visited="false" cyclomaticComplexity="1" nPathComplexity="0" sequenceCoverage="0" branchCoverage="0" crapScore="2" isConstructor="false" isStatic="false" isGetter="false" isSetter="false">
              <Summary numSequencePoints="9" visitedSequencePoints="0" numBranchPoints="1" visitedBranchPoints="0" sequenceCoverage="0" branchCoverage="0" maxCyclomaticComplexity="1" minCyclomaticComplexity="1" maxCrapScore="2" minCrapScore="2" visitedClasses="0" numClasses="0" visitedMethods="0" numMethods="1" />
              <MetadataToken>100663304</MetadataToken>
              <Name>System.Collections.Generic.List`1&lt;GoodPracticesChallenge.Teacher&gt; TestingGoodPractices.SubjectDAOTest::SampleTeachers()</Name>
              <FileRef uid="3" />
              <SequencePoints>
                <SequencePoint vc="0" uspid="89" ordinal="0" offset="0" sl="124" sc="3" el="124" ec="4" bec="0" bev="0" fileid="3" />
                <SequencePoint vc="0" uspid="90" ordinal="1" offset="1" sl="125" sc="4" el="132" ec="6" bec="0" bev="0" fileid="3" />
                <SequencePoint vc="0" uspid="91" ordinal="2" offset="166" sl="133" sc="4" el="133" ec="48" bec="0" bev="0" fileid="3" />
                <SequencePoint vc="0" uspid="92" ordinal="3" offset="196" sl="134" sc="4" el="134" ec="48" bec="0" bev="0" fileid="3" />
                <SequencePoint vc="0" uspid="93" ordinal="4" offset="226" sl="135" sc="4" el="135" ec="48" bec="0" bev="0" fileid="3" />
                <SequencePoint vc="0" uspid="94" ordinal="5" offset="256" sl="136" sc="4" el="136" ec="48" bec="0" bev="0" fileid="3" />
                <SequencePoint vc="0" uspid="95" ordinal="6" offset="286" sl="137" sc="4" el="137" ec="48" bec="0" bev="0" fileid="3" />
                <SequencePoint vc="0" uspid="96" ordinal="7" offset="316" sl="138" sc="4" el="138" ec="18" bec="0" bev="0" fileid="3" />
                <SequencePoint vc="0" uspid="97" ordinal="8" offset="320" sl="139" sc="3" el="139" ec="4" bec="0" bev="0" fileid="3" />
              </SequencePoints>
              <BranchPoints />
              <MethodPoint xsi:type="SequencePoint" vc="0" uspid="89" ordinal="0" offset="0" sl="124" sc="3" el="124" ec="4" bec="0" bev="0" fileid="3" />
            </Method>
            <Method visited="true" cyclomaticComplexity="1" nPathComplexity="0" sequenceCoverage="100" branchCoverage="100" crapScore="1" isConstructor="false" isStatic="false" isGetter="false" isSetter="false">
              <Summary numSequencePoints="9" visitedSequencePoints="9" numBranchPoints="1" visitedBranchPoints="1" sequenceCoverage="100" branchCoverage="100" maxCyclomaticComplexity="1" minCyclomaticComplexity="1" maxCrapScore="1" minCrapScore="1" visitedClasses="0" numClasses="0" visitedMethods="1" numMethods="1" />
              <MetadataToken>100663305</MetadataToken>
              <Name>System.Collections.Generic.List`1&lt;GoodPracticesChallenge.Course&gt; TestingGoodPractices.SubjectDAOTest::SampleCourses()</Name>
              <FileRef uid="3" />
              <SequencePoints>
                <SequencePoint vc="1" uspid="98" ordinal="0" offset="0" sl="142" sc="9" el="142" ec="10" bec="0" bev="0" fileid="3">
                  <TrackedMethodRefs>
                    <TrackedMethodRef uid="4" vc="1" />
                  </TrackedMethodRefs>
                </SequencePoint>
                <SequencePoint vc="1" uspid="99" ordinal="1" offset="1" sl="143" sc="13" el="146" ec="15" bec="0" bev="0" fileid="3">
                  <TrackedMethodRefs>
                    <TrackedMethodRef uid="4" vc="1" />
                  </TrackedMethodRefs>
                </SequencePoint>
                <SequencePoint vc="1" uspid="100" ordinal="2" offset="51" sl="147" sc="13" el="147" ec="57" bec="0" bev="0" fileid="3">
                  <TrackedMethodRefs>
                    <TrackedMethodRef uid="4" vc="1" />
                  </TrackedMethodRefs>
                </SequencePoint>
                <SequencePoint vc="1" uspid="101" ordinal="3" offset="81" sl="148" sc="13" el="148" ec="57" bec="0" bev="0" fileid="3">
                  <TrackedMethodRefs>
                    <TrackedMethodRef uid="4" vc="1" />
                  </TrackedMethodRefs>
                </SequencePoint>
                <SequencePoint vc="1" uspid="102" ordinal="4" offset="111" sl="149" sc="13" el="149" ec="57" bec="0" bev="0" fileid="3">
                  <TrackedMethodRefs>
                    <TrackedMethodRef uid="4" vc="1" />
                  </TrackedMethodRefs>
                </SequencePoint>
                <SequencePoint vc="1" uspid="103" ordinal="5" offset="141" sl="150" sc="13" el="150" ec="57" bec="0" bev="0" fileid="3">
                  <TrackedMethodRefs>
                    <TrackedMethodRef uid="4" vc="1" />
                  </TrackedMethodRefs>
                </SequencePoint>
                <SequencePoint vc="1" uspid="104" ordinal="6" offset="171" sl="151" sc="13" el="151" ec="57" bec="0" bev="0" fileid="3">
                  <TrackedMethodRefs>
                    <TrackedMethodRef uid="4" vc="1" />
                  </TrackedMethodRefs>
                </SequencePoint>
                <SequencePoint vc="1" uspid="105" ordinal="7" offset="201" sl="152" sc="13" el="152" ec="27" bec="0" bev="0" fileid="3">
                  <TrackedMethodRefs>
                    <TrackedMethodRef uid="4" vc="1" />
                  </TrackedMethodRefs>
                </SequencePoint>
                <SequencePoint vc="1" uspid="106" ordinal="8" offset="205" sl="153" sc="9" el="153" ec="10" bec="0" bev="0" fileid="3">
                  <TrackedMethodRefs>
                    <TrackedMethodRef uid="4" vc="1" />
                  </TrackedMethodRefs>
                </SequencePoint>
              </SequencePoints>
              <BranchPoints />
              <MethodPoint xsi:type="SequencePoint" vc="1" uspid="98" ordinal="0" offset="0" sl="142" sc="9" el="142" ec="10" bec="0" bev="0" fileid="3">
                <TrackedMethodRefs>
                  <TrackedMethodRef uid="4" vc="1" />
                </TrackedMethodRefs>
              </MethodPoint>
            </Method>
            <Method visited="false" cyclomaticComplexity="1" nPathComplexity="0" sequenceCoverage="0" branchCoverage="0" crapScore="2" isConstructor="true" isStatic="false" isGetter="false" isSetter="false">
              <Summary numSequencePoints="0" visitedSequencePoints="0" numBranchPoints="0" visitedBranchPoints="0" sequenceCoverage="0" branchCoverage="0" maxCyclomaticComplexity="1" minCyclomaticComplexity="1" maxCrapScore="2" minCrapScore="2" visitedClasses="0" numClasses="0" visitedMethods="0" numMethods="0" />
              <MetadataToken>100663306</MetadataToken>
              <Name>System.Void TestingGoodPractices.SubjectDAOTest::.ctor()</Name>
              <SequencePoints />
              <BranchPoints />
              <MethodPoint vc="0" uspid="107" ordinal="0" offset="0" />
            </Method>
          </Methods>
        </Class>
        <Class>
          <Summary numSequencePoints="0" visitedSequencePoints="0" numBranchPoints="0" visitedBranchPoints="0" sequenceCoverage="0" branchCoverage="0" maxCyclomaticComplexity="1" minCyclomaticComplexity="1" maxCrapScore="2" minCrapScore="2" visitedClasses="0" numClasses="0" visitedMethods="0" numMethods="0" />
          <FullName>TestingGoodPractices.SubjectDAOTest/&lt;&gt;c</FullName>
          <Methods>
            <Method visited="false" cyclomaticComplexity="1" nPathComplexity="0" sequenceCoverage="0" branchCoverage="0" crapScore="2" isConstructor="true" isStatic="true" isGetter="false" isSetter="false">
              <Summary numSequencePoints="0" visitedSequencePoints="0" numBranchPoints="0" visitedBranchPoints="0" sequenceCoverage="0" branchCoverage="0" maxCyclomaticComplexity="1" minCyclomaticComplexity="1" maxCrapScore="2" minCrapScore="2" visitedClasses="0" numClasses="0" visitedMethods="0" numMethods="0" />
              <MetadataToken>100663312</MetadataToken>
              <Name>System.Void TestingGoodPractices.SubjectDAOTest/&lt;&gt;c::.cctor()</Name>
              <SequencePoints />
              <BranchPoints />
              <MethodPoint vc="0" uspid="108" ordinal="0" offset="0" />
            </Method>
            <Method visited="false" cyclomaticComplexity="1" nPathComplexity="0" sequenceCoverage="0" branchCoverage="0" crapScore="2" isConstructor="true" isStatic="false" isGetter="false" isSetter="false">
              <Summary numSequencePoints="0" visitedSequencePoints="0" numBranchPoints="0" visitedBranchPoints="0" sequenceCoverage="0" branchCoverage="0" maxCyclomaticComplexity="1" minCyclomaticComplexity="1" maxCrapScore="2" minCrapScore="2" visitedClasses="0" numClasses="0" visitedMethods="0" numMethods="0" />
              <MetadataToken>100663313</MetadataToken>
              <Name>System.Void TestingGoodPractices.SubjectDAOTest/&lt;&gt;c::.ctor()</Name>
              <SequencePoints />
              <BranchPoints />
              <MethodPoint vc="0" uspid="109" ordinal="0" offset="0" />
            </Method>
          </Methods>
        </Class>
      </Classes>
      <TrackedMethods>
        <TrackedMethod uid="1" token="100663299" name="System.Void TestingGoodPractices.SubjectDAOTest::ListOfSubjects_Is_Shown()" strategy="MSTestTest" />
        <TrackedMethod uid="2" token="100663300" name="System.Void TestingGoodPractices.SubjectDAOTest::Create_Is_Successful()" strategy="MSTestTest" />
        <TrackedMethod uid="3" token="100663301" name="System.Void TestingGoodPractices.SubjectDAOTest::SubjectsByTeacher_Is_Correct()" strategy="MSTestTest" />
        <TrackedMethod uid="4" token="100663302" name="System.Void TestingGoodPractices.SubjectDAOTest::SubjectsByTeacher_CurseId_NotFound()" strategy="MSTestTest" />
      </TrackedMethods>
    </Module>
    <Module hash="1B-04-CD-8C-13-81-B6-E4-85-28-5B-7B-B0-8E-A1-0B-BE-8A-3F-71">
      <Summary numSequencePoints="720" visitedSequencePoints="19" numBranchPoints="172" visitedBranchPoints="5" sequenceCoverage="2.64" branchCoverage="2.91" maxCyclomaticComplexity="46" minCyclomaticComplexity="1" maxCrapScore="2162" minCrapScore="1" visitedClasses="3" numClasses="24" visitedMethods="4" numMethods="74" />
      <ModulePath>C:\Users\mssg_\Source\Repos\GoodPracticesChallenge\TestingGoodPractices\bin\Debug\GoodPracticesChallenge.exe</ModulePath>
      <ModuleTime>2018-08-20T17:01:37.8081764Z</ModuleTime>
      <ModuleName>GoodPracticesChallenge</ModuleName>
      <Files>
        <File uid="7" fullPath="C:\Users\mssg_\Source\Repos\GoodPracticesChallenge\GoodPracticesChallenge\Business\GradeBusiness.cs" />
        <File uid="11" fullPath="C:\Users\mssg_\Source\Repos\GoodPracticesChallenge\GoodPracticesChallenge\Business\StudentBusiness.cs" />
        <File uid="12" fullPath="C:\Users\mssg_\Source\Repos\GoodPracticesChallenge\GoodPracticesChallenge\Business\TeacherBusiness.cs" />
        <File uid="13" fullPath="C:\Users\mssg_\Source\Repos\GoodPracticesChallenge\GoodPracticesChallenge\Utilities\Messaging.cs" />
        <File uid="14" fullPath="C:\Users\mssg_\Source\Repos\GoodPracticesChallenge\GoodPracticesChallenge\Model\Course.cs" />
        <File uid="15" fullPath="C:\Users\mssg_\Source\Repos\GoodPracticesChallenge\GoodPracticesChallenge\DAO\CourseDAO.cs" />
        <File uid="16" fullPath="C:\Users\mssg_\Source\Repos\GoodPracticesChallenge\GoodPracticesChallenge\Utilities\DataBaseContext.cs" />
        <File uid="17" fullPath="C:\Users\mssg_\Source\Repos\GoodPracticesChallenge\GoodPracticesChallenge\Model\ForeingLanguage.cs" />
        <File uid="18" fullPath="C:\Users\mssg_\Source\Repos\GoodPracticesChallenge\GoodPracticesChallenge\DAO\ForeignLanguageDAO.cs" />
        <File uid="19" fullPath="C:\Users\mssg_\Source\Repos\GoodPracticesChallenge\GoodPracticesChallenge\Model\Grade.cs" />
        <File uid="20" fullPath="C:\Users\mssg_\Source\Repos\GoodPracticesChallenge\GoodPracticesChallenge\Source\Program.cs" />
        <File uid="21" fullPath="C:\Users\mssg_\Source\Repos\GoodPracticesChallenge\GoodPracticesChallenge\Model\Student.cs" />
        <File uid="22" fullPath="C:\Users\mssg_\Source\Repos\GoodPracticesChallenge\GoodPracticesChallenge\DAO\StudentDAO.cs" />
        <File uid="24" fullPath="C:\Users\mssg_\Source\Repos\GoodPracticesChallenge\GoodPracticesChallenge\Model\Subject.cs" />
        <File uid="25" fullPath="C:\Users\mssg_\Source\Repos\GoodPracticesChallenge\GoodPracticesChallenge\Model\Person.cs" />
        <File uid="26" fullPath="C:\Users\mssg_\Source\Repos\GoodPracticesChallenge\GoodPracticesChallenge\DAO\SubjectDAO.cs" />
        <File uid="27" fullPath="C:\Users\mssg_\Source\Repos\GoodPracticesChallenge\GoodPracticesChallenge\Model\Teacher.cs" />
        <File uid="28" fullPath="C:\Users\mssg_\Source\Repos\GoodPracticesChallenge\GoodPracticesChallenge\DAO\TeacherDAO.cs" />
        <File uid="29" fullPath="C:\Users\mssg_\Source\Repos\GoodPracticesChallenge\GoodPracticesChallenge\Utilities\RegistDependencies.cs" />
        <File uid="30" fullPath="C:\Users\mssg_\Source\Repos\GoodPracticesChallenge\GoodPracticesChallenge\Migrations\201808051810298_CreateDB.cs" />
        <File uid="31" fullPath="C:\Users\mssg_\Source\Repos\GoodPracticesChallenge\GoodPracticesChallenge\Migrations\201808051810298_CreateDB.Designer.cs" />
        <File uid="32" fullPath="C:\Users\mssg_\Source\Repos\GoodPracticesChallenge\GoodPracticesChallenge\Migrations\Configuration.cs" />
      </Files>
      <Classes>
        <Class>
          <Summary numSequencePoints="62" visitedSequencePoints="0" numBranchPoints="18" visitedBranchPoints="0" sequenceCoverage="0" branchCoverage="0" maxCyclomaticComplexity="5" minCyclomaticComplexity="1" maxCrapScore="30" minCrapScore="2" visitedClasses="0" numClasses="1" visitedMethods="0" numMethods="4" />
          <FullName>GoodPracticesChallenge.GradeBusiness</FullName>
          <Methods>
            <Method visited="false" cyclomaticComplexity="1" nPathComplexity="0" sequenceCoverage="0" branchCoverage="0" crapScore="2" isConstructor="true" isStatic="false" isGetter="false" isSetter="false">
              <Summary numSequencePoints="5" visitedSequencePoints="0" numBranchPoints="1" visitedBranchPoints="0" sequenceCoverage="0" branchCoverage="0" maxCyclomaticComplexity="1" minCyclomaticComplexity="1" maxCrapScore="2" minCrapScore="2" visitedClasses="0" numClasses="0" visitedMethods="0" numMethods="1" />
              <MetadataToken>100663297</MetadataToken>
              <Name>System.Void GoodPracticesChallenge.GradeBusiness::.ctor(GoodPracticesChallenge.IMessaging,GoodPracticesChallenge.IDataBaseContext)</Name>
              <FileRef uid="7" />
              <SequencePoints>
                <SequencePoint vc="0" uspid="110" ordinal="0" offset="0" sl="15" sc="9" el="15" ec="85" bec="0" bev="0" fileid="7" />
                <SequencePoint vc="0" uspid="111" ordinal="1" offset="7" sl="16" sc="9" el="16" ec="10" bec="0" bev="0" fileid="7" />
                <SequencePoint vc="0" uspid="112" ordinal="2" offset="8" sl="17" sc="13" el="17" ec="36" bec="0" bev="0" fileid="7" />
                <SequencePoint vc="0" uspid="113" ordinal="3" offset="15" sl="18" sc="13" el="18" ec="48" bec="0" bev="0" fileid="7" />
                <SequencePoint vc="0" uspid="114" ordinal="4" offset="22" sl="19" sc="9" el="19" ec="10" bec="0" bev="0" fileid="7" />
              </SequencePoints>
              <BranchPoints />
              <MethodPoint xsi:type="SequencePoint" vc="0" uspid="110" ordinal="0" offset="0" sl="15" sc="9" el="15" ec="85" bec="0" bev="0" fileid="7" />
            </Method>
            <Method visited="false" cyclomaticComplexity="5" nPathComplexity="8" sequenceCoverage="0" branchCoverage="0" crapScore="30" isConstructor="false" isStatic="false" isGetter="false" isSetter="false">
              <Summary numSequencePoints="25" visitedSequencePoints="0" numBranchPoints="7" visitedBranchPoints="0" sequenceCoverage="0" branchCoverage="0" maxCyclomaticComplexity="5" minCyclomaticComplexity="5" maxCrapScore="30" minCrapScore="30" visitedClasses="0" numClasses="0" visitedMethods="0" numMethods="1" />
              <MetadataToken>100663298</MetadataToken>
              <Name>System.Void GoodPracticesChallenge.GradeBusiness::Create(System.Int32,System.Int32,GoodPracticesChallenge.Period,System.Double)</Name>
              <FileRef uid="7" />
              <SequencePoints>
                <SequencePoint vc="0" uspid="115" ordinal="0" offset="20" sl="22" sc="9" el="22" ec="10" bec="0" bev="0" fileid="7" />
                <SequencePoint vc="0" uspid="116" ordinal="1" offset="21" sl="24" sc="17" el="24" ec="131" bec="0" bev="0" fileid="7" />
                <SequencePoint vc="0" uspid="117" ordinal="2" offset="198" sl="25" sc="17" el="25" ec="77" bec="0" bev="0" fileid="7" />
                <SequencePoint vc="0" uspid="118" ordinal="3" offset="235" sl="26" sc="17" el="26" ec="56" bec="2" bev="0" fileid="7" />
                <SequencePoint vc="0" uspid="119" ordinal="4" offset="257" sl="27" sc="17" el="27" ec="18" bec="0" bev="0" fileid="7" />
                <SequencePoint vc="0" uspid="120" ordinal="5" offset="258" sl="29" sc="21" el="29" ec="69" bec="0" bev="0" fileid="7" />
                <SequencePoint vc="0" uspid="121" ordinal="6" offset="279" sl="30" sc="21" el="30" ec="129" bec="0" bev="0" fileid="7" />
                <SequencePoint vc="0" uspid="122" ordinal="7" offset="309" sl="31" sc="21" el="31" ec="46" bec="2" bev="0" fileid="7" />
                <SequencePoint vc="0" uspid="123" ordinal="8" offset="320" sl="32" sc="21" el="32" ec="22" bec="0" bev="0" fileid="7" />
                <SequencePoint vc="0" uspid="124" ordinal="9" offset="321" sl="33" sc="25" el="33" ec="52" bec="0" bev="0" fileid="7" />
                <SequencePoint vc="0" uspid="125" ordinal="10" offset="331" sl="34" sc="25" el="34" ec="67" bec="0" bev="0" fileid="7" />
                <SequencePoint vc="0" uspid="126" ordinal="11" offset="348" sl="35" sc="25" el="35" ec="56" bec="0" bev="0" fileid="7" />
                <SequencePoint vc="0" uspid="127" ordinal="12" offset="360" sl="36" sc="21" el="36" ec="22" bec="0" bev="0" fileid="7" />
                <SequencePoint vc="0" uspid="128" ordinal="13" offset="363" sl="38" sc="21" el="38" ec="22" bec="0" bev="0" fileid="7" />
                <SequencePoint vc="0" uspid="129" ordinal="14" offset="364" sl="39" sc="25" el="39" ec="51" bec="0" bev="0" fileid="7" />
                <SequencePoint vc="0" uspid="130" ordinal="15" offset="378" sl="40" sc="25" el="40" ec="56" bec="0" bev="0" fileid="7" />
                <SequencePoint vc="0" uspid="131" ordinal="16" offset="390" sl="41" sc="25" el="41" ec="66" bec="0" bev="0" fileid="7" />
                <SequencePoint vc="0" uspid="132" ordinal="17" offset="407" sl="42" sc="21" el="42" ec="22" bec="0" bev="0" fileid="7" />
                <SequencePoint vc="0" uspid="133" ordinal="18" offset="408" sl="43" sc="21" el="43" ec="48" bec="2" bev="0" fileid="7" />
                <SequencePoint vc="0" uspid="134" ordinal="19" offset="426" sl="43" sc="49" el="43" ec="93" bec="0" bev="0" fileid="7" />
                <SequencePoint vc="0" uspid="135" ordinal="20" offset="440" sl="45" sc="17" el="45" ec="18" bec="0" bev="0" fileid="7" />
                <SequencePoint vc="0" uspid="136" ordinal="21" offset="443" sl="47" sc="17" el="47" ec="18" bec="0" bev="0" fileid="7" />
                <SequencePoint vc="0" uspid="137" ordinal="22" offset="444" sl="48" sc="21" el="48" ec="84" bec="0" bev="0" fileid="7" />
                <SequencePoint vc="0" uspid="138" ordinal="23" offset="461" sl="49" sc="17" el="49" ec="18" bec="0" bev="0" fileid="7" />
                <SequencePoint vc="0" uspid="139" ordinal="24" offset="462" sl="55" sc="9" el="55" ec="10" bec="0" bev="0" fileid="7" />
              </SequencePoints>
              <BranchPoints>
                <BranchPoint vc="0" uspid="142" ordinal="2" offset="252" sl="26" path="0" offsetend="257" fileid="7" />
                <BranchPoint vc="0" uspid="143" ordinal="3" offset="252" sl="26" path="1" offsetend="443" fileid="7" />
                <BranchPoint vc="0" uspid="144" ordinal="4" offset="318" sl="31" path="0" offsetend="320" fileid="7" />
                <BranchPoint vc="0" uspid="145" ordinal="5" offset="318" sl="31" path="1" offsetend="363" fileid="7" />
                <BranchPoint vc="0" uspid="146" ordinal="6" offset="424" sl="43" path="0" offsetend="426" fileid="7" />
                <BranchPoint vc="0" uspid="147" ordinal="7" offset="424" sl="43" path="1" offsetend="440" fileid="7" />
              </BranchPoints>
              <MethodPoint vc="0" uspid="148" ordinal="0" offset="0" />
            </Method>
            <Method visited="false" cyclomaticComplexity="3" nPathComplexity="2" sequenceCoverage="0" branchCoverage="0" crapScore="12" isConstructor="false" isStatic="false" isGetter="false" isSetter="false">
              <Summary numSequencePoints="16" visitedSequencePoints="0" numBranchPoints="3" visitedBranchPoints="0" sequenceCoverage="0" branchCoverage="0" maxCyclomaticComplexity="3" minCyclomaticComplexity="3" maxCrapScore="12" minCrapScore="12" visitedClasses="0" numClasses="0" visitedMethods="0" numMethods="1" />
              <MetadataToken>100663299</MetadataToken>
              <Name>System.Void GoodPracticesChallenge.GradeBusiness::ModifyFinalGrade(System.Int32,System.Int32)</Name>
              <FileRef uid="7" />
              <SequencePoints>
                <SequencePoint vc="0" uspid="149" ordinal="0" offset="13" sl="58" sc="9" el="58" ec="10" bec="0" bev="0" fileid="7" />
                <SequencePoint vc="0" uspid="150" ordinal="1" offset="14" sl="61" sc="17" el="61" ec="131" bec="0" bev="0" fileid="7" />
                <SequencePoint vc="0" uspid="151" ordinal="2" offset="197" sl="62" sc="17" el="62" ec="77" bec="0" bev="0" fileid="7" />
                <SequencePoint vc="0" uspid="152" ordinal="3" offset="234" sl="63" sc="17" el="63" ec="87" bec="0" bev="0" fileid="7" />
                <SequencePoint vc="0" uspid="153" ordinal="4" offset="263" sl="64" sc="17" el="64" ec="97" bec="0" bev="0" fileid="7" />
                <SequencePoint vc="0" uspid="154" ordinal="5" offset="306" sl="65" sc="17" el="65" ec="40" bec="2" bev="0" fileid="7" />
                <SequencePoint vc="0" uspid="155" ordinal="6" offset="316" sl="66" sc="17" el="66" ec="18" bec="0" bev="0" fileid="7" />
                <SequencePoint vc="0" uspid="156" ordinal="7" offset="317" sl="67" sc="21" el="67" ec="69" bec="0" bev="0" fileid="7" />
                <SequencePoint vc="0" uspid="157" ordinal="8" offset="326" sl="68" sc="21" el="68" ec="51" bec="0" bev="0" fileid="7" />
                <SequencePoint vc="0" uspid="158" ordinal="9" offset="335" sl="69" sc="21" el="69" ec="52" bec="0" bev="0" fileid="7" />
                <SequencePoint vc="0" uspid="159" ordinal="10" offset="347" sl="70" sc="17" el="70" ec="18" bec="0" bev="0" fileid="7" />
                <SequencePoint vc="0" uspid="160" ordinal="11" offset="350" sl="72" sc="17" el="72" ec="18" bec="0" bev="0" fileid="7" />
                <SequencePoint vc="0" uspid="161" ordinal="12" offset="351" sl="73" sc="21" el="73" ec="69" bec="0" bev="0" fileid="7" />
                <SequencePoint vc="0" uspid="162" ordinal="13" offset="360" sl="74" sc="21" el="74" ec="81" bec="0" bev="0" fileid="7" />
                <SequencePoint vc="0" uspid="163" ordinal="14" offset="377" sl="75" sc="17" el="75" ec="18" bec="0" bev="0" fileid="7" />
                <SequencePoint vc="0" uspid="164" ordinal="15" offset="378" sl="79" sc="9" el="79" ec="10" bec="0" bev="0" fileid="7" />
              </SequencePoints>
              <BranchPoints>
                <BranchPoint vc="0" uspid="167" ordinal="2" offset="314" sl="65" path="0" offsetend="316" fileid="7" />
                <BranchPoint vc="0" uspid="168" ordinal="3" offset="314" sl="65" path="1" offsetend="350" fileid="7" />
              </BranchPoints>
              <MethodPoint vc="0" uspid="169" ordinal="0" offset="0" />
            </Method>
            <Method visited="false" cyclomaticComplexity="5" nPathComplexity="8" sequenceCoverage="0" branchCoverage="0" crapScore="30" isConstructor="false" isStatic="false" isGetter="false" isSetter="false">
              <Summary numSequencePoints="16" visitedSequencePoints="0" numBranchPoints="7" visitedBranchPoints="0" sequenceCoverage="0" branchCoverage="0" maxCyclomaticComplexity="5" minCyclomaticComplexity="5" maxCrapScore="30" minCrapScore="30" visitedClasses="0" numClasses="0" visitedMethods="0" numMethods="1" />
              <MetadataToken>100663300</MetadataToken>
              <Name>System.Double GoodPracticesChallenge.GradeBusiness::CalculateFinalValue(System.Collections.Generic.List`1&lt;GoodPracticesChallenge.Grade&gt;)</Name>
              <FileRef uid="7" />
              <SequencePoints>
                <SequencePoint vc="0" uspid="170" ordinal="0" offset="0" sl="82" sc="9" el="82" ec="10" bec="0" bev="0" fileid="7" />
                <SequencePoint vc="0" uspid="171" ordinal="1" offset="1" sl="83" sc="13" el="83" ec="35" bec="0" bev="0" fileid="7" />
                <SequencePoint vc="0" uspid="172" ordinal="2" offset="11" sl="84" sc="13" el="84" ec="20" bec="0" bev="0" fileid="7" />
                <SequencePoint vc="0" uspid="173" ordinal="3" offset="12" sl="84" sc="35" el="84" ec="41" bec="0" bev="0" fileid="7" />
                <SequencePoint vc="0" uspid="174" ordinal="4" offset="21" sl="84" sc="22" el="84" ec="31" bec="0" bev="0" fileid="7" />
                <SequencePoint vc="0" uspid="175" ordinal="5" offset="29" sl="85" sc="13" el="85" ec="14" bec="0" bev="0" fileid="7" />
                <SequencePoint vc="0" uspid="176" ordinal="6" offset="30" sl="86" sc="17" el="86" ec="50" bec="2" bev="0" fileid="7" />
                <SequencePoint vc="0" uspid="177" ordinal="7" offset="43" sl="86" sc="51" el="86" ec="97" bec="0" bev="0" fileid="7" />
                <SequencePoint vc="0" uspid="178" ordinal="8" offset="62" sl="87" sc="17" el="87" ec="51" bec="2" bev="0" fileid="7" />
                <SequencePoint vc="0" uspid="179" ordinal="9" offset="77" sl="87" sc="52" el="87" ec="98" bec="0" bev="0" fileid="7" />
                <SequencePoint vc="0" uspid="180" ordinal="10" offset="96" sl="88" sc="17" el="88" ec="50" bec="2" bev="0" fileid="7" />
                <SequencePoint vc="0" uspid="181" ordinal="11" offset="111" sl="88" sc="51" el="88" ec="97" bec="0" bev="0" fileid="7" />
                <SequencePoint vc="0" uspid="182" ordinal="12" offset="130" sl="89" sc="13" el="89" ec="14" bec="0" bev="0" fileid="7" />
                <SequencePoint vc="0" uspid="183" ordinal="13" offset="131" sl="84" sc="32" el="84" ec="34" bec="0" bev="0" fileid="7" />
                <SequencePoint vc="0" uspid="184" ordinal="14" offset="157" sl="90" sc="13" el="90" ec="31" bec="0" bev="0" fileid="7" />
                <SequencePoint vc="0" uspid="185" ordinal="15" offset="162" sl="91" sc="9" el="91" ec="10" bec="0" bev="0" fileid="7" />
              </SequencePoints>
              <BranchPoints>
                <BranchPoint vc="0" uspid="186" ordinal="0" offset="41" sl="86" path="0" offsetend="43" fileid="7" />
                <BranchPoint vc="0" uspid="187" ordinal="1" offset="41" sl="86" path="1" offsetend="62" fileid="7" />
                <BranchPoint vc="0" uspid="188" ordinal="2" offset="75" sl="87" path="0" offsetend="77" fileid="7" />
                <BranchPoint vc="0" uspid="189" ordinal="3" offset="75" sl="87" path="1" offsetend="96" fileid="7" />
                <BranchPoint vc="0" uspid="190" ordinal="4" offset="109" sl="88" path="0" offsetend="111" fileid="7" />
                <BranchPoint vc="0" uspid="191" ordinal="5" offset="109" sl="88" path="1" offsetend="130" fileid="7" />
              </BranchPoints>
              <MethodPoint xsi:type="SequencePoint" vc="0" uspid="170" ordinal="0" offset="0" sl="82" sc="9" el="82" ec="10" bec="0" bev="0" fileid="7" />
            </Method>
          </Methods>
        </Class>
        <Class>
          <Summary numSequencePoints="1" visitedSequencePoints="0" numBranchPoints="1" visitedBranchPoints="0" sequenceCoverage="0" branchCoverage="0" maxCyclomaticComplexity="2" minCyclomaticComplexity="1" maxCrapScore="6" minCrapScore="2" visitedClasses="0" numClasses="1" visitedMethods="0" numMethods="1" />
          <FullName>GoodPracticesChallenge.GradeBusiness/&lt;&gt;c__DisplayClass3_0</FullName>
          <Methods>
            <Method visited="false" cyclomaticComplexity="1" nPathComplexity="0" sequenceCoverage="0" branchCoverage="0" crapScore="2" isConstructor="true" isStatic="false" isGetter="false" isSetter="false">
              <Summary numSequencePoints="0" visitedSequencePoints="0" numBranchPoints="0" visitedBranchPoints="0" sequenceCoverage="0" branchCoverage="0" maxCyclomaticComplexity="1" minCyclomaticComplexity="1" maxCrapScore="2" minCrapScore="2" visitedClasses="0" numClasses="0" visitedMethods="0" numMethods="0" />
              <MetadataToken>100663470</MetadataToken>
              <Name>System.Void GoodPracticesChallenge.GradeBusiness/&lt;&gt;c__DisplayClass3_0::.ctor()</Name>
              <SequencePoints />
              <BranchPoints />
              <MethodPoint vc="0" uspid="194" ordinal="0" offset="0" />
            </Method>
            <Method visited="false" cyclomaticComplexity="2" nPathComplexity="0" sequenceCoverage="0" branchCoverage="0" crapScore="6" isConstructor="false" isStatic="false" isGetter="false" isSetter="false">
              <Summary numSequencePoints="1" visitedSequencePoints="0" numBranchPoints="1" visitedBranchPoints="0" sequenceCoverage="0" branchCoverage="0" maxCyclomaticComplexity="2" minCyclomaticComplexity="2" maxCrapScore="6" minCrapScore="6" visitedClasses="0" numClasses="0" visitedMethods="0" numMethods="1" />
              <MetadataToken>100663471</MetadataToken>
              <Name>System.Boolean GoodPracticesChallenge.GradeBusiness/&lt;&gt;c__DisplayClass3_0::&lt;Create&gt;b__2(GoodPracticesChallenge.Grade)</Name>
              <FileRef uid="7" />
              <SequencePoints>
                <SequencePoint vc="0" uspid="195" ordinal="0" offset="0" sl="30" sc="68" el="30" ec="110" bec="0" bev="0" fileid="7" />
              </SequencePoints>
              <BranchPoints />
              <MethodPoint xsi:type="SequencePoint" vc="0" uspid="195" ordinal="0" offset="0" sl="30" sc="68" el="30" ec="110" bec="0" bev="0" fileid="7" />
            </Method>
          </Methods>
        </Class>
        <Class>
          <Summary numSequencePoints="1" visitedSequencePoints="0" numBranchPoints="1" visitedBranchPoints="0" sequenceCoverage="0" branchCoverage="0" maxCyclomaticComplexity="1" minCyclomaticComplexity="1" maxCrapScore="2" minCrapScore="2" visitedClasses="0" numClasses="1" visitedMethods="0" numMethods="1" />
          <FullName>GoodPracticesChallenge.GradeBusiness/&lt;&gt;c</FullName>
          <Methods>
            <Method visited="false" cyclomaticComplexity="1" nPathComplexity="0" sequenceCoverage="0" branchCoverage="0" crapScore="2" isConstructor="true" isStatic="true" isGetter="false" isSetter="false">
              <Summary numSequencePoints="0" visitedSequencePoints="0" numBranchPoints="0" visitedBranchPoints="0" sequenceCoverage="0" branchCoverage="0" maxCyclomaticComplexity="1" minCyclomaticComplexity="1" maxCrapScore="2" minCrapScore="2" visitedClasses="0" numClasses="0" visitedMethods="0" numMethods="0" />
              <MetadataToken>100663472</MetadataToken>
              <Name>System.Void GoodPracticesChallenge.GradeBusiness/&lt;&gt;c::.cctor()</Name>
              <SequencePoints />
              <BranchPoints />
              <MethodPoint vc="0" uspid="198" ordinal="0" offset="0" />
            </Method>
            <Method visited="false" cyclomaticComplexity="1" nPathComplexity="0" sequenceCoverage="0" branchCoverage="0" crapScore="2" isConstructor="true" isStatic="false" isGetter="false" isSetter="false">
              <Summary numSequencePoints="0" visitedSequencePoints="0" numBranchPoints="0" visitedBranchPoints="0" sequenceCoverage="0" branchCoverage="0" maxCyclomaticComplexity="1" minCyclomaticComplexity="1" maxCrapScore="2" minCrapScore="2" visitedClasses="0" numClasses="0" visitedMethods="0" numMethods="0" />
              <MetadataToken>100663473</MetadataToken>
              <Name>System.Void GoodPracticesChallenge.GradeBusiness/&lt;&gt;c::.ctor()</Name>
              <SequencePoints />
              <BranchPoints />
              <MethodPoint vc="0" uspid="199" ordinal="0" offset="0" />
            </Method>
            <Method visited="false" cyclomaticComplexity="1" nPathComplexity="0" sequenceCoverage="0" branchCoverage="0" crapScore="2" isConstructor="false" isStatic="false" isGetter="false" isSetter="false">
              <Summary numSequencePoints="1" visitedSequencePoints="0" numBranchPoints="1" visitedBranchPoints="0" sequenceCoverage="0" branchCoverage="0" maxCyclomaticComplexity="1" minCyclomaticComplexity="1" maxCrapScore="2" minCrapScore="2" visitedClasses="0" numClasses="0" visitedMethods="0" numMethods="1" />
              <MetadataToken>100663474</MetadataToken>
              <Name>System.Boolean GoodPracticesChallenge.GradeBusiness/&lt;&gt;c::&lt;ModifyFinalGrade&gt;b__4_3(GoodPracticesChallenge.Grade)</Name>
              <FileRef uid="7" />
              <SequencePoints>
                <SequencePoint vc="0" uspid="200" ordinal="0" offset="0" sl="64" sc="54" el="64" ec="78" bec="0" bev="0" fileid="7" />
              </SequencePoints>
              <BranchPoints />
              <MethodPoint xsi:type="SequencePoint" vc="0" uspid="200" ordinal="0" offset="0" sl="64" sc="54" el="64" ec="78" bec="0" bev="0" fileid="7" />
            </Method>
          </Methods>
        </Class>
        <Class>
          <Summary numSequencePoints="1" visitedSequencePoints="0" numBranchPoints="1" visitedBranchPoints="0" sequenceCoverage="0" branchCoverage="0" maxCyclomaticComplexity="1" minCyclomaticComplexity="1" maxCrapScore="2" minCrapScore="2" visitedClasses="0" numClasses="1" visitedMethods="0" numMethods="1" />
          <FullName>GoodPracticesChallenge.GradeBusiness/&lt;&gt;c__DisplayClass4_0</FullName>
          <Methods>
            <Method visited="false" cyclomaticComplexity="1" nPathComplexity="0" sequenceCoverage="0" branchCoverage="0" crapScore="2" isConstructor="true" isStatic="false" isGetter="false" isSetter="false">
              <Summary numSequencePoints="0" visitedSequencePoints="0" numBranchPoints="0" visitedBranchPoints="0" sequenceCoverage="0" branchCoverage="0" maxCyclomaticComplexity="1" minCyclomaticComplexity="1" maxCrapScore="2" minCrapScore="2" visitedClasses="0" numClasses="0" visitedMethods="0" numMethods="0" />
              <MetadataToken>100663475</MetadataToken>
              <Name>System.Void GoodPracticesChallenge.GradeBusiness/&lt;&gt;c__DisplayClass4_0::.ctor()</Name>
              <SequencePoints />
              <BranchPoints />
              <MethodPoint vc="0" uspid="201" ordinal="0" offset="0" />
            </Method>
            <Method visited="false" cyclomaticComplexity="1" nPathComplexity="0" sequenceCoverage="0" branchCoverage="0" crapScore="2" isConstructor="false" isStatic="false" isGetter="false" isSetter="false">
              <Summary numSequencePoints="1" visitedSequencePoints="0" numBranchPoints="1" visitedBranchPoints="0" sequenceCoverage="0" branchCoverage="0" maxCyclomaticComplexity="1" minCyclomaticComplexity="1" maxCrapScore="2" minCrapScore="2" visitedClasses="0" numClasses="0" visitedMethods="0" numMethods="1" />
              <MetadataToken>100663476</MetadataToken>
              <Name>System.Boolean GoodPracticesChallenge.GradeBusiness/&lt;&gt;c__DisplayClass4_0::&lt;ModifyFinalGrade&gt;b__2(GoodPracticesChallenge.Grade)</Name>
              <FileRef uid="7" />
              <SequencePoints>
                <SequencePoint vc="0" uspid="202" ordinal="0" offset="0" sl="63" sc="56" el="63" ec="76" bec="0" bev="0" fileid="7" />
              </SequencePoints>
              <BranchPoints />
              <MethodPoint xsi:type="SequencePoint" vc="0" uspid="202" ordinal="0" offset="0" sl="63" sc="56" el="63" ec="76" bec="0" bev="0" fileid="7" />
            </Method>
          </Methods>
        </Class>
        <Class>
          <Summary numSequencePoints="12" visitedSequencePoints="0" numBranchPoints="4" visitedBranchPoints="0" sequenceCoverage="0" branchCoverage="0" maxCyclomaticComplexity="2" minCyclomaticComplexity="1" maxCrapScore="6" minCrapScore="2" visitedClasses="0" numClasses="1" visitedMethods="0" numMethods="2" />
          <FullName>GoodPracticesChallenge.StudentBusiness</FullName>
          <Methods>
            <Method visited="false" cyclomaticComplexity="1" nPathComplexity="0" sequenceCoverage="0" branchCoverage="0" crapScore="2" isConstructor="true" isStatic="false" isGetter="false" isSetter="false">
              <Summary numSequencePoints="5" visitedSequencePoints="0" numBranchPoints="1" visitedBranchPoints="0" sequenceCoverage="0" branchCoverage="0" maxCyclomaticComplexity="1" minCyclomaticComplexity="1" maxCrapScore="2" minCrapScore="2" visitedClasses="0" numClasses="0" visitedMethods="0" numMethods="1" />
              <MetadataToken>100663333</MetadataToken>
              <Name>System.Void GoodPracticesChallenge.StudentBusiness::.ctor(GoodPracticesChallenge.IForeignLanguageDAO,GoodPracticesChallenge.IStudentDAO)</Name>
              <FileRef uid="11" />
              <SequencePoints>
                <SequencePoint vc="0" uspid="203" ordinal="0" offset="0" sl="15" sc="3" el="15" ec="89" bec="0" bev="0" fileid="11" />
                <SequencePoint vc="0" uspid="204" ordinal="1" offset="7" sl="16" sc="3" el="16" ec="4" bec="0" bev="0" fileid="11" />
                <SequencePoint vc="0" uspid="205" ordinal="2" offset="8" sl="17" sc="4" el="17" ec="45" bec="0" bev="0" fileid="11" />
                <SequencePoint vc="0" uspid="206" ordinal="3" offset="15" sl="18" sc="4" el="18" ec="29" bec="0" bev="0" fileid="11" />
                <SequencePoint vc="0" uspid="207" ordinal="4" offset="22" sl="19" sc="3" el="19" ec="4" bec="0" bev="0" fileid="11" />
              </SequencePoints>
              <BranchPoints />
              <MethodPoint xsi:type="SequencePoint" vc="0" uspid="203" ordinal="0" offset="0" sl="15" sc="3" el="15" ec="89" bec="0" bev="0" fileid="11" />
            </Method>
            <Method visited="false" cyclomaticComplexity="2" nPathComplexity="2" sequenceCoverage="0" branchCoverage="0" crapScore="6" isConstructor="false" isStatic="false" isGetter="false" isSetter="false">
              <Summary numSequencePoints="7" visitedSequencePoints="0" numBranchPoints="3" visitedBranchPoints="0" sequenceCoverage="0" branchCoverage="0" maxCyclomaticComplexity="2" minCyclomaticComplexity="2" maxCrapScore="6" minCrapScore="6" visitedClasses="0" numClasses="0" visitedMethods="0" numMethods="1" />
              <MetadataToken>100663334</MetadataToken>
              <Name>System.Void GoodPracticesChallenge.StudentBusiness::AssingForeingLanguage(System.Int32,System.Int32)</Name>
              <FileRef uid="11" />
              <SequencePoints>
                <SequencePoint vc="0" uspid="208" ordinal="0" offset="0" sl="22" sc="3" el="22" ec="4" bec="0" bev="0" fileid="11" />
                <SequencePoint vc="0" uspid="209" ordinal="1" offset="1" sl="23" sc="4" el="23" ec="69" bec="0" bev="0" fileid="11" />
                <SequencePoint vc="0" uspid="210" ordinal="2" offset="14" sl="24" sc="4" el="24" ec="32" bec="2" bev="0" fileid="11" />
                <SequencePoint vc="0" uspid="211" ordinal="3" offset="22" sl="25" sc="4" el="25" ec="5" bec="0" bev="0" fileid="11" />
                <SequencePoint vc="0" uspid="212" ordinal="4" offset="23" sl="26" sc="5" el="26" ec="51" bec="0" bev="0" fileid="11" />
                <SequencePoint vc="0" uspid="213" ordinal="5" offset="37" sl="27" sc="4" el="27" ec="5" bec="0" bev="0" fileid="11" />
                <SequencePoint vc="0" uspid="214" ordinal="6" offset="38" sl="30" sc="3" el="30" ec="4" bec="0" bev="0" fileid="11" />
              </SequencePoints>
              <BranchPoints>
                <BranchPoint vc="0" uspid="215" ordinal="0" offset="20" sl="24" path="0" offsetend="22" fileid="11" />
                <BranchPoint vc="0" uspid="216" ordinal="1" offset="20" sl="24" path="1" offsetend="38" fileid="11" />
              </BranchPoints>
              <MethodPoint xsi:type="SequencePoint" vc="0" uspid="208" ordinal="0" offset="0" sl="22" sc="3" el="22" ec="4" bec="0" bev="0" fileid="11" />
            </Method>
          </Methods>
        </Class>
        <Class>
          <Summary numSequencePoints="13" visitedSequencePoints="0" numBranchPoints="4" visitedBranchPoints="0" sequenceCoverage="0" branchCoverage="0" maxCyclomaticComplexity="3" minCyclomaticComplexity="1" maxCrapScore="12" minCrapScore="2" visitedClasses="0" numClasses="1" visitedMethods="0" numMethods="2" />
          <FullName>GoodPracticesChallenge.TeacherBusiness</FullName>
          <Methods>
            <Method visited="false" cyclomaticComplexity="1" nPathComplexity="0" sequenceCoverage="0" branchCoverage="0" crapScore="2" isConstructor="true" isStatic="false" isGetter="false" isSetter="false">
              <Summary numSequencePoints="5" visitedSequencePoints="0" numBranchPoints="1" visitedBranchPoints="0" sequenceCoverage="0" branchCoverage="0" maxCyclomaticComplexity="1" minCyclomaticComplexity="1" maxCrapScore="2" minCrapScore="2" visitedClasses="0" numClasses="0" visitedMethods="0" numMethods="1" />
              <MetadataToken>100663335</MetadataToken>
              <Name>System.Void GoodPracticesChallenge.TeacherBusiness::.ctor(GoodPracticesChallenge.ITeacherDAO,GoodPracticesChallenge.ICourseDAO)</Name>
              <FileRef uid="12" />
              <SequencePoints>
                <SequencePoint vc="0" uspid="217" ordinal="0" offset="0" sl="14" sc="3" el="14" ec="71" bec="0" bev="0" fileid="12" />
                <SequencePoint vc="0" uspid="218" ordinal="1" offset="7" sl="15" sc="3" el="15" ec="4" bec="0" bev="0" fileid="12" />
                <SequencePoint vc="0" uspid="219" ordinal="2" offset="8" sl="16" sc="4" el="16" ec="29" bec="0" bev="0" fileid="12" />
                <SequencePoint vc="0" uspid="220" ordinal="3" offset="15" sl="17" sc="4" el="17" ec="27" bec="0" bev="0" fileid="12" />
                <SequencePoint vc="0" uspid="221" ordinal="4" offset="22" sl="18" sc="3" el="18" ec="4" bec="0" bev="0" fileid="12" />
              </SequencePoints>
              <BranchPoints />
              <MethodPoint xsi:type="SequencePoint" vc="0" uspid="217" ordinal="0" offset="0" sl="14" sc="3" el="14" ec="71" bec="0" bev="0" fileid="12" />
            </Method>
            <Method visited="false" cyclomaticComplexity="3" nPathComplexity="2" sequenceCoverage="0" branchCoverage="0" crapScore="12" isConstructor="false" isStatic="false" isGetter="false" isSetter="false">
              <Summary numSequencePoints="8" visitedSequencePoints="0" numBranchPoints="3" visitedBranchPoints="0" sequenceCoverage="0" branchCoverage="0" maxCyclomaticComplexity="3" minCyclomaticComplexity="3" maxCrapScore="12" minCrapScore="12" visitedClasses="0" numClasses="0" visitedMethods="0" numMethods="1" />
              <MetadataToken>100663336</MetadataToken>
              <Name>System.Void GoodPracticesChallenge.TeacherBusiness::AssingCourse(System.Int32,System.Int32)</Name>
              <FileRef uid="12" />
              <SequencePoints>
                <SequencePoint vc="0" uspid="222" ordinal="0" offset="0" sl="21" sc="3" el="21" ec="4" bec="0" bev="0" fileid="12" />
                <SequencePoint vc="0" uspid="223" ordinal="1" offset="1" sl="23" sc="13" el="23" ec="66" bec="0" bev="0" fileid="12" />
                <SequencePoint vc="0" uspid="224" ordinal="2" offset="14" sl="24" sc="13" el="24" ec="70" bec="0" bev="0" fileid="12" />
                <SequencePoint vc="0" uspid="225" ordinal="3" offset="27" sl="25" sc="4" el="25" ec="42" bec="2" bev="0" fileid="12" />
                <SequencePoint vc="0" uspid="226" ordinal="4" offset="41" sl="26" sc="4" el="26" ec="5" bec="0" bev="0" fileid="12" />
                <SequencePoint vc="0" uspid="227" ordinal="5" offset="42" sl="27" sc="5" el="27" ec="74" bec="0" bev="0" fileid="12" />
                <SequencePoint vc="0" uspid="228" ordinal="6" offset="66" sl="28" sc="4" el="28" ec="5" bec="0" bev="0" fileid="12" />
                <SequencePoint vc="0" uspid="229" ordinal="7" offset="67" sl="31" sc="3" el="31" ec="4" bec="0" bev="0" fileid="12" />
              </SequencePoints>
              <BranchPoints>
                <BranchPoint vc="0" uspid="232" ordinal="2" offset="39" sl="25" path="0" offsetend="41" fileid="12" />
                <BranchPoint vc="0" uspid="233" ordinal="3" offset="39" sl="25" path="1" offsetend="67" fileid="12" />
              </BranchPoints>
              <MethodPoint xsi:type="SequencePoint" vc="0" uspid="222" ordinal="0" offset="0" sl="21" sc="3" el="21" ec="4" bec="0" bev="0" fileid="12" />
            </Method>
          </Methods>
        </Class>
        <Class>
          <Summary numSequencePoints="3" visitedSequencePoints="0" numBranchPoints="1" visitedBranchPoints="0" sequenceCoverage="0" branchCoverage="0" maxCyclomaticComplexity="1" minCyclomaticComplexity="1" maxCrapScore="2" minCrapScore="2" visitedClasses="0" numClasses="1" visitedMethods="0" numMethods="1" />
          <FullName>GoodPracticesChallenge.Messaging</FullName>
          <Methods>
            <Method visited="false" cyclomaticComplexity="1" nPathComplexity="0" sequenceCoverage="0" branchCoverage="0" crapScore="2" isConstructor="false" isStatic="false" isGetter="false" isSetter="false">
              <Summary numSequencePoints="3" visitedSequencePoints="0" numBranchPoints="1" visitedBranchPoints="0" sequenceCoverage="0" branchCoverage="0" maxCyclomaticComplexity="1" minCyclomaticComplexity="1" maxCrapScore="2" minCrapScore="2" visitedClasses="0" numClasses="0" visitedMethods="0" numMethods="1" />
              <MetadataToken>100663337</MetadataToken>
              <Name>System.Void GoodPracticesChallenge.Messaging::DisplayMessage(System.String)</Name>
              <FileRef uid="13" />
              <SequencePoints>
                <SequencePoint vc="0" uspid="234" ordinal="0" offset="0" sl="12" sc="3" el="12" ec="4" bec="0" bev="0" fileid="13" />
                <SequencePoint vc="0" uspid="235" ordinal="1" offset="1" sl="13" sc="4" el="13" ec="31" bec="0" bev="0" fileid="13" />
                <SequencePoint vc="0" uspid="236" ordinal="2" offset="8" sl="14" sc="3" el="14" ec="4" bec="0" bev="0" fileid="13" />
              </SequencePoints>
              <BranchPoints />
              <MethodPoint xsi:type="SequencePoint" vc="0" uspid="234" ordinal="0" offset="0" sl="12" sc="3" el="12" ec="4" bec="0" bev="0" fileid="13" />
            </Method>
            <Method visited="false" cyclomaticComplexity="1" nPathComplexity="0" sequenceCoverage="0" branchCoverage="0" crapScore="2" isConstructor="true" isStatic="false" isGetter="false" isSetter="false">
              <Summary numSequencePoints="0" visitedSequencePoints="0" numBranchPoints="0" visitedBranchPoints="0" sequenceCoverage="0" branchCoverage="0" maxCyclomaticComplexity="1" minCyclomaticComplexity="1" maxCrapScore="2" minCrapScore="2" visitedClasses="0" numClasses="0" visitedMethods="0" numMethods="0" />
              <MetadataToken>100663338</MetadataToken>
              <Name>System.Void GoodPracticesChallenge.Messaging::.ctor()</Name>
              <SequencePoints />
              <BranchPoints />
              <MethodPoint vc="0" uspid="237" ordinal="0" offset="0" />
            </Method>
          </Methods>
        </Class>
        <Class>
          <Summary numSequencePoints="11" visitedSequencePoints="3" numBranchPoints="3" visitedBranchPoints="1" sequenceCoverage="27.27" branchCoverage="33.33" maxCyclomaticComplexity="1" minCyclomaticComplexity="1" maxCrapScore="2" minCrapScore="1" visitedClasses="1" numClasses="1" visitedMethods="1" numMethods="3" />
          <FullName>GoodPracticesChallenge.Course</FullName>
          <Methods>
            <Method skippedDueTo="AutoImplementedProperty" visited="false" cyclomaticComplexity="1" nPathComplexity="0" sequenceCoverage="0" branchCoverage="0" crapScore="0" isConstructor="false" isStatic="false" isGetter="true" isSetter="false">
              <MetadataToken>100663341</MetadataToken>
              <Name>System.Int32 GoodPracticesChallenge.Course::get_Id()</Name>
              <FileRef uid="14" />
              <SequencePoints />
              <BranchPoints />
            </Method>
[...]
              <Name>System.Void GoodPracticesChallenge.TeacherDAO/&lt;&gt;c::.ctor()</Name>
              <SequencePoints />
              <BranchPoints />
              <MethodPoint vc="0" uspid="1001" ordinal="0" offset="0" />
            </Method>
          </Methods>
        </Class>
        <Class>
          <Summary numSequencePoints="0" visitedSequencePoints="0" numBranchPoints="0" visitedBranchPoints="0" sequenceCoverage="0" branchCoverage="0" maxCyclomaticComplexity="1" minCyclomaticComplexity="1" maxCrapScore="2" minCrapScore="2" visitedClasses="0" numClasses="0" visitedMethods="0" numMethods="0" />
          <FullName>GoodPracticesChallenge.TeacherDAO/&lt;&gt;c__DisplayClass7_0</FullName>
          <Methods>
            <Method visited="false" cyclomaticComplexity="1" nPathComplexity="0" sequenceCoverage="0" branchCoverage="0" crapScore="2" isConstructor="true" isStatic="false" isGetter="false" isSetter="false">
              <Summary numSequencePoints="0" visitedSequencePoints="0" numBranchPoints="0" visitedBranchPoints="0" sequenceCoverage="0" branchCoverage="0" maxCyclomaticComplexity="1" minCyclomaticComplexity="1" maxCrapScore="2" minCrapScore="2" visitedClasses="0" numClasses="0" visitedMethods="0" numMethods="0" />
              <MetadataToken>100663495</MetadataToken>
              <Name>System.Void GoodPracticesChallenge.TeacherDAO/&lt;&gt;c__DisplayClass7_0::.ctor()</Name>
              <SequencePoints />
              <BranchPoints />
              <MethodPoint vc="0" uspid="1002" ordinal="0" offset="0" />
            </Method>
          </Methods>
        </Class>
        <Class>
          <Summary numSequencePoints="0" visitedSequencePoints="0" numBranchPoints="0" visitedBranchPoints="0" sequenceCoverage="0" branchCoverage="0" maxCyclomaticComplexity="1" minCyclomaticComplexity="1" maxCrapScore="2" minCrapScore="2" visitedClasses="0" numClasses="0" visitedMethods="0" numMethods="0" />
          <FullName>GoodPracticesChallenge.TeacherDAO/&lt;&gt;c__DisplayClass8_0</FullName>
          <Methods>
            <Method visited="false" cyclomaticComplexity="1" nPathComplexity="0" sequenceCoverage="0" branchCoverage="0" crapScore="2" isConstructor="true" isStatic="false" isGetter="false" isSetter="false">
              <Summary numSequencePoints="0" visitedSequencePoints="0" numBranchPoints="0" visitedBranchPoints="0" sequenceCoverage="0" branchCoverage="0" maxCyclomaticComplexity="1" minCyclomaticComplexity="1" maxCrapScore="2" minCrapScore="2" visitedClasses="0" numClasses="0" visitedMethods="0" numMethods="0" />
              <MetadataToken>100663496</MetadataToken>
              <Name>System.Void GoodPracticesChallenge.TeacherDAO/&lt;&gt;c__DisplayClass8_0::.ctor()</Name>
              <SequencePoints />
              <BranchPoints />
              <MethodPoint vc="0" uspid="1003" ordinal="0" offset="0" />
            </Method>
          </Methods>
        </Class>
        <Class>
          <Summary numSequencePoints="14" visitedSequencePoints="0" numBranchPoints="1" visitedBranchPoints="0" sequenceCoverage="0" branchCoverage="0" maxCyclomaticComplexity="1" minCyclomaticComplexity="1" maxCrapScore="2" minCrapScore="2" visitedClasses="0" numClasses="1" visitedMethods="0" numMethods="1" />
          <FullName>GoodPracticesChallenge.RegistDependencies</FullName>
          <Methods>
            <Method visited="false" cyclomaticComplexity="1" nPathComplexity="0" sequenceCoverage="0" branchCoverage="0" crapScore="2" isConstructor="false" isStatic="true" isGetter="false" isSetter="false">
              <Summary numSequencePoints="14" visitedSequencePoints="0" numBranchPoints="1" visitedBranchPoints="0" sequenceCoverage="0" branchCoverage="0" maxCyclomaticComplexity="1" minCyclomaticComplexity="1" maxCrapScore="2" minCrapScore="2" visitedClasses="0" numClasses="0" visitedMethods="0" numMethods="1" />
              <MetadataToken>100663460</MetadataToken>
              <Name>System.Void GoodPracticesChallenge.RegistDependencies::Regist()</Name>
              <FileRef uid="29" />
              <SequencePoints>
                <SequencePoint vc="0" uspid="1004" ordinal="0" offset="0" sl="15" sc="9" el="15" ec="10" bec="0" bev="0" fileid="29" />
                <SequencePoint vc="0" uspid="1005" ordinal="1" offset="1" sl="16" sc="13" el="16" ec="50" bec="0" bev="0" fileid="29" />
                <SequencePoint vc="0" uspid="1006" ordinal="2" offset="7" sl="17" sc="13" el="17" ec="72" bec="0" bev="0" fileid="29" />
                <SequencePoint vc="0" uspid="1007" ordinal="3" offset="19" sl="18" sc="13" el="18" ec="76" bec="0" bev="0" fileid="29" />
                <SequencePoint vc="0" uspid="1008" ordinal="4" offset="31" sl="19" sc="13" el="19" ec="64" bec="0" bev="0" fileid="29" />
                <SequencePoint vc="0" uspid="1009" ordinal="5" offset="43" sl="20" sc="13" el="20" ec="76" bec="0" bev="0" fileid="29" />
                <SequencePoint vc="0" uspid="1010" ordinal="6" offset="55" sl="21" sc="13" el="21" ec="64" bec="0" bev="0" fileid="29" />
                <SequencePoint vc="0" uspid="1011" ordinal="7" offset="67" sl="22" sc="13" el="22" ec="82" bec="0" bev="0" fileid="29" />
                <SequencePoint vc="0" uspid="1012" ordinal="8" offset="79" sl="23" sc="13" el="23" ec="66" bec="0" bev="0" fileid="29" />
                <SequencePoint vc="0" uspid="1013" ordinal="9" offset="91" sl="24" sc="13" el="24" ec="66" bec="0" bev="0" fileid="29" />
                <SequencePoint vc="0" uspid="1014" ordinal="10" offset="103" sl="25" sc="13" el="25" ec="66" bec="0" bev="0" fileid="29" />
                <SequencePoint vc="0" uspid="1015" ordinal="11" offset="115" sl="26" sc="13" el="26" ec="76" bec="0" bev="0" fileid="29" />
                <SequencePoint vc="0" uspid="1016" ordinal="12" offset="127" sl="28" sc="13" el="28" ec="41" bec="0" bev="0" fileid="29" />
                <SequencePoint vc="0" uspid="1017" ordinal="13" offset="139" sl="29" sc="9" el="29" ec="10" bec="0" bev="0" fileid="29" />
              </SequencePoints>
              <BranchPoints />
              <MethodPoint xsi:type="SequencePoint" vc="0" uspid="1004" ordinal="0" offset="0" sl="15" sc="9" el="15" ec="10" bec="0" bev="0" fileid="29" />
            </Method>
          </Methods>
        </Class>
        <Class>
          <Summary numSequencePoints="18" visitedSequencePoints="0" numBranchPoints="6" visitedBranchPoints="0" sequenceCoverage="0" branchCoverage="0" maxCyclomaticComplexity="1" minCyclomaticComplexity="1" maxCrapScore="2" minCrapScore="2" visitedClasses="0" numClasses="1" visitedMethods="0" numMethods="6" />
          <FullName>GoodPracticesChallenge.Migrations.CreateDB</FullName>
          <Methods>
            <Method visited="false" cyclomaticComplexity="1" nPathComplexity="0" sequenceCoverage="0" branchCoverage="0" crapScore="2" isConstructor="false" isStatic="false" isGetter="true" isSetter="false">
              <Summary numSequencePoints="3" visitedSequencePoints="0" numBranchPoints="1" visitedBranchPoints="0" sequenceCoverage="0" branchCoverage="0" maxCyclomaticComplexity="1" minCyclomaticComplexity="1" maxCrapScore="2" minCrapScore="2" visitedClasses="0" numClasses="0" visitedMethods="0" numMethods="1" />
              <MetadataToken>100663463</MetadataToken>
              <Name>System.String GoodPracticesChallenge.Migrations.CreateDB::System.Data.Entity.Migrations.Infrastructure.IMigrationMetadata.get_Id()</Name>
              <FileRef uid="31" />
              <SequencePoints>
                <SequencePoint vc="0" uspid="1018" ordinal="0" offset="0" sl="16" sc="17" el="16" ec="18" bec="0" bev="0" fileid="31" />
                <SequencePoint vc="0" uspid="1019" ordinal="1" offset="1" sl="16" sc="19" el="16" ec="53" bec="0" bev="0" fileid="31" />
                <SequencePoint vc="0" uspid="1020" ordinal="2" offset="9" sl="16" sc="54" el="16" ec="55" bec="0" bev="0" fileid="31" />
              </SequencePoints>
              <BranchPoints />
              <MethodPoint xsi:type="SequencePoint" vc="0" uspid="1018" ordinal="0" offset="0" sl="16" sc="17" el="16" ec="18" bec="0" bev="0" fileid="31" />
            </Method>
            <Method visited="false" cyclomaticComplexity="1" nPathComplexity="0" sequenceCoverage="0" branchCoverage="0" crapScore="2" isConstructor="false" isStatic="false" isGetter="true" isSetter="false">
              <Summary numSequencePoints="3" visitedSequencePoints="0" numBranchPoints="1" visitedBranchPoints="0" sequenceCoverage="0" branchCoverage="0" maxCyclomaticComplexity="1" minCyclomaticComplexity="1" maxCrapScore="2" minCrapScore="2" visitedClasses="0" numClasses="0" visitedMethods="0" numMethods="1" />
              <MetadataToken>100663464</MetadataToken>
              <Name>System.String GoodPracticesChallenge.Migrations.CreateDB::System.Data.Entity.Migrations.Infrastructure.IMigrationMetadata.get_Source()</Name>
              <FileRef uid="31" />
              <SequencePoints>
                <SequencePoint vc="0" uspid="1021" ordinal="0" offset="0" sl="21" sc="17" el="21" ec="18" bec="0" bev="0" fileid="31" />
                <SequencePoint vc="0" uspid="1022" ordinal="1" offset="1" sl="21" sc="19" el="21" ec="31" bec="0" bev="0" fileid="31" />
                <SequencePoint vc="0" uspid="1023" ordinal="2" offset="5" sl="21" sc="32" el="21" ec="33" bec="0" bev="0" fileid="31" />
              </SequencePoints>
              <BranchPoints />
              <MethodPoint xsi:type="SequencePoint" vc="0" uspid="1021" ordinal="0" offset="0" sl="21" sc="17" el="21" ec="18" bec="0" bev="0" fileid="31" />
            </Method>
            <Method visited="false" cyclomaticComplexity="1" nPathComplexity="0" sequenceCoverage="0" branchCoverage="0" crapScore="2" isConstructor="false" isStatic="false" isGetter="true" isSetter="false">
              <Summary numSequencePoints="3" visitedSequencePoints="0" numBranchPoints="1" visitedBranchPoints="0" sequenceCoverage="0" branchCoverage="0" maxCyclomaticComplexity="1" minCyclomaticComplexity="1" maxCrapScore="2" minCrapScore="2" visitedClasses="0" numClasses="0" visitedMethods="0" numMethods="1" />
              <MetadataToken>100663465</MetadataToken>
              <Name>System.String GoodPracticesChallenge.Migrations.CreateDB::System.Data.Entity.Migrations.Infrastructure.IMigrationMetadata.get_Target()</Name>
              <FileRef uid="31" />
              <SequencePoints>
                <SequencePoint vc="0" uspid="1024" ordinal="0" offset="0" sl="26" sc="17" el="26" ec="18" bec="0" bev="0" fileid="31" />
                <SequencePoint vc="0" uspid="1025" ordinal="1" offset="1" sl="26" sc="19" el="26" ec="56" bec="0" bev="0" fileid="31" />
                <SequencePoint vc="0" uspid="1026" ordinal="2" offset="20" sl="26" sc="57" el="26" ec="58" bec="0" bev="0" fileid="31" />
              </SequencePoints>
              <BranchPoints />
              <MethodPoint xsi:type="SequencePoint" vc="0" uspid="1024" ordinal="0" offset="0" sl="26" sc="17" el="26" ec="18" bec="0" bev="0" fileid="31" />
            </Method>
            <Method visited="false" cyclomaticComplexity="1" nPathComplexity="0" sequenceCoverage="0" branchCoverage="0" crapScore="2" isConstructor="false" isStatic="false" isGetter="false" isSetter="false">
              <Summary numSequencePoints="4" visitedSequencePoints="0" numBranchPoints="1" visitedBranchPoints="0" sequenceCoverage="0" branchCoverage="0" maxCyclomaticComplexity="1" minCyclomaticComplexity="1" maxCrapScore="2" minCrapScore="2" visitedClasses="0" numClasses="0" visitedMethods="0" numMethods="1" />
              <MetadataToken>100663461</MetadataToken>
              <Name>System.Void GoodPracticesChallenge.Migrations.CreateDB::Up()</Name>
              <FileRef uid="30" />
              <SequencePoints>
                <SequencePoint vc="0" uspid="1027" ordinal="0" offset="0" sl="9" sc="9" el="9" ec="10" bec="0" bev="0" fileid="30" />
                <SequencePoint vc="0" uspid="1028" ordinal="1" offset="1" sl="10" sc="13" el="10" ec="61" bec="0" bev="0" fileid="30" />
                <SequencePoint vc="0" uspid="1029" ordinal="2" offset="28" sl="11" sc="13" el="11" ec="53" bec="0" bev="0" fileid="30" />
                <SequencePoint vc="0" uspid="1030" ordinal="3" offset="49" sl="12" sc="9" el="12" ec="10" bec="0" bev="0" fileid="30" />
              </SequencePoints>
              <BranchPoints />
              <MethodPoint xsi:type="SequencePoint" vc="0" uspid="1027" ordinal="0" offset="0" sl="9" sc="9" el="9" ec="10" bec="0" bev="0" fileid="30" />
            </Method>
            <Method visited="false" cyclomaticComplexity="1" nPathComplexity="0" sequenceCoverage="0" branchCoverage="0" crapScore="2" isConstructor="false" isStatic="false" isGetter="false" isSetter="false">
              <Summary numSequencePoints="4" visitedSequencePoints="0" numBranchPoints="1" visitedBranchPoints="0" sequenceCoverage="0" branchCoverage="0" maxCyclomaticComplexity="1" minCyclomaticComplexity="1" maxCrapScore="2" minCrapScore="2" visitedClasses="0" numClasses="0" visitedMethods="0" numMethods="1" />
              <MetadataToken>100663462</MetadataToken>
              <Name>System.Void GoodPracticesChallenge.Migrations.CreateDB::Down()</Name>
              <FileRef uid="30" />
              <SequencePoints>
                <SequencePoint vc="0" uspid="1031" ordinal="0" offset="0" sl="15" sc="9" el="15" ec="10" bec="0" bev="0" fileid="30" />
                <SequencePoint vc="0" uspid="1032" ordinal="1" offset="1" sl="16" sc="13" el="16" ec="61" bec="0" bev="0" fileid="30" />
                <SequencePoint vc="0" uspid="1033" ordinal="2" offset="28" sl="17" sc="13" el="17" ec="53" bec="0" bev="0" fileid="30" />
                <SequencePoint vc="0" uspid="1034" ordinal="3" offset="49" sl="18" sc="9" el="18" ec="10" bec="0" bev="0" fileid="30" />
              </SequencePoints>
              <BranchPoints />
              <MethodPoint xsi:type="SequencePoint" vc="0" uspid="1031" ordinal="0" offset="0" sl="15" sc="9" el="15" ec="10" bec="0" bev="0" fileid="30" />
            </Method>
            <Method visited="false" cyclomaticComplexity="1" nPathComplexity="0" sequenceCoverage="0" branchCoverage="0" crapScore="2" isConstructor="true" isStatic="false" isGetter="false" isSetter="false">
              <Summary numSequencePoints="1" visitedSequencePoints="0" numBranchPoints="1" visitedBranchPoints="0" sequenceCoverage="0" branchCoverage="0" maxCyclomaticComplexity="1" minCyclomaticComplexity="1" maxCrapScore="2" minCrapScore="2" visitedClasses="0" numClasses="0" visitedMethods="0" numMethods="1" />
              <MetadataToken>100663466</MetadataToken>
              <Name>System.Void GoodPracticesChallenge.Migrations.CreateDB::.ctor()</Name>
              <FileRef uid="31" />
              <SequencePoints>
                <SequencePoint vc="0" uspid="1035" ordinal="0" offset="0" sl="12" sc="9" el="12" ec="92" bec="0" bev="0" fileid="31" />
              </SequencePoints>
              <BranchPoints />
              <MethodPoint xsi:type="SequencePoint" vc="0" uspid="1035" ordinal="0" offset="0" sl="12" sc="9" el="12" ec="92" bec="0" bev="0" fileid="31" />
            </Method>
          </Methods>
        </Class>
        <Class>
          <Summary numSequencePoints="6" visitedSequencePoints="0" numBranchPoints="2" visitedBranchPoints="0" sequenceCoverage="0" branchCoverage="0" maxCyclomaticComplexity="1" minCyclomaticComplexity="1" maxCrapScore="2" minCrapScore="2" visitedClasses="0" numClasses="1" visitedMethods="0" numMethods="2" />
          <FullName>GoodPracticesChallenge.Migrations.Configuration</FullName>
          <Methods>
            <Method visited="false" cyclomaticComplexity="1" nPathComplexity="0" sequenceCoverage="0" branchCoverage="0" crapScore="2" isConstructor="true" isStatic="false" isGetter="false" isSetter="false">
              <Summary numSequencePoints="4" visitedSequencePoints="0" numBranchPoints="1" visitedBranchPoints="0" sequenceCoverage="0" branchCoverage="0" maxCyclomaticComplexity="1" minCyclomaticComplexity="1" maxCrapScore="2" minCrapScore="2" visitedClasses="0" numClasses="0" visitedMethods="0" numMethods="1" />
              <MetadataToken>100663467</MetadataToken>
              <Name>System.Void GoodPracticesChallenge.Migrations.Configuration::.ctor()</Name>
              <FileRef uid="32" />
              <SequencePoints>
                <SequencePoint vc="0" uspid="1036" ordinal="0" offset="0" sl="10" sc="9" el="10" ec="31" bec="0" bev="0" fileid="32" />
                <SequencePoint vc="0" uspid="1037" ordinal="1" offset="7" sl="11" sc="9" el="11" ec="10" bec="0" bev="0" fileid="32" />
                <SequencePoint vc="0" uspid="1038" ordinal="2" offset="8" sl="12" sc="13" el="12" ec="48" bec="0" bev="0" fileid="32" />
                <SequencePoint vc="0" uspid="1039" ordinal="3" offset="16" sl="13" sc="9" el="13" ec="10" bec="0" bev="0" fileid="32" />
              </SequencePoints>
              <BranchPoints />
              <MethodPoint xsi:type="SequencePoint" vc="0" uspid="1036" ordinal="0" offset="0" sl="10" sc="9" el="10" ec="31" bec="0" bev="0" fileid="32" />
            </Method>
            <Method visited="false" cyclomaticComplexity="1" nPathComplexity="0" sequenceCoverage="0" branchCoverage="0" crapScore="2" isConstructor="false" isStatic="false" isGetter="false" isSetter="false">
              <Summary numSequencePoints="2" visitedSequencePoints="0" numBranchPoints="1" visitedBranchPoints="0" sequenceCoverage="0" branchCoverage="0" maxCyclomaticComplexity="1" minCyclomaticComplexity="1" maxCrapScore="2" minCrapScore="2" visitedClasses="0" numClasses="0" visitedMethods="0" numMethods="1" />
              <MetadataToken>100663468</MetadataToken>
              <Name>System.Void GoodPracticesChallenge.Migrations.Configuration::Seed(GoodPracticesChallenge.DataBaseContext)</Name>
              <FileRef uid="32" />
              <SequencePoints>
                <SequencePoint vc="0" uspid="1040" ordinal="0" offset="0" sl="16" sc="9" el="16" ec="10" bec="0" bev="0" fileid="32" />
                <SequencePoint vc="0" uspid="1041" ordinal="1" offset="1" sl="21" sc="9" el="21" ec="10" bec="0" bev="0" fileid="32" />
              </SequencePoints>
              <BranchPoints />
              <MethodPoint xsi:type="SequencePoint" vc="0" uspid="1040" ordinal="0" offset="0" sl="16" sc="9" el="16" ec="10" bec="0" bev="0" fileid="32" />
            </Method>
          </Methods>
        </Class>
        <Class>
          <Summary numSequencePoints="0" visitedSequencePoints="0" numBranchPoints="0" visitedBranchPoints="0" sequenceCoverage="0" branchCoverage="0" maxCyclomaticComplexity="3" minCyclomaticComplexity="3" maxCrapScore="12" minCrapScore="12" visitedClasses="0" numClasses="0" visitedMethods="0" numMethods="0" />
          <FullName>&lt;PrivateImplementationDetails&gt;</FullName>
          <Methods>
            <Method visited="false" cyclomaticComplexity="3" nPathComplexity="0" sequenceCoverage="0" branchCoverage="0" crapScore="12" isConstructor="false" isStatic="true" isGetter="false" isSetter="false">
              <Summary numSequencePoints="0" visitedSequencePoints="0" numBranchPoints="0" visitedBranchPoints="0" sequenceCoverage="0" branchCoverage="0" maxCyclomaticComplexity="3" minCyclomaticComplexity="3" maxCrapScore="12" minCrapScore="12" visitedClasses="0" numClasses="0" visitedMethods="0" numMethods="0" />
              <MetadataToken>100663469</MetadataToken>
              <Name>System.UInt32 &lt;PrivateImplementationDetails&gt;::ComputeStringHash(System.String)</Name>
              <SequencePoints />
              <BranchPoints />
              <MethodPoint vc="0" uspid="1042" ordinal="0" offset="0" />
            </Method>
          </Methods>
        </Class>
      </Classes>
      <TrackedMethods />
    </Module>
  </Modules>
</CoverageSession>